<?xml version="1.0" encoding="UTF-8"?>
<!-- Generated by org.testng.reporters.JUnitReportReporter -->
<testsuite hostname="LAPTOP-SF32JU0L" failures="0" tests="1" name="com.diningedge.Regression.DiningEdgeLoginTest" time="29.025" errors="0" timestamp="2022-12-07T12:34:01 IST" skipped="0">
  <testcase classname="com.diningedge.Regression.DiningEdgeLoginTest" name="sendOrderGuideFromOrderEdge" time="29.025"/>
  <system-out>
    <![CDATA[[2022-12-07] [12:33:48:655] User enters Name= testauto
[2022-12-07] [12:33:48:795] User enters Password =123456
[2022-12-07] [12:33:48:882] User clicks on the Login Button !!!
[2022-12-07] [12:33:52:104] Assertion Passed: DiningEdge is present on the HomePage
[2022-12-07] [12:33:52:179] Assertion Passed: Dashboard is present on the HomePage
[2022-12-07] [12:33:52:752] User clicks on Order Edge Button !!
[2022-12-07] [12:33:52:914] User clicks on select Location dropDown !!
[2022-12-07] [12:33:53:060] User clicks on select Location loc10 from dropDown !!
[2022-12-07] [12:33:53:376] User clicks on Order Edge Button !!
[2022-12-07] [12:33:55:079] User added number of units = 2
[2022-12-07] [12:33:58:841] User clicks on the Add Cart Button !!
[2022-12-07] [12:34:01:060] User clicks on the Checkout Button !!]]>
  </system-out>
</testsuite> <!-- com.diningedge.Regression.DiningEdgeLoginTest -->
