<?xml version="1.0" encoding="UTF-8"?>
<!-- Generated by org.testng.reporters.JUnitReportReporter -->
<testsuite hostname="Automation_Love" failures="0" tests="1" name="com.diningedge.Regression.E2E_Flow" time="133.732" errors="0" timestamp="2023-02-21T18:30:30 IST" skipped="0">
  <testcase classname="com.diningedge.Regression.E2E_Flow" name="Test01_BasicFlowLogin" time="133.732"/>
  <system-out>
    <![CDATA[[2023-02-21] [18:28:55:243] User enters Name = testauto
[2023-02-21] [18:28:55:464] User enters Password =123456
[2023-02-21] [18:28:55:631] User clicks on the Login Button !!!
[2023-02-21] [18:29:05:277] Assertion Passed: DiningEdge is present on the HomePage
[2023-02-21] [18:29:05:349] Assertion Passed: Dashboard is present on the HomePage
[2023-02-21] [18:29:06:575] User clicks on Order Edge Button !!
[2023-02-21] [18:29:06:874] User clicks on select Location dropDown !!
[2023-02-21] [18:29:07:115] User clicks on select Location loc10 from dropDown !!
[2023-02-21] [18:29:13:095] User clicks on the add Product Button !!
[2023-02-21] [18:29:13:430] Assertion Passed: Create product is present on the popup
[2023-02-21] [18:29:13:575] Assertion Passed: Create product is present on the popup
[2023-02-21] [18:29:15:049] User enters the value Automation_Sysco_1 in Name
[2023-02-21] [18:29:15:161] Assertion Passed: Create product is present on the popup
[2023-02-21] [18:29:15:427] User enters the value 4 in Size
[2023-02-21] [18:29:15:751] User enters the value Unit * Dropdown !!
[2023-02-21] [18:29:19:108] User selects the value DOZ From the Dropdown !!
[2023-02-21] [18:29:19:584] User enters the value Primary Category * Dropdown !!
[2023-02-21] [18:29:22:771] User selects the value GFS From the Dropdown !!
[2023-02-21] [18:29:23:164] User enters the value Storage Dropdown !!
[2023-02-21] [18:29:26:314] User selects the value FREEZE From the Dropdown !!
[2023-02-21] [18:29:26:735] User click on the Save button
[2023-02-21] [18:29:31:213] User clicks on the Snack Bar cross button !!
[2023-02-21] [18:29:31:520] User clicks on the Open Manage Comparabls Button !!
[2023-02-21] [18:29:37:142] User adds comparabls !!
[2023-02-21] [18:29:38:975] User click on the Save and Close button
[2023-02-21] [18:29:42:265] User clicks on the cross icon
[2023-02-21] [18:29:47:436] User clicks on Order Edge Button !!
[2023-02-21] [18:29:49:195] User added number of units = 4
[2023-02-21] [18:29:53:844] User clicks on the Add Cart Button !!
[2023-02-21] [18:29:56:106] User clicks on the Checkout Button !!
[2023-02-21] [18:29:57:807] User clicks on the Submit All Button !!
[2023-02-21] [18:30:00:390] User clicks on the Snack Bar cross button !!
[2023-02-21] [18:30:01:937] Connecting to gmail...
[2023-02-21] [18:30:04:585] Connected to - imaps://diningedgetest%40gmail.com@imap.gmail.com
[2023-02-21] [18:30:05:586] Subject is :-New order : test automation (loc10)
[2023-02-21] [18:30:05:589] Connecting to gmail...
[2023-02-21] [18:30:08:407] Connected to - imaps://diningedgetest%40gmail.com@imap.gmail.com
[2023-02-21] [18:30:09:284] Subject is :-New order : test automation (loc10)
[2023-02-21] [18:30:09:287] Connecting to gmail...
[2023-02-21] [18:30:12:009] Connected to - imaps://diningedgetest%40gmail.com@imap.gmail.com
[2023-02-21] [18:30:12:863] Subject is :-New order : test automation (loc10)
[2023-02-21] [18:30:14:529] orderId #: 637
[2023-02-21] [18:30:14:531] Order Date : 02/21/2023
[2023-02-21] [18:30:14:533] Resturant Name : test automation
[2023-02-21] [18:30:14:534] Total Order Amount : $4.40
[2023-02-21] [18:30:15:283] New order : test automation (loc10) :: email deleted successfully !!
[2023-02-21] [18:30:15:284] Connecting to gmail...
[2023-02-21] [18:30:17:451] Connected to - imaps://diningedgetest%40gmail.com@imap.gmail.com
[2023-02-21] [18:30:18:343] Moved email in successfully Done!!]]>
  </system-out>
</testsuite> <!-- com.diningedge.Regression.E2E_Flow -->
