<?xml version="1.0" encoding="UTF-8"?>
<!-- Generated by org.testng.reporters.JUnitReportReporter -->
<testsuite hostname="Automation_Love" failures="0" tests="1" name="com.diningedge.Regression.SendOrderFromOG" time="61.959" errors="0" timestamp="2023-02-14T13:35:23 IST" skipped="0">
  <testcase classname="com.diningedge.Regression.SendOrderFromOG" name="sendOrderFromOG" time="61.959"/>
  <system-out>
    <![CDATA[[2023-02-14] [13:33:06:841] User enters Name = testauto
[2023-02-14] [13:33:06:943] User enters Password =123456
[2023-02-14] [13:33:07:011] User clicks on the Login Button !!!
[2023-02-14] [13:33:10:271] Assertion Passed: DiningEdge is present on the HomePage
[2023-02-14] [13:33:10:315] Assertion Passed: Dashboard is present on the HomePage
[2023-02-14] [13:33:10:794] User clicks on Order from OG Button !!
[2023-02-14] [13:33:10:927] User clicks on the Search Icon on Product List Page
[2023-02-14] [13:33:11:076] User enters the Sysco Testing To be searched
[2023-02-14] [13:33:13:329] User clicks on the Update pack pancil button !!
[2023-02-14] [13:33:13:541] USer enters the value 1 for Pack
[2023-02-14] [13:33:13:706] USer enters the value 1 for Size
[2023-02-14] [13:33:13:807] User click on the Save button
[2023-02-14] [13:33:15:799] User clicks on the Snack Bar cross button !!
[2023-02-14] [13:33:15:856] User clicks on the Update price pancil button !!
[2023-02-14] [13:33:16:022] USer enters the value 1 for Price
[2023-02-14] [13:33:16:114] User click on the Save button
[2023-02-14] [13:33:16:130] User clicks on the Update price pancil button !!
[2023-02-14] [13:33:16:978] User clicks on the Snack Bar cross button !!
[2023-02-14] [13:33:17:140] USer enters the value 1 for Sysco Testing
[2023-02-14] [13:33:21:117] User clicks on the Add Cart Button !!
[2023-02-14] [13:33:23:248] User clicks on the Checkout Button !!
[2023-02-14] [13:33:24:526] User clicks on the Submit All Button !!
[2023-02-14] [13:33:26:852] User clicks on the Snack Bar cross button !!
[2023-02-14] [13:33:27:602] Connecting to gmail...
[2023-02-14] [13:33:30:075] Connected to - imaps://diningedgetest%40gmail.com@imap.gmail.com
[2023-02-14] [13:33:40:481] Connecting to gmail...
[2023-02-14] [13:33:42:411] Connected to - imaps://diningedgetest%40gmail.com@imap.gmail.com
[2023-02-14] [13:33:43:202] Subject is :-New order : test automation (loc10)
[2023-02-14] [13:33:43:204] Connecting to gmail...
[2023-02-14] [13:33:45:683] Connected to - imaps://diningedgetest%40gmail.com@imap.gmail.com
[2023-02-14] [13:33:46:479] Subject is :-New order : test automation (loc10)
[2023-02-14] [13:33:46:482] Connecting to gmail...
[2023-02-14] [13:33:48:959] Connected to - imaps://diningedgetest%40gmail.com@imap.gmail.com
[2023-02-14] [13:33:49:748] Subject is :-New order : test automation (loc10)
[2023-02-14] [13:33:51:250] orderId #: 586
[2023-02-14] [13:33:51:251] Order Date : 02/14/2023
[2023-02-14] [13:33:51:254] Resturant Name : test automation
[2023-02-14] [13:33:51:255] Total Order Amount : $1.00
[2023-02-14] [13:33:51:950] New order : test automation (loc10) :: email deleted successfully !!
[2023-02-14] [13:33:51:953] Connecting to gmail...
[2023-02-14] [13:33:54:385] Connected to - imaps://diningedgetest%40gmail.com@imap.gmail.com
[2023-02-14] [13:33:55:174] Moved email in successfully Done!!]]>
  </system-out>
</testsuite> <!-- com.diningedge.Regression.SendOrderFromOG -->
