<?xml version="1.0" encoding="UTF-8"?>
<!-- Generated by org.testng.reporters.JUnitReportReporter -->
<testsuite hostname="LAPTOP-SF32JU0L" failures="0" tests="1" name="com.diningedge.Regression.SyscoShopFlow" time="52.587" errors="0" timestamp="2022-09-06T15:25:26 IST" skipped="0">
  <testcase classname="com.diningedge.Regression.SyscoShopFlow" name="exportFileFlow" time="52.587"/>
  <system-out>
    <![CDATA[[2022-09-06] [15:24:32:608] Inside OG Export : Started exporting OG for different accounts
[2022-09-06] [15:24:32:609] Resturant Name =Polo Club - Food
[2022-09-06] [15:24:32:610] Test Case test #1
[2022-09-06] [15:24:32:621] Polo Club - Food for purveryor Sysco is Active !!
[2022-09-06] [15:24:37:994] User Enters the user name -> louispoulias@gmail.com
[2022-09-06] [15:24:38:254] User clicks to the Next Button !!!
[2022-09-06] [15:24:43:583] User enters the user Email --> louispoulias@gmail.com
[2022-09-06] [15:24:43:739] User enters the user Password --> Olympia01$
[2022-09-06] [15:24:43:940] User click on the Login Button !!!
[2022-09-06] [15:24:50:106] No Alert found on page !!!
[2022-09-06] [15:24:53:645] No Alert found on page !!!
[2022-09-06] [15:24:58:359] no list drop down found on the page
[2022-09-06] [15:25:01:849] No Alert found on page !!!
[2022-09-06] [15:25:13:443] failed to logout
[2022-09-06] [15:25:18:464] Connecting to the Gmail ...
[2022-09-06] [15:25:24:821] Exiting test method
[2022-09-06] [15:25:24:821] Pass]]>
  </system-out>
</testsuite> <!-- com.diningedge.Regression.SyscoShopFlow -->
