<?xml version="1.0" encoding="UTF-8"?>
<!-- Generated by org.testng.reporters.JUnitReportReporter -->
<testsuite hostname="Automation_Love" failures="0" tests="1" name="com.diningedge.DiningEdgeAdmin.CreateCompanyTest" time="40.978" errors="0" timestamp="2023-01-23T23:33:53 IST" skipped="0">
  <testcase classname="com.diningedge.DiningEdgeAdmin.CreateCompanyTest" name="loginInToAdminPage" time="40.978"/>
  <system-out>
    <![CDATA[[2023-01-23] [23:33:19:126] User enters Name = ocrtestonly
[2023-01-23] [23:33:19:200] User enters Password = 123456
[2023-01-23] [23:33:39:491] User clicks on the Login Button !!!
[2023-01-23] [23:33:40:400] User clicks on the Add Companies Button!!
[2023-01-23] [23:33:40:586] USer enters the Company Name = Automation Testing Company
[2023-01-23] [23:33:40:693] User select Home office and Order unengaged items allowed check boxes !!
[2023-01-23] [23:33:41:457] User clicks on save continue Button !!
[2023-01-23] [23:33:41:563] User clicks on companies Button !!
[2023-01-23] [23:33:50:564] User clicks on Locations Button !!
[2023-01-23] [23:33:51:416] User clicks on Add Locations Button !!
[2023-01-23] [23:33:51:599] USer enters the Location Name = Automation Street 123 by M
[2023-01-23] [23:33:51:978] User selects the Company = Automation Testing Company
[2023-01-23] [23:33:52:086] User select clicks on the base location checkbox !!
[2023-01-23] [23:33:52:933] User clicks on save continue Button !!]]>
  </system-out>
</testsuite> <!-- com.diningedge.DiningEdgeAdmin.CreateCompanyTest -->
