<?xml version="1.0" encoding="UTF-8"?>
<!-- Generated by org.testng.reporters.JUnitReportReporter -->
<testsuite hostname="Automation_Love" failures="0" tests="1" name="com.diningedge.Regression.ValidatePurchaseHistory" time="197.271" errors="0" timestamp="2023-07-03T16:24:11 IST" skipped="0">
  <testcase classname="com.diningedge.Regression.ValidatePurchaseHistory" name="sendOrderFromOG" time="197.271"/>
  <system-out>
    <![CDATA[[2023-07-03] [16:22:25:622] User enters Name = testauto123
[2023-07-03] [16:22:25:780] User enters Password =12345678
[2023-07-03] [16:22:25:877] User clicks on the Login Button !!!
[2023-07-03] [16:22:31:046] Assertion Passed: DiningEdge is present on the HomePage
[2023-07-03] [16:22:31:119] Assertion Passed: Dashboard is present on the HomePage
[2023-07-03] [16:22:31:904] User clicks on Order from OG Button !!
[2023-07-03] [16:22:32:169] User clicks on the Search Icon on Product List Page
[2023-07-03] [16:22:32:385] User enters the Milk Cheney To be searched
[2023-07-03] [16:22:35:131] User clicks on the Update pack pancil button !!
[2023-07-03] [16:22:35:510] USer enters the value 2 for Pack
[2023-07-03] [16:22:35:771] USer enters the value 2 for Size
[2023-07-03] [16:22:39:031] User click on the Save button
[2023-07-03] [16:22:41:053] User clicks on the Snack Bar cross button !!
[2023-07-03] [16:22:41:161] User clicks on the Update price pancil button !!
[2023-07-03] [16:22:41:508] USer enters the value 2 for Price
[2023-07-03] [16:22:44:682] User click on the Save button
[2023-07-03] [16:22:44:714] User clicks on the Update price pancil button !!
[2023-07-03] [16:22:45:932] User clicks on the Snack Bar cross button !!
[2023-07-03] [16:22:46:222] USer enters the value 2 for Milk Cheney
[2023-07-03] [16:22:48:736] User clicks on the Add Cart Button !!
[2023-07-03] [16:22:51:029] User clicks on the Checkout Button !!
[2023-07-03] [16:22:52:536] User clicks on the Submit All Button !!
[2023-07-03] [16:22:55:400] User clicks on the Snack Bar cross button !!
[2023-07-03] [16:22:56:271] Connecting to gmail...
[2023-07-03] [16:22:58:427] Connected to - imaps://diningedgetest%40gmail.com@imap.gmail.com
[2023-07-03] [16:23:18:764] Connecting to gmail...
[2023-07-03] [16:23:20:913] Connected to - imaps://diningedgetest%40gmail.com@imap.gmail.com
[2023-07-03] [16:23:21:743] Subject is :-New order : DiningEdgeAutomation (loc10)
[2023-07-03] [16:23:21:746] Connecting to gmail...
[2023-07-03] [16:23:24:468] Connected to - imaps://diningedgetest%40gmail.com@imap.gmail.com
[2023-07-03] [16:23:25:121] Subject is :-New order : DiningEdgeAutomation (loc10)
[2023-07-03] [16:23:25:121] Connecting to gmail...
[2023-07-03] [16:23:27:366] Connected to - imaps://diningedgetest%40gmail.com@imap.gmail.com
[2023-07-03] [16:23:28:171] Subject is :-New order : DiningEdgeAutomation (loc10)
[2023-07-03] [16:23:29:608] orderId #: 9
[2023-07-03] [16:23:29:610] Order Date : 07/03/2023
[2023-07-03] [16:23:29:610] Resturant Name : DiningEdgeAutomation
[2023-07-03] [16:23:29:610] Total Order Amount : $4.00
[2023-07-03] [16:23:30:066] New order : DiningEdgeAutomation (loc10) :: email deleted successfully !!
[2023-07-03] [16:23:30:069] Connecting to gmail...
[2023-07-03] [16:23:32:379] Connected to - imaps://diningedgetest%40gmail.com@imap.gmail.com
[2023-07-03] [16:23:34:631] Moved email in successfully Done!!
[2023-07-03] [16:23:35:667] User clicks on Purchases Button !!
[2023-07-03] [16:23:37:556] User clicks on the PO Number = 9
[2023-07-03] [16:23:39:497] User enters the invoice number Invoice3440
[2023-07-03] [16:23:42:860] User selects the current date
[2023-07-03] [16:23:49:102] User click on the OK button
[2023-07-03] [16:23:54:024] User clicks on the Snack Bar cross button !!
[2023-07-03] [16:24:00:463] User click on the Approve button
[2023-07-03] [16:24:00:729] User selects the Manage Items From the list
[2023-07-03] [16:24:01:017] User selects the Products List From the list
[2023-07-03] [16:24:03:538] User clicks on the Search Icon on Product List Page
[2023-07-03] [16:24:03:921] User enters the Milk To be searched
[2023-07-03] [16:24:04:442] User select the Milk
[2023-07-03] [16:24:10:714] User clicks on the History Btn]]>
  </system-out>
</testsuite> <!-- com.diningedge.Regression.ValidatePurchaseHistory -->
