<?xml version="1.0" encoding="UTF-8"?>
<!-- Generated by org.testng.reporters.JUnitReportReporter -->
<testsuite hostname="Automation_Love" failures="0" tests="1" name="com.diningedge.Regression.OrderEdgeProductFlow" time="25.825" errors="0" timestamp="2023-02-28T21:17:22 IST" skipped="0">
  <testcase classname="com.diningedge.Regression.OrderEdgeProductFlow" name="Test01_BasicFlowLogin" time="25.825"/>
  <system-out>
    <![CDATA[[2023-02-28] [21:17:17:321] User enters Name = autotest
[2023-02-28] [21:17:17:413] User enters Password =123456
[2023-02-28] [21:17:17:482] User clicks on the Login Button !!!
[2023-02-28] [21:17:20:660] Assertion Passed: DiningEdge is present on the HomePage
[2023-02-28] [21:17:20:716] Assertion Passed: Dashboard is present on the HomePage
[2023-02-28] [21:17:20:880] User selects the Manage Items From the list
[2023-02-28] [21:17:21:063] User selects the Products List From the list
[2023-02-28] [21:17:22:553] File Uploaded successfully]]>
  </system-out>
</testsuite> <!-- com.diningedge.Regression.OrderEdgeProductFlow -->
