<?xml version="1.0" encoding="UTF-8"?>
<!-- Generated by org.testng.reporters.JUnitReportReporter -->
<testsuite hostname="Automation_Love" failures="0" tests="1" name="com.diningedge.Regression.CreateCompany_UploadProductList" time="94.344" errors="0" timestamp="2023-06-14T17:21:09 IST" skipped="0">
  <testcase classname="com.diningedge.Regression.CreateCompany_UploadProductList" name="loginInToAdminPage" time="94.344"/>
  <system-out>
    <![CDATA[[2023-06-14] [17:19:40:889] User enters Name = vandy
[2023-06-14] [17:19:40:983] User enters Password = NC$33433$
[2023-06-14] [17:19:49:058] User clicks on the Login Button !!!
[2023-06-14] [17:19:49:964] User clicks on the Add Companies Button!!
[2023-06-14] [17:19:50:185] USer enters the Company Name = Automation Testing Comapny7542
[2023-06-14] [17:19:50:295] User select Home office and Order unengaged items allowed check boxes !!
[2023-06-14] [17:19:51:946] User clicks on save continue Button !!
[2023-06-14] [17:19:52:077] User clicks on companies Button !!
[2023-06-14] [17:19:56:054] User clicks on Locations Button !!
[2023-06-14] [17:19:56:750] User clicks on Add Locations Button !!
[2023-06-14] [17:19:56:931] USer enters the Location Name = Automation Street7528
[2023-06-14] [17:19:57:382] User selects the Company = Automation Testing Comapny7542
[2023-06-14] [17:19:57:506] User select clicks on the base location checkbox !!
[2023-06-14] [17:20:01:038] User clicks on save continue Button !!
[2023-06-14] [17:20:04:979] User clicks on the title 
[2023-06-14] [17:20:05:068] User clicks on Products
[2023-06-14] [17:20:06:598] User clicks on ProductList
[2023-06-14] [17:20:08:907] User clicks on add product button
[2023-06-14] [17:20:09:036] User enters the product name = Automation US_Food
[2023-06-14] [17:20:15:632] User clicks on Add Users Button !!
[2023-06-14] [17:20:16:185] User selects the Company = Automation Testing Comapny7542
[2023-06-14] [17:20:17:100] User clicks on save continue Button !!
[2023-06-14] [17:20:18:905] User clicks on the title 
[2023-06-14] [17:20:19:090] User enter the Automation Testing Company
[2023-06-14] [17:20:21:378] User clicks on the search button !!
[2023-06-14] [17:20:40:098] User clicks on the USer Icon company !!
[2023-06-14] [17:20:46:470] User selects the Manage Items From the list
[2023-06-14] [17:20:46:806] User selects the Products List From the list
[2023-06-14] [17:20:47:787] File Uploaded successfully
[2023-06-14] [17:20:50:943] User clicks on Upload btn
[2023-06-14] [17:21:08:462] Product list imported successfully !!]]>
  </system-out>
</testsuite> <!-- com.diningedge.Regression.CreateCompany_UploadProductList -->
