<?xml version="1.0" encoding="UTF-8"?>
<!-- Generated by org.testng.reporters.JUnitReportReporter -->
<testsuite hostname="Automation_Love" failures="0" tests="1" name="com.diningedge.Regression.E2E_Flow" time="147.033" errors="0" timestamp="2023-02-20T19:06:15 IST" skipped="0">
  <testcase classname="com.diningedge.Regression.E2E_Flow" name="Test01_BasicFlowLogin" time="147.033"/>
  <system-out>
    <![CDATA[[2023-02-20] [19:04:41:797] User enters Name = testauto
[2023-02-20] [19:04:41:928] User enters Password =123456
[2023-02-20] [19:04:42:023] User clicks on the Login Button !!!
[2023-02-20] [19:04:47:230] Assertion Passed: DiningEdge is present on the HomePage
[2023-02-20] [19:04:47:305] Assertion Passed: Dashboard is present on the HomePage
[2023-02-20] [19:04:47:978] User clicks on Order Edge Button !!
[2023-02-20] [19:04:48:188] User clicks on select Location dropDown !!
[2023-02-20] [19:04:48:319] User clicks on select Location loc10 from dropDown !!
[2023-02-20] [19:04:50:857] User clicks on the add Product Button !!
[2023-02-20] [19:04:50:930] Assertion Passed: Create product is present on the popup
[2023-02-20] [19:04:50:982] Assertion Passed: Create product is present on the popup
[2023-02-20] [19:04:51:798] User enters the value Automation_Cheney_1 in Name
[2023-02-20] [19:04:51:912] Assertion Passed: Create product is present on the popup
[2023-02-20] [19:04:52:058] User enters the value 2 in Size
[2023-02-20] [19:04:52:203] User enters the value Unit * Dropdown !!
[2023-02-20] [19:04:55:430] User selects the value MG From the Dropdown !!
[2023-02-20] [19:04:55:882] User enters the value Primary Category * Dropdown !!
[2023-02-20] [19:04:59:070] User selects the value GFS From the Dropdown !!
[2023-02-20] [19:04:59:484] User enters the value Storage Dropdown !!
[2023-02-20] [19:05:02:668] User selects the value Bread From the Dropdown !!
[2023-02-20] [19:05:03:088] User click on the Save button
[2023-02-20] [19:05:06:916] User clicks on the Snack Bar cross button !!
[2023-02-20] [19:05:07:226] User clicks on the Open Manage Comparabls Button !!
[2023-02-20] [19:05:12:498] User adds comparabls !!
[2023-02-20] [19:05:13:941] User click on the Save and Close button
[2023-02-20] [19:05:16:494] User clicks on the cross icon
[2023-02-20] [19:05:18:649] User clicks on Order Edge Button !!
[2023-02-20] [19:05:20:402] User added number of units = 2
[2023-02-20] [19:05:24:226] User clicks on the Add Cart Button !!
[2023-02-20] [19:05:26:428] User clicks on the Checkout Button !!
[2023-02-20] [19:05:27:745] User clicks on the Submit All Button !!
[2023-02-20] [19:05:30:319] User clicks on the Snack Bar cross button !!
[2023-02-20] [19:05:31:127] Connecting to gmail...
[2023-02-20] [19:05:33:491] Connected to - imaps://diningedgetest%40gmail.com@imap.gmail.com
[2023-02-20] [19:05:44:022] Connecting to gmail...
[2023-02-20] [19:05:47:317] Connected to - imaps://diningedgetest%40gmail.com@imap.gmail.com
[2023-02-20] [19:05:48:354] Subject is :-New order : test automation (loc10)
[2023-02-20] [19:05:48:358] Connecting to gmail...
[2023-02-20] [19:05:51:329] Connected to - imaps://diningedgetest%40gmail.com@imap.gmail.com
[2023-02-20] [19:05:52:223] Subject is :-New order : test automation (loc10)
[2023-02-20] [19:05:52:225] Connecting to gmail...
[2023-02-20] [19:05:54:933] Connected to - imaps://diningedgetest%40gmail.com@imap.gmail.com
[2023-02-20] [19:05:55:817] Subject is :-New order : test automation (loc10)
[2023-02-20] [19:05:58:084] orderId #: 631
[2023-02-20] [19:05:58:086] Order Date : 02/20/2023
[2023-02-20] [19:05:58:091] Resturant Name : test automation
[2023-02-20] [19:05:58:094] Total Order Amount : $2.00
[2023-02-20] [19:05:58:893] New order : test automation (loc10) :: email deleted successfully !!
[2023-02-20] [19:05:58:897] Connecting to gmail...
[2023-02-20] [19:06:02:059] Connected to - imaps://diningedgetest%40gmail.com@imap.gmail.com
[2023-02-20] [19:06:03:083] Moved email in successfully Done!!]]>
  </system-out>
</testsuite> <!-- com.diningedge.Regression.E2E_Flow -->
