<?xml version="1.0" encoding="UTF-8"?>
<!-- Generated by org.testng.reporters.JUnitReportReporter -->
<testsuite hostname="Automation_Love" failures="0" tests="1" name="com.diningedge.Regression.SendOGTest" time="71.923" errors="0" timestamp="2023-01-30T21:55:25 IST" skipped="0">
  <testcase classname="com.diningedge.Regression.SendOGTest" name="sendOrderGuideFromOrderEdge" time="71.923"/>
  <system-out>
    <![CDATA[[2023-01-30] [21:54:43:899] User enters Name = testauto
[2023-01-30] [21:54:44:032] User enters Password =123456
[2023-01-30] [21:54:44:117] User clicks on the Login Button !!!
[2023-01-30] [21:54:48:805] Assertion Passed: DiningEdge is present on the HomePage
[2023-01-30] [21:54:48:867] Assertion Passed: Dashboard is present on the HomePage
[2023-01-30] [21:54:49:427] User clicks on Order Edge Button !!
[2023-01-30] [21:54:49:580] User clicks on select Location dropDown !!
[2023-01-30] [21:54:49:695] User clicks on select Location loc10 from dropDown !!
[2023-01-30] [21:54:50:005] User clicks on Order Edge Button !!
[2023-01-30] [21:54:52:352] User added number of units = 1
[2023-01-30] [21:54:56:651] User clicks on the Add Cart Button !!
[2023-01-30] [21:54:58:955] User clicks on the Checkout Button !!
[2023-01-30] [21:55:00:516] User clicks on the Submit All Button !!
[2023-01-30] [21:55:03:480] User clicks on the Snack Bar cross button !!
[2023-01-30] [21:55:05:052] Connecting to gmail...
[2023-01-30] [21:55:08:351] Connected to - imaps://diningedgetest%40gmail.com@imap.gmail.com
[2023-01-30] [21:55:09:309] Subject is :-New order : test automation (loc10)
[2023-01-30] [21:55:09:310] Connecting to gmail...
[2023-01-30] [21:55:12:683] Connected to - imaps://diningedgetest%40gmail.com@imap.gmail.com
[2023-01-30] [21:55:13:706] Subject is :-New order : test automation (loc10)
[2023-01-30] [21:55:13:710] Connecting to gmail...
[2023-01-30] [21:55:16:472] Connected to - imaps://diningedgetest%40gmail.com@imap.gmail.com
[2023-01-30] [21:55:17:711] Subject is :-New order : test automation (loc10)
[2023-01-30] [21:55:19:667] orderId #: 356
[2023-01-30] [21:55:19:669] Order Date : 01/30/2023
[2023-01-30] [21:55:19:672] Resturant Name : test automation
[2023-01-30] [21:55:19:674] Total Order Amount : $12.00
[2023-01-30] [21:55:20:373] New order : test automation (loc10) :: email deleted successfully !!
[2023-01-30] [21:55:20:376] Connecting to gmail...
[2023-01-30] [21:55:23:434] Connected to - imaps://diningedgetest%40gmail.com@imap.gmail.com
[2023-01-30] [21:55:24:425] Moved email in successfully Done!!]]>
  </system-out>
</testsuite> <!-- com.diningedge.Regression.SendOGTest -->
