<?xml version="1.0" encoding="UTF-8"?>
<!-- Generated by org.testng.reporters.JUnitReportReporter -->
<testsuite hostname="Automation_Love" failures="0" tests="1" name="com.diningedge.Regression.E2E_Flow" time="164.915" errors="0" timestamp="2023-03-04T19:05:01 IST" skipped="0">
  <testcase classname="com.diningedge.Regression.E2E_Flow" name="Test01_BasicFlowLogin" time="164.915"/>
  <system-out>
    <![CDATA[[2023-03-04] [19:02:38:817] User enters Name = testauto123
[2023-03-04] [19:02:38:976] User enters Password =12345678
[2023-03-04] [19:02:39:066] User clicks on the Login Button !!!
[2023-03-04] [19:02:42:910] Assertion Passed: DiningEdge is present on the HomePage
[2023-03-04] [19:02:43:032] Assertion Passed: Dashboard is present on the HomePage
[2023-03-04] [19:02:43:469] User clicks on Order Edge Button !!
[2023-03-04] [19:02:43:619] User clicks on select Location dropDown !!
[2023-03-04] [19:02:43:740] User clicks on select Location loc10 from dropDown !!
[2023-03-04] [19:02:45:649] User clicks on the add Product Button !!
[2023-03-04] [19:02:45:726] Assertion Passed: Create product is present on the popup
[2023-03-04] [19:02:45:774] Assertion Passed: Create product is present on the popup
[2023-03-04] [19:02:46:497] User enters the value Automation_Cheney_1 in Name
[2023-03-04] [19:02:46:682] Assertion Passed: Create product is present on the popup
[2023-03-04] [19:02:46:836] User enters the value 2 in Size
[2023-03-04] [19:02:47:015] User enters the value Unit * Dropdown !!
[2023-03-04] [19:02:50:245] User selects the value G From the Dropdown !!
[2023-03-04] [19:02:50:755] User enters the value Primary Category * Dropdown !!
[2023-03-04] [19:02:53:878] User selects the value PFG From the Dropdown !!
[2023-03-04] [19:02:54:300] User enters the value Storage Dropdown !!
[2023-03-04] [19:02:57:541] User selects the value Freeze From the Dropdown !!
[2023-03-04] [19:02:57:951] User click on the Save button
[2023-03-04] [19:03:27:653] User clicks on the Snack Bar cross button !!
[2023-03-04] [19:03:27:859] User clicks on the Open Manage Comparabls Button !!
[2023-03-04] [19:03:33:244] User adds comparabls !!
[2023-03-04] [19:03:35:276] User click on the Save and Close button
[2023-03-04] [19:03:41:294] User clicks on the cross icon
[2023-03-04] [19:03:46:538] User clicks on Order Edge Button !!
[2023-03-04] [19:03:54:852] User added number of units = 2
[2023-03-04] [19:03:57:880] User clicks on the Add Cart Button !!
[2023-03-04] [19:04:00:124] User clicks on the Checkout Button !!
[2023-03-04] [19:04:03:527] User clicks on the Submit All Button !!
[2023-03-04] [19:04:14:448] User clicks on the Snack Bar cross button !!
[2023-03-04] [19:04:17:748] Connecting to gmail...
[2023-03-04] [19:04:30:090] Connected to - imaps://diningedgetest%40gmail.com@imap.gmail.com
[2023-03-04] [19:04:31:059] Subject is :-New order : DiningEdgeAutomation (loc10)
[2023-03-04] [19:04:31:063] Connecting to gmail...
[2023-03-04] [19:04:33:698] Connected to - imaps://diningedgetest%40gmail.com@imap.gmail.com
[2023-03-04] [19:04:34:527] Subject is :-New order : DiningEdgeAutomation (loc10)
[2023-03-04] [19:04:34:532] Connecting to gmail...
[2023-03-04] [19:04:37:092] Connected to - imaps://diningedgetest%40gmail.com@imap.gmail.com
[2023-03-04] [19:04:38:032] Subject is :-New order : DiningEdgeAutomation (loc10)
[2023-03-04] [19:04:40:265] orderId #: 14
[2023-03-04] [19:04:40:267] Order Date : 03/04/2023
[2023-03-04] [19:04:40:271] Resturant Name : DiningEdgeAutomation
[2023-03-04] [19:04:40:272] Total Order Amount : $2.00
[2023-03-04] [19:04:40:989] New order : DiningEdgeAutomation (loc10) :: email deleted successfully !!
[2023-03-04] [19:04:40:994] Connecting to gmail...
[2023-03-04] [19:04:43:743] Connected to - imaps://diningedgetest%40gmail.com@imap.gmail.com
[2023-03-04] [19:04:44:562] Moved email in successfully Done!!]]>
  </system-out>
</testsuite> <!-- com.diningedge.Regression.E2E_Flow -->
