<?xml version="1.0" encoding="UTF-8"?>
<!-- Generated by org.testng.reporters.JUnitReportReporter -->
<testsuite hostname="Automation_Love" failures="0" tests="1" name="com.diningedge.Regression.CreateProductFlow" time="35.212" errors="0" timestamp="2023-02-14T12:55:51 IST" skipped="0">
  <testcase classname="com.diningedge.Regression.CreateProductFlow" name="Test01_BasicFlowLogin" time="35.212"/>
  <system-out>
    <![CDATA[[2023-02-14] [12:55:27:654] User enters Name = testauto
[2023-02-14] [12:55:27:785] User enters Password =123456
[2023-02-14] [12:55:27:867] User clicks on the Login Button !!!
[2023-02-14] [12:55:30:955] Assertion Passed: DiningEdge is present on the HomePage
[2023-02-14] [12:55:31:028] Assertion Passed: Dashboard is present on the HomePage
[2023-02-14] [12:55:31:480] User clicks on Order Edge Button !!
[2023-02-14] [12:55:31:608] User clicks on select Location dropDown !!
[2023-02-14] [12:55:31:717] User clicks on select Location loc10 from dropDown !!
[2023-02-14] [12:55:32:044] User selects the Manage Items From the list
[2023-02-14] [12:55:32:233] User selects the Products List From the list
[2023-02-14] [12:55:34:206] User clicks on the Add Product icon
[2023-02-14] [12:55:34:479] Assertion Passed: Create product is present on the popup
[2023-02-14] [12:55:34:520] Assertion Passed: Create product is present on the popup
[2023-02-14] [12:55:35:132] User enters the value Automation Product 2 in Name
[2023-02-14] [12:55:35:180] Assertion Passed: Create product is present on the popup
[2023-02-14] [12:55:35:303] User enters the value 2 in Size
[2023-02-14] [12:55:35:429] User enters the value Unit * Dropdown !!
[2023-02-14] [12:55:38:602] User selects the value CUP From the Dropdown !!
[2023-02-14] [12:55:39:029] User enters the value Primary Category * Dropdown !!
[2023-02-14] [12:55:42:164] User selects the value PFG From the Dropdown !!
[2023-02-14] [12:55:42:580] User enters the value Storage Dropdown !!
[2023-02-14] [12:55:45:721] User selects the value Solid From the Dropdown !!
[2023-02-14] [12:55:46:087] User click on the Save button
[2023-02-14] [12:55:49:325] User clicks on the Snack Bar cross button !!]]>
  </system-out>
</testsuite> <!-- com.diningedge.Regression.CreateProductFlow -->
