<?xml version="1.0" encoding="UTF-8"?>
<!-- Generated by org.testng.reporters.JUnitReportReporter -->
<testsuite hostname="Automation_Love" failures="0" tests="1" name="com.diningedge.Regression.SendOGTest" time="68.958" errors="0" timestamp="2023-03-02T22:47:03 IST" skipped="0">
  <testcase classname="com.diningedge.Regression.SendOGTest" name="sendOrderGuideFromOrderEdge" time="68.958"/>
  <system-out>
    <![CDATA[[2023-03-02] [22:46:00:119] User enters Name = testauto123
[2023-03-02] [22:46:00:290] User enters Password =12345678
[2023-03-02] [22:46:00:410] User clicks on the Login Button !!!
[2023-03-02] [22:46:03:966] Assertion Passed: DiningEdge is present on the HomePage
[2023-03-02] [22:46:04:037] Assertion Passed: Dashboard is present on the HomePage
[2023-03-02] [22:46:04:554] User clicks on Order Edge Button !!
[2023-03-02] [22:46:04:707] User clicks on select Location dropDown !!
[2023-03-02] [22:46:04:825] User clicks on select Location loc10 from dropDown !!
[2023-03-02] [22:46:05:140] User clicks on Order Edge Button !!
[2023-03-02] [22:46:07:307] User added number of units = 1
[2023-03-02] [22:46:10:996] User clicks on the Add Cart Button !!
[2023-03-02] [22:46:13:412] User clicks on the Checkout Button !!
[2023-03-02] [22:46:14:916] User clicks on the Submit All Button !!
[2023-03-02] [22:46:18:331] User clicks on the Snack Bar cross button !!
[2023-03-02] [22:46:19:418] Connecting to gmail...
[2023-03-02] [22:46:23:823] Connected to - imaps://diningedgetest%40gmail.com@imap.gmail.com
[2023-03-02] [22:46:34:399] Connecting to gmail...
[2023-03-02] [22:46:38:331] Connected to - imaps://diningedgetest%40gmail.com@imap.gmail.com
[2023-03-02] [22:46:39:236] Subject is :-New order : DiningEdgeAutomation (loc10)
[2023-03-02] [22:46:39:239] Connecting to gmail...
[2023-03-02] [22:46:42:723] Connected to - imaps://diningedgetest%40gmail.com@imap.gmail.com
[2023-03-02] [22:46:44:584] Subject is :-New order : DiningEdgeAutomation (loc10)
[2023-03-02] [22:46:44:585] Connecting to gmail...
[2023-03-02] [22:46:47:927] Connected to - imaps://diningedgetest%40gmail.com@imap.gmail.com
[2023-03-02] [22:46:49:774] Subject is :-New order : DiningEdgeAutomation (loc10)
[2023-03-02] [22:46:51:870] orderId #: 3
[2023-03-02] [22:46:51:872] Order Date : 03/02/2023
[2023-03-02] [22:46:51:872] Resturant Name : DiningEdgeAutomation
[2023-03-02] [22:46:51:872] Total Order Amount : $1.00
[2023-03-02] [22:46:52:643] New order : DiningEdgeAutomation (loc10) :: email deleted successfully !!
[2023-03-02] [22:46:52:643] Connecting to gmail...
[2023-03-02] [22:46:55:289] Connected to - imaps://diningedgetest%40gmail.com@imap.gmail.com
[2023-03-02] [22:46:56:253] Moved email in successfully Done!!]]>
  </system-out>
</testsuite> <!-- com.diningedge.Regression.SendOGTest -->
