<?xml version="1.0" encoding="UTF-8"?>
<!-- Generated by org.testng.reporters.JUnitReportReporter -->
<testsuite hostname="Automation_Love" failures="0" tests="1" name="com.diningedge.Regression.CreateCompany_UploadProductList" time="98.891" errors="0" timestamp="2023-07-05T17:32:06 IST" skipped="0">
  <testcase classname="com.diningedge.Regression.CreateCompany_UploadProductList" name="loginInToAdminPage" time="98.891"/>
  <system-out>
    <![CDATA[[2023-07-05] [17:30:33:426] User enters Name = vandy
[2023-07-05] [17:30:33:511] User enters Password = NC$33433$
[2023-07-05] [17:30:39:399] User clicks on the Login Button !!!
[2023-07-05] [17:30:40:210] User clicks on the Add Companies Button!!
[2023-07-05] [17:30:40:398] USer enters the Company Name = Automation Testing Comapny770
[2023-07-05] [17:30:40:522] User select Home office and Order unengaged items allowed check boxes !!
[2023-07-05] [17:30:42:186] User clicks on save continue Button !!
[2023-07-05] [17:30:42:315] User clicks on companies Button !!
[2023-07-05] [17:30:45:955] User clicks on Locations Button !!
[2023-07-05] [17:30:46:833] User clicks on Add Locations Button !!
[2023-07-05] [17:30:47:062] USer enters the Location Name = Automation Street8813
[2023-07-05] [17:30:47:467] User selects the Company = Automation Testing Comapny770
[2023-07-05] [17:30:47:568] User select clicks on the base location checkbox !!
[2023-07-05] [17:30:50:000] User clicks on save continue Button !!
[2023-07-05] [17:30:52:529] User clicks on the title 
[2023-07-05] [17:30:52:615] User clicks on Products
[2023-07-05] [17:30:57:022] User clicks on ProductList
[2023-07-05] [17:30:59:741] User clicks on add product button
[2023-07-05] [17:30:59:887] User enters the product name = Automation Sysco
[2023-07-05] [17:31:06:096] User clicks on Add Users Button !!
[2023-07-05] [17:31:06:465] User selects the Company = Automation Testing Comapny770
[2023-07-05] [17:31:07:329] User clicks on save continue Button !!
[2023-07-05] [17:31:08:598] User clicks on the title 
[2023-07-05] [17:31:08:733] User enter the Automation Testing Company
[2023-07-05] [17:31:10:664] User clicks on the search button !!
[2023-07-05] [17:31:37:995] User clicks on the USer Icon company !!
[2023-07-05] [17:31:44:430] User selects the Manage Items From the list
[2023-07-05] [17:31:44:749] User selects the Products List From the list
[2023-07-05] [17:31:45:764] File Uploaded successfully
[2023-07-05] [17:31:48:869] User clicks on Upload btn
[2023-07-05] [17:32:06:135] Product list imported successfully !!]]>
  </system-out>
</testsuite> <!-- com.diningedge.Regression.CreateCompany_UploadProductList -->
