<?xml version="1.0" encoding="UTF-8"?>
<!-- Generated by org.testng.reporters.JUnitReportReporter -->
<testsuite hostname="Automation_Love" failures="0" tests="1" name="com.diningedge.Regression.SendOGTest" time="61.360" errors="0" timestamp="2023-02-13T10:38:34 IST" skipped="0">
  <testcase classname="com.diningedge.Regression.SendOGTest" name="sendOrderGuideFromOrderEdge" time="61.360"/>
  <system-out>
    <![CDATA[[2023-02-13] [10:37:54:352] User enters Name = testauto
[2023-02-13] [10:37:54:461] User enters Password =123456
[2023-02-13] [10:37:54:529] User clicks on the Login Button !!!
[2023-02-13] [10:37:58:347] Assertion Passed: DiningEdge is present on the HomePage
[2023-02-13] [10:37:58:402] Assertion Passed: Dashboard is present on the HomePage
[2023-02-13] [10:37:58:779] User clicks on Order Edge Button !!
[2023-02-13] [10:37:58:881] User clicks on select Location dropDown !!
[2023-02-13] [10:37:58:979] User clicks on select Location loc10 from dropDown !!
[2023-02-13] [10:37:59:267] User clicks on Order Edge Button !!
[2023-02-13] [10:38:01:349] User added number of units = 2
[2023-02-13] [10:38:04:922] User clicks on the Add Cart Button !!
[2023-02-13] [10:38:07:099] User clicks on the Checkout Button !!
[2023-02-13] [10:38:08:986] User clicks on the Submit All Button !!
[2023-02-13] [10:38:11:800] User clicks on the Snack Bar cross button !!
[2023-02-13] [10:38:13:329] Connecting to gmail...
[2023-02-13] [10:38:16:571] Connected to - imaps://diningedgetest%40gmail.com@imap.gmail.com
[2023-02-13] [10:38:17:405] Subject is :-New order : test automation (loc10)
[2023-02-13] [10:38:17:406] Connecting to gmail...
[2023-02-13] [10:38:19:869] Connected to - imaps://diningedgetest%40gmail.com@imap.gmail.com
[2023-02-13] [10:38:20:677] Subject is :-New order : test automation (loc10)
[2023-02-13] [10:38:20:680] Connecting to gmail...
[2023-02-13] [10:38:23:149] Connected to - imaps://diningedgetest%40gmail.com@imap.gmail.com
[2023-02-13] [10:38:23:956] Subject is :-New order : test automation (loc10)
[2023-02-13] [10:38:25:514] orderId #: 542
[2023-02-13] [10:38:25:516] Order Date : 02/13/2023
[2023-02-13] [10:38:25:518] Resturant Name : test automation
[2023-02-13] [10:38:25:519] Total Order Amount : $4.00
[2023-02-13] [10:38:26:206] New order : test automation (loc10) :: email deleted successfully !!
[2023-02-13] [10:38:26:209] Connecting to gmail...
[2023-02-13] [10:38:28:648] Connected to - imaps://diningedgetest%40gmail.com@imap.gmail.com
[2023-02-13] [10:38:29:424] Moved email in successfully Done!!]]>
  </system-out>
</testsuite> <!-- com.diningedge.Regression.SendOGTest -->
