<?xml version="1.0" encoding="UTF-8"?>
<!-- Generated by org.testng.reporters.JUnitReportReporter -->
<testsuite hostname="Automation_Love" failures="0" tests="1" name="InventoryRegression.CreateAndValidateInventory" time="40.294" errors="0" timestamp="2023-05-01T21:22:35 IST" skipped="0">
  <testcase classname="InventoryRegression.CreateAndValidateInventory" name="Test01_BasicFlowLogin" time="40.294"/>
  <system-out>
    <![CDATA[[2023-05-01] [21:22:07:406] User enters Name = testauto123
[2023-05-01] [21:22:07:565] User enters Password =12345678
[2023-05-01] [21:22:07:652] User clicks on the Login Button !!!
[2023-05-01] [21:22:11:083] Assertion Passed: DiningEdge is present on the HomePage
[2023-05-01] [21:22:11:157] Assertion Passed: Dashboard is present on the HomePage
[2023-05-01] [21:22:11:561] User clicks on Order Edge Button !!
[2023-05-01] [21:22:11:692] User clicks on select Location dropDown !!
[2023-05-01] [21:22:11:796] User clicks on select Location loc10 from dropDown !!
[2023-05-01] [21:22:15:254] User clicks on the Inventory button !!
[2023-05-01] [21:22:16:103] User clicks on the Create invetory Button !!
[2023-05-01] [21:22:19:379] User selects the :: Grid Order
[2023-05-01] [21:22:29:078] User click on the Complete button
[2023-05-01] [21:22:29:843] User clicks on the Complete Button !!
[2023-05-01] [21:22:32:175] User clicks on the eye button !!]]>
  </system-out>
</testsuite> <!-- InventoryRegression.CreateAndValidateInventory -->
