<?xml version="1.0" encoding="UTF-8"?>
<!-- Generated by org.testng.reporters.JUnitReportReporter -->
<testsuite hostname="Automation_Love" failures="0" tests="1" name="com.diningedge.Regression.ServerStatusProd" time="28.485" errors="0" timestamp="2023-05-01T13:05:11 IST" skipped="0">
  <testcase classname="com.diningedge.Regression.ServerStatusProd" name="validateService" time="28.485"/>
  <system-out/>
</testsuite> <!-- com.diningedge.Regression.ServerStatusProd -->
