<?xml version="1.0" encoding="UTF-8"?>
<!-- Generated by org.testng.reporters.JUnitReportReporter -->
<testsuite hostname="Automation_Love" failures="0" tests="1" name="com.diningedge.Regression.E2E_Flow" time="192.415" errors="0" timestamp="2023-07-17T15:15:29 IST" skipped="0">
  <testcase classname="com.diningedge.Regression.E2E_Flow" name="Test01_BasicFlowLogin" time="192.415"/>
  <system-out>
    <![CDATA[[2023-07-17] [15:13:29:349] User enters Name = testauto123
[2023-07-17] [15:13:29:537] User enters Password =12345678
[2023-07-17] [15:13:29:644] User clicks on the Login Button !!!
[2023-07-17] [15:13:36:890] Assertion Passed: DiningEdge is present on the HomePage
[2023-07-17] [15:13:37:001] Assertion Passed: Dashboard is present on the HomePage
[2023-07-17] [15:13:37:797] User clicks on Order Edge Button !!
[2023-07-17] [15:13:38:052] User clicks on select Location dropDown !!
[2023-07-17] [15:13:38:216] User clicks on select Location loc10 from dropDown !!
[2023-07-17] [15:13:38:699] User clicks on the setting Icon button !!
[2023-07-17] [15:13:41:936] User enters PFG search bar !!
[2023-07-17] [15:13:42:186] User clicks on the PFG List item !!
[2023-07-17] [15:13:44:471] User clicks on the EDI Settings Setting item !!
[2023-07-17] [15:13:44:644] User Select on the Send Order Setting options !!
[2023-07-17] [15:13:44:977] User clicks the select Type DropDown
[2023-07-17] [15:13:45:279] User clicks the Email DropDown
[2023-07-17] [15:13:46:050] User enter the following email ::diningedgetest@gmail.com
[2023-07-17] [15:13:46:268] User clicks on the Save button !!
[2023-07-17] [15:13:50:123] User clicks on the Snack Bar cross button !!
[2023-07-17] [15:13:50:676] User clicks on Order Edge Button !!
[2023-07-17] [15:13:53:601] User clicks on the add Product Button !!
[2023-07-17] [15:13:53:703] Assertion Passed: Create product is present on the popup
[2023-07-17] [15:13:53:823] Assertion Passed: Create product is present on the popup
[2023-07-17] [15:13:54:544] User enters the value Automation_Cheney_2 in Name
[2023-07-17] [15:13:54:664] Assertion Passed: Create product is present on the popup
[2023-07-17] [15:13:54:807] User enters the value 2 in Size
[2023-07-17] [15:13:55:022] User enters the value Unit * Dropdown !!
[2023-07-17] [15:13:58:341] User selects the value ML From the Dropdown !!
[2023-07-17] [15:13:58:818] User enters the value Primary Category * Dropdown !!
[2023-07-17] [15:14:02:057] User selects the value Appetizer From the Dropdown !!
[2023-07-17] [15:14:02:541] User enters the value Storage Dropdown !!
[2023-07-17] [15:14:05:738] User selects the value Freeze From the Dropdown !!
[2023-07-17] [15:14:05:797] Assertion Passed: Create product is present on the popup
[2023-07-17] [15:14:05:967] User enters the value 1 in Position
[2023-07-17] [15:14:09:171] User click on the Save button
[2023-07-17] [15:14:13:140] User clicks on the Snack Bar cross button !!
[2023-07-17] [15:14:13:466] User clicks on the Open Manage Comparabls Button !!
[2023-07-17] [15:14:18:211] User adds comparabls !!
[2023-07-17] [15:14:21:405] User click on the Save and Close button
[2023-07-17] [15:14:26:775] User clicks on the cross icon
[2023-07-17] [15:14:32:018] User clicks on Order Edge Button !!
[2023-07-17] [15:14:33:903] User added number of units = 2
[2023-07-17] [15:14:36:296] User clicks on the Add Cart Button !!
[2023-07-17] [15:14:38:609] User clicks on the Checkout Button !!
[2023-07-17] [15:14:40:027] User clicks on the Submit All Button !!
[2023-07-17] [15:14:42:789] User clicks on the Snack Bar cross button !!
[2023-07-17] [15:14:43:490] Connecting to gmail...
[2023-07-17] [15:14:45:715] Connected to - imaps://diningedgetest%40gmail.com@imap.gmail.com
[2023-07-17] [15:15:06:044] Connecting to gmail...
[2023-07-17] [15:15:08:105] Connected to - imaps://diningedgetest%40gmail.com@imap.gmail.com
[2023-07-17] [15:15:08:792] Subject is :-New order : DiningEdgeAutomation (loc10)
[2023-07-17] [15:15:08:793] Connecting to gmail...
[2023-07-17] [15:15:11:006] Connected to - imaps://diningedgetest%40gmail.com@imap.gmail.com
[2023-07-17] [15:15:11:845] Subject is :-New order : DiningEdgeAutomation (loc10)
[2023-07-17] [15:15:11:848] Connecting to gmail...
[2023-07-17] [15:15:13:979] Connected to - imaps://diningedgetest%40gmail.com@imap.gmail.com
[2023-07-17] [15:15:14:696] Subject is :-New order : DiningEdgeAutomation (loc10)
[2023-07-17] [15:15:16:039] orderId #: 4
[2023-07-17] [15:15:16:042] Order Date : 07/17/2023
[2023-07-17] [15:15:16:042] Resturant Name : DiningEdgeAutomation
[2023-07-17] [15:15:16:045] Total Order Amount : $2.00
[2023-07-17] [15:15:16:518] New order : DiningEdgeAutomation (loc10) :: email deleted successfully !!
[2023-07-17] [15:15:16:521] Connecting to gmail...
[2023-07-17] [15:15:18:580] Connected to - imaps://diningedgetest%40gmail.com@imap.gmail.com
[2023-07-17] [15:15:19:300] Moved email in successfully Done!!]]>
  </system-out>
</testsuite> <!-- com.diningedge.Regression.E2E_Flow -->
