<?xml version="1.0" encoding="UTF-8"?>
<!-- Generated by org.testng.reporters.JUnitReportReporter -->
<testsuite hostname="LAPTOP-SF32JU0L" failures="0" tests="1" name="com.diningedge.Regression.DiningEdgeLoginTest" time="60.328" errors="0" timestamp="2022-12-12T20:48:33 IST" skipped="0">
  <testcase classname="com.diningedge.Regression.DiningEdgeLoginTest" name="sendOrderGuideFromOrderEdge" time="60.328"/>
  <system-out>
    <![CDATA[[2022-12-12] [20:47:44:941] User enters Name= testauto
[2022-12-12] [20:47:45:108] User enters Password =123456
[2022-12-12] [20:47:45:216] User clicks on the Login Button !!!
[2022-12-12] [20:47:56:434] Assertion Passed: DiningEdge is present on the HomePage
[2022-12-12] [20:47:56:551] Assertion Passed: Dashboard is present on the HomePage
[2022-12-12] [20:47:57:154] User clicks on Order Edge Button !!
[2022-12-12] [20:47:57:339] User clicks on select Location dropDown !!
[2022-12-12] [20:47:57:480] User clicks on select Location loc10 from dropDown !!
[2022-12-12] [20:47:57:822] User clicks on Order Edge Button !!
[2022-12-12] [20:48:00:204] User added number of units = 2
[2022-12-12] [20:48:05:406] User clicks on the Add Cart Button !!
[2022-12-12] [20:48:07:707] User clicks on the Checkout Button !!
[2022-12-12] [20:48:10:469] User clicks on the Submit All Button !!
[2022-12-12] [20:48:14:065] User clicks on the Snack Bar cross button !!
[2022-12-12] [20:48:24:266] Connecting to gmail...
[2022-12-12] [20:48:27:620] Connected to - imaps://diningedgetest%40gmail.com@imap.gmail.com
[2022-12-12] [20:48:28:523] Subject is :-New order : test automation (loc10)
[2022-12-12] [20:48:30:041] orderId #: 63
[2022-12-12] [20:48:30:043] Order Date : 12/12/2022
[2022-12-12] [20:48:30:046] Resturant Name : test automation
[2022-12-12] [20:48:30:751] New order : test automation (loc10) :: email deleted successfully !!
[2022-12-12] [20:48:31:359]  email successfully Done!!]]>
  </system-out>
</testsuite> <!-- com.diningedge.Regression.DiningEdgeLoginTest -->
