<?xml version="1.0" encoding="UTF-8"?>
<!-- Generated by org.testng.reporters.JUnitReportReporter -->
<testsuite hostname="Automation_Love" failures="0" tests="1" name="com.diningedge.DiningEdgeAdmin.CreateCompanyTest" time="73.936" errors="0" timestamp="2023-01-31T11:10:14 IST" skipped="0">
  <testcase classname="com.diningedge.DiningEdgeAdmin.CreateCompanyTest" name="loginInToAdminPage" time="73.936"/>
  <system-out>
    <![CDATA[[2023-01-31] [11:09:05:454] User enters Name = ocrtestonly
[2023-01-31] [11:09:05:531] User enters Password = 123456
[2023-01-31] [11:09:19:163] User clicks on the Login Button !!!
[2023-01-31] [11:09:19:997] User clicks on the Add Companies Button!!
[2023-01-31] [11:09:20:205] USer enters the Company Name = Automation Testing Comapny [2023-01-31]53
[2023-01-31] [11:09:20:296] User select Home office and Order unengaged items allowed check boxes !!
[2023-01-31] [11:09:22:631] User clicks on save continue Button !!
[2023-01-31] [11:09:22:751] User clicks on companies Button !!
[2023-01-31] [11:09:28:041] User clicks on Locations Button !!
[2023-01-31] [11:09:28:783] User clicks on Add Locations Button !!
[2023-01-31] [11:09:28:994] USer enters the Location Name = Automation Street [2023-01-31]72
[2023-01-31] [11:09:29:424] User selects the Company = Automation Testing Comapny [2023-01-31]53
[2023-01-31] [11:09:29:533] User select clicks on the base location checkbox !!
[2023-01-31] [11:09:34:547] User clicks on save continue Button !!
[2023-01-31] [11:09:39:150] User clicks on Add Users Button !!
[2023-01-31] [11:09:39:559] User selects the Company = Automation Testing Comapny [2023-01-31]53
[2023-01-31] [11:09:40:279] User clicks on save continue Button !!
[2023-01-31] [11:09:42:049] User clicks on the title 
[2023-01-31] [11:09:42:213] User enter the Automation Testing Company
[2023-01-31] [11:09:44:898] User clicks on the search button !!
[2023-01-31] [11:10:13:564] User clicks on the USer Icon company !!]]>
  </system-out>
</testsuite> <!-- com.diningedge.DiningEdgeAdmin.CreateCompanyTest -->
