<?xml version="1.0" encoding="UTF-8"?>
<!-- Generated by org.testng.reporters.JUnitReportReporter -->
<testsuite hostname="Automation_Love" failures="0" tests="1" name="com.diningedge.Regression.ValidatePurchaseHistory" time="134.521" errors="0" timestamp="2023-04-20T23:09:00 IST" skipped="0">
  <testcase classname="com.diningedge.Regression.ValidatePurchaseHistory" name="sendOrderFromOG" time="134.521"/>
  <system-out>
    <![CDATA[[2023-04-20] [23:07:02:960] User enters Name = testauto123
[2023-04-20] [23:07:03:104] User enters Password =12345678
[2023-04-20] [23:07:03:180] User clicks on the Login Button !!!
[2023-04-20] [23:07:08:368] Assertion Passed: DiningEdge is present on the HomePage
[2023-04-20] [23:07:08:436] Assertion Passed: Dashboard is present on the HomePage
[2023-04-20] [23:07:09:161] User clicks on Order from OG Button !!
[2023-04-20] [23:07:09:348] User clicks on the Search Icon on Product List Page
[2023-04-20] [23:07:09:577] User enters the US Food Milk To be searched
[2023-04-20] [23:07:12:447] User clicks on the Update pack pancil button !!
[2023-04-20] [23:07:12:702] USer enters the value 1 for Pack
[2023-04-20] [23:07:12:894] USer enters the value 1 for Size
[2023-04-20] [23:07:16:079] User click on the Save button
[2023-04-20] [23:07:18:594] User clicks on the Snack Bar cross button !!
[2023-04-20] [23:07:18:672] User clicks on the Update price pancil button !!
[2023-04-20] [23:07:18:964] USer enters the value 1 for Price
[2023-04-20] [23:07:22:152] User click on the Save button
[2023-04-20] [23:07:22:177] User clicks on the Update price pancil button !!
[2023-04-20] [23:07:23:697] User clicks on the Snack Bar cross button !!
[2023-04-20] [23:07:23:944] USer enters the value 1 for US Food Milk
[2023-04-20] [23:07:26:341] User clicks on the Add Cart Button !!
[2023-04-20] [23:07:28:631] User clicks on the Checkout Button !!
[2023-04-20] [23:07:31:827] User clicks on the Submit All Button !!
[2023-04-20] [23:07:36:162] User clicks on the Snack Bar cross button !!
[2023-04-20] [23:07:38:399] Connecting to gmail...
[2023-04-20] [23:07:42:413] Connected to - imaps://diningedgetest%40gmail.com@imap.gmail.com
[2023-04-20] [23:07:52:801] Connecting to gmail...
[2023-04-20] [23:07:56:499] Connected to - imaps://diningedgetest%40gmail.com@imap.gmail.com
[2023-04-20] [23:07:57:377] Subject is :-New order : DiningEdgeAutomation (loc10)
[2023-04-20] [23:07:57:383] Connecting to gmail...
[2023-04-20] [23:08:00:379] Connected to - imaps://diningedgetest%40gmail.com@imap.gmail.com
[2023-04-20] [23:08:01:567] Subject is :-New order : DiningEdgeAutomation (loc10)
[2023-04-20] [23:08:01:570] Connecting to gmail...
[2023-04-20] [23:08:04:150] Connected to - imaps://diningedgetest%40gmail.com@imap.gmail.com
[2023-04-20] [23:08:05:654] Subject is :-New order : DiningEdgeAutomation (loc10)
[2023-04-20] [23:08:08:147] orderId #: 466
[2023-04-20] [23:08:08:149] Order Date : 04/20/2023
[2023-04-20] [23:08:08:151] Resturant Name : DiningEdgeAutomation
[2023-04-20] [23:08:08:153] Total Order Amount : $1.00
[2023-04-20] [23:08:09:507] New order : DiningEdgeAutomation (loc10) :: email deleted successfully !!
[2023-04-20] [23:08:09:510] Connecting to gmail...
[2023-04-20] [23:08:13:276] Connected to - imaps://diningedgetest%40gmail.com@imap.gmail.com
[2023-04-20] [23:08:14:448] Moved email in successfully Done!!
[2023-04-20] [23:08:15:701] User clicks on Purchases Button !!
[2023-04-20] [23:08:19:230] User clicks on the PO Number = 466
[2023-04-20] [23:08:21:356] User enters the invoice number Invoice9704
[2023-04-20] [23:08:24:639] User selects the current date
[2023-04-20] [23:08:30:777] User click on the OK button
[2023-04-20] [23:08:36:983] User clicks on the Snack Bar cross button !!
[2023-04-20] [23:08:43:496] User click on the Approve button
[2023-04-20] [23:08:43:719] User selects the Manage Items From the list
[2023-04-20] [23:08:43:960] User selects the Products List From the list
[2023-04-20] [23:08:46:731] User clicks on the Search Icon on Product List Page
[2023-04-20] [23:08:47:250] User enters the Milk To be searched
[2023-04-20] [23:08:47:860] User select the Milk
[2023-04-20] [23:08:59:341] User clicks on the History Btn]]>
  </system-out>
</testsuite> <!-- com.diningedge.Regression.ValidatePurchaseHistory -->
