<?xml version="1.0" encoding="UTF-8"?>
<!-- Generated by org.testng.reporters.JUnitReportReporter -->
<testsuite hostname="Automation_Love" failures="0" tests="1" name="com.diningedge.Regression.CreatePurchaseTest" time="149.078" errors="0" timestamp="2023-04-14T23:04:01 IST" skipped="0">
  <testcase classname="com.diningedge.Regression.CreatePurchaseTest" name="Test01_BasicFlowLogin" time="149.078"/>
  <system-out>
    <![CDATA[[2023-04-14] [23:03:03:741] User enters Name = testauto123
[2023-04-14] [23:03:03:852] User enters Password =12345678
[2023-04-14] [23:03:03:917] User clicks on the Login Button !!!
[2023-04-14] [23:03:07:551] Assertion Passed: DiningEdge is present on the HomePage
[2023-04-14] [23:03:07:597] Assertion Passed: Dashboard is present on the HomePage
[2023-04-14] [23:03:07:962] User clicks on Order Edge Button !!
[2023-04-14] [23:03:08:066] User clicks on select Location dropDown !!
[2023-04-14] [23:03:08:153] User clicks on select Location loc10 from dropDown !!
[2023-04-14] [23:03:08:535] User clicks on Purchases Button !!
[2023-04-14] [23:03:08:667] User clicks on the create purchase icon !!
[2023-04-14] [23:03:09:287] User selects the Sysco from the list
[2023-04-14] [23:03:12:491] User click on the Save button
[2023-04-14] [23:03:13:311] User clicks on the Snack Bar cross button !!
[2023-04-14] [23:03:16:453] User select teh item code 003
[2023-04-14] [23:03:19:682] User click on the Save button
[2023-04-14] [23:03:22:258] User clicks on the Snack Bar cross button !!
[2023-04-14] [23:03:24:337] User select teh item code 017
[2023-04-14] [23:03:27:528] User click on the Save button
[2023-04-14] [23:03:29:603] User clicks on the Snack Bar cross button !!
[2023-04-14] [23:03:31:833] User select teh item code 018
[2023-04-14] [23:03:35:059] User click on the Save button
[2023-04-14] [23:03:37:516] User clicks on the Snack Bar cross button !!
[2023-04-14] [23:03:39:684] User select teh item code 019
[2023-04-14] [23:03:42:945] User click on the Save button
[2023-04-14] [23:03:45:393] User clicks on the Snack Bar cross button !!
[2023-04-14] [23:03:45:549] User enters the invoice number 1231233
[2023-04-14] [23:03:48:867] User selects the current date
[2023-04-14] [23:03:52:131] User click on the OK button
[2023-04-14] [23:03:57:030] User clicks on the Snack Bar cross button !!
[2023-04-14] [23:04:00:733] User click on the Save button]]>
  </system-out>
</testsuite> <!-- com.diningedge.Regression.CreatePurchaseTest -->
