<?xml version="1.0" encoding="UTF-8"?>
<!-- Generated by org.testng.reporters.JUnitReportReporter -->
<testsuite hostname="LAPTOP-SF32JU0L" failures="0" tests="1" name="com.diningedge.Regression.SendOrderFromOG" time="68.779" errors="0" timestamp="2023-01-02T19:56:50 IST" skipped="0">
  <testcase classname="com.diningedge.Regression.SendOrderFromOG" name="sendOrderFromOG" time="68.779"/>
  <system-out>
    <![CDATA[[2023-01-02] [19:55:55:780] User enters Name = testauto
[2023-01-02] [19:55:55:993] User enters Password =123456
[2023-01-02] [19:55:56:124] User clicks on the Login Button !!!
[2023-01-02] [19:56:00:822] Assertion Passed: DiningEdge is present on the HomePage
[2023-01-02] [19:56:00:901] Assertion Passed: Dashboard is present on the HomePage
[2023-01-02] [19:56:01:904] User clicks on Order from OG Button !!
[2023-01-02] [19:56:05:976] User click on the Save button
[2023-01-02] [19:56:08:836] User clicks on the Snack Bar cross button !!
[2023-01-02] [19:56:09:447] User click on the Save button
[2023-01-02] [19:56:12:836] User clicks on the Snack Bar cross button !!
[2023-01-02] [19:56:20:679] User clicks on the Add Cart Button !!
[2023-01-02] [19:56:22:946] User clicks on the Checkout Button !!
[2023-01-02] [19:56:24:489] User clicks on the Submit All Button !!
[2023-01-02] [19:56:28:746] User clicks on the Snack Bar cross button !!
[2023-01-02] [19:56:30:856] Connecting to gmail...
[2023-01-02] [19:56:34:226] Connected to - imaps://diningedgetest%40gmail.com@imap.gmail.com
[2023-01-02] [19:56:35:460] Subject is :-New order : test automation (loc10)
[2023-01-02] [19:56:35:460] Connecting to gmail...
[2023-01-02] [19:56:38:554] Connected to - imaps://diningedgetest%40gmail.com@imap.gmail.com
[2023-01-02] [19:56:39:436] Subject is :-New order : test automation (loc10)
[2023-01-02] [19:56:39:446] Connecting to gmail...
[2023-01-02] [19:56:42:649] Connected to - imaps://diningedgetest%40gmail.com@imap.gmail.com
[2023-01-02] [19:56:43:573] Subject is :-New order : test automation (loc10)
[2023-01-02] [19:56:45:336] orderId #: 322
[2023-01-02] [19:56:45:341] Order Date : 01/02/2023
[2023-01-02] [19:56:45:341] Resturant Name : test automation
[2023-01-02] [19:56:45:341] Total Order Amount : $1.00
[2023-01-02] [19:56:46:066] New order : test automation (loc10) :: email deleted successfully !!
[2023-01-02] [19:56:46:069] Connecting to gmail...
[2023-01-02] [19:56:48:837] Connected to - imaps://diningedgetest%40gmail.com@imap.gmail.com
[2023-01-02] [19:56:49:736] Moved email in successfully Done!!]]>
  </system-out>
</testsuite> <!-- com.diningedge.Regression.SendOrderFromOG -->
