<?xml version="1.0" encoding="UTF-8"?>
<!-- Generated by org.testng.reporters.JUnitReportReporter -->
<testsuite hostname="Automation_Love" failures="0" tests="1" name="com.diningedge.Regression.E2E_Flow" time="183.018" errors="0" timestamp="2023-04-09T10:52:54 IST" skipped="0">
  <testcase classname="com.diningedge.Regression.E2E_Flow" name="Test01_BasicFlowLogin" time="183.018"/>
  <system-out>
    <![CDATA[[2023-04-09] [10:50:33:194] User enters Name = testauto123
[2023-04-09] [10:50:33:351] User enters Password =12345678
[2023-04-09] [10:50:33:450] User clicks on the Login Button !!!
[2023-04-09] [10:50:37:570] Assertion Passed: DiningEdge is present on the HomePage
[2023-04-09] [10:50:37:675] Assertion Passed: Dashboard is present on the HomePage
[2023-04-09] [10:50:38:161] User clicks on Order Edge Button !!
[2023-04-09] [10:50:38:290] User clicks on select Location dropDown !!
[2023-04-09] [10:50:38:428] User clicks on select Location loc10 from dropDown !!
[2023-04-09] [10:50:38:790] User clicks on the setting Icon button !!
[2023-04-09] [10:50:41:988] User enters US Foods search bar !!
[2023-04-09] [10:50:42:216] User clicks on the US Foods List item !!
[2023-04-09] [10:50:44:513] User clicks on the EDI Settings Setting item !!
[2023-04-09] [10:50:44:627] User Select on the Send Order Setting options !!
[2023-04-09] [10:50:44:935] User clicks the select Type DropDown
[2023-04-09] [10:50:45:104] User clicks the Email DropDown
[2023-04-09] [10:50:45:838] User enter the following email ::diningedgetest@gmail.com
[2023-04-09] [10:50:46:012] User clicks on the Save button !!
[2023-04-09] [10:50:49:485] User clicks on the Snack Bar cross button !!
[2023-04-09] [10:50:49:928] User clicks on Order Edge Button !!
[2023-04-09] [10:50:51:968] User clicks on the add Product Button !!
[2023-04-09] [10:50:52:045] Assertion Passed: Create product is present on the popup
[2023-04-09] [10:50:52:131] Assertion Passed: Create product is present on the popup
[2023-04-09] [10:50:52:868] User enters the value Automation_US_Food_1 in Name
[2023-04-09] [10:50:52:985] Assertion Passed: Create product is present on the popup
[2023-04-09] [10:50:53:159] User enters the value 1 in Size
[2023-04-09] [10:50:53:331] User enters the value Unit * Dropdown !!
[2023-04-09] [10:50:56:562] User selects the value ML From the Dropdown !!
[2023-04-09] [10:50:57:081] User enters the value Primary Category * Dropdown !!
[2023-04-09] [10:51:00:345] User selects the value Sysco From the Dropdown !!
[2023-04-09] [10:51:00:730] User enters the value Storage Dropdown !!
[2023-04-09] [10:51:03:911] User selects the value Liquid From the Dropdown !!
[2023-04-09] [10:51:07:125] User click on the Save button
[2023-04-09] [10:51:10:351] User clicks on the Snack Bar cross button !!
[2023-04-09] [10:51:10:637] User clicks on the Open Manage Comparabls Button !!
[2023-04-09] [10:51:15:673] User adds comparabls !!
[2023-04-09] [10:51:18:851] User click on the Save and Close button
[2023-04-09] [10:51:44:426] User clicks on the cross icon
[2023-04-09] [10:51:49:641] User clicks on Order Edge Button !!
[2023-04-09] [10:51:51:315] User added number of units = 1
[2023-04-09] [10:51:54:835] User clicks on the Add Cart Button !!
[2023-04-09] [10:51:57:122] User clicks on the Checkout Button !!
[2023-04-09] [10:51:58:463] User clicks on the Submit All Button !!
[2023-04-09] [10:52:01:351] User clicks on the Snack Bar cross button !!
[2023-04-09] [10:52:02:298] Connecting to gmail...
[2023-04-09] [10:52:04:324] Connected to - imaps://diningedgetest%40gmail.com@imap.gmail.com
[2023-04-09] [10:52:14:711] Connecting to gmail...
[2023-04-09] [10:52:16:706] Connected to - imaps://diningedgetest%40gmail.com@imap.gmail.com
[2023-04-09] [10:52:27:138] Connecting to gmail...
[2023-04-09] [10:52:29:301] Connected to - imaps://diningedgetest%40gmail.com@imap.gmail.com
[2023-04-09] [10:52:30:136] Subject is :-New order : DiningEdgeAutomation (loc10)
[2023-04-09] [10:52:30:138] Connecting to gmail...
[2023-04-09] [10:52:31:943] Connected to - imaps://diningedgetest%40gmail.com@imap.gmail.com
[2023-04-09] [10:52:32:986] Subject is :-New order : DiningEdgeAutomation (loc10)
[2023-04-09] [10:52:32:988] Connecting to gmail...
[2023-04-09] [10:52:35:451] Connected to - imaps://diningedgetest%40gmail.com@imap.gmail.com
[2023-04-09] [10:52:36:168] Subject is :-New order : DiningEdgeAutomation (loc10)
[2023-04-09] [10:52:37:508] orderId #: 320
[2023-04-09] [10:52:37:510] Order Date : 04/09/2023
[2023-04-09] [10:52:37:514] Resturant Name : DiningEdgeAutomation
[2023-04-09] [10:52:37:516] Total Order Amount : $1.00
[2023-04-09] [10:52:38:107] New order : DiningEdgeAutomation (loc10) :: email deleted successfully !!
[2023-04-09] [10:52:38:109] Connecting to gmail...
[2023-04-09] [10:52:39:853] Connected to - imaps://diningedgetest%40gmail.com@imap.gmail.com
[2023-04-09] [10:52:40:569] Moved email in successfully Done!!]]>
  </system-out>
</testsuite> <!-- com.diningedge.Regression.E2E_Flow -->
