<?xml version="1.0" encoding="UTF-8"?>
<!-- Generated by org.testng.reporters.JUnitReportReporter -->
<testsuite hostname="Automation_Love" failures="0" tests="1" name="com.diningedge.Regression.NewVendorFlow" time="59.142" errors="0" timestamp="2023-02-14T12:10:42 IST" skipped="0">
  <testcase classname="com.diningedge.Regression.NewVendorFlow" name="Test01_BasicFlowLogin" time="59.142"/>
  <system-out>
    <![CDATA[[2023-02-14] [12:10:08:821] User enters Name = testauto
[2023-02-14] [12:10:08:961] User enters Password =123456
[2023-02-14] [12:10:09:070] User clicks on the Login Button !!!
[2023-02-14] [12:10:14:586] Assertion Passed: DiningEdge is present on the HomePage
[2023-02-14] [12:10:14:660] Assertion Passed: Dashboard is present on the HomePage
[2023-02-14] [12:10:15:534] User clicks on Order from OG Button !!
[2023-02-14] [12:10:15:996] User clicks on the new vedor item button !!
[2023-02-14] [12:10:16:967] User enters the name of vendor = Automation Product 2
[2023-02-14] [12:10:17:885] User enters the vendorId = Automation Product 2
[2023-02-14] [12:10:18:885] User enters the other details = 2
[2023-02-14] [12:10:18:993] User clicks on the Unit * dropDown
[2023-02-14] [12:10:22:157] User select the unit Type :: CUP
[2023-02-14] [12:10:28:276] User clicks on the Vendor dropDown
[2023-02-14] [12:10:31:516] User select the vendor :: Sysco
[2023-02-14] [12:10:32:018] User click on the Save button
[2023-02-14] [12:10:35:485] User clicks on the Snack Bar cross button !!
[2023-02-14] [12:10:41:127] User clicks on the = Automation Sysco
[2023-02-14] [12:10:41:486] User clicks on Order Edge Button !!]]>
  </system-out>
</testsuite> <!-- com.diningedge.Regression.NewVendorFlow -->
