<?xml version="1.0" encoding="UTF-8"?>
<!-- Generated by org.testng.reporters.JUnitReportReporter -->
<testsuite hostname="LAPTOP-SF32JU0L" failures="0" tests="1" name="com.diningedge.Regression.SendOGTest" time="84.046" errors="0" timestamp="2022-12-27T15:40:31 IST" skipped="0">
  <testcase classname="com.diningedge.Regression.SendOGTest" name="sendOrderGuideFromOrderEdge" time="84.046"/>
  <system-out>
    <![CDATA[[2022-12-27] [15:39:51:919] User enters Name = testauto
[2022-12-27] [15:39:52:038] User enters Password =123456
[2022-12-27] [15:39:52:115] User clicks on the Login Button !!!
[2022-12-27] [15:39:56:836] Assertion Passed: DiningEdge is present on the HomePage
[2022-12-27] [15:39:56:893] Assertion Passed: Dashboard is present on the HomePage
[2022-12-27] [15:39:57:359] User clicks on Order Edge Button !!
[2022-12-27] [15:39:57:473] User clicks on select Location dropDown !!
[2022-12-27] [15:39:57:576] User clicks on select Location loc10 from dropDown !!
[2022-12-27] [15:39:57:899] User clicks on Order Edge Button !!
[2022-12-27] [15:40:00:143] User added number of units = 3
[2022-12-27] [15:40:04:226] User clicks on the Add Cart Button !!
[2022-12-27] [15:40:06:438] User clicks on the Checkout Button !!
[2022-12-27] [15:40:07:794] User clicks on the Submit All Button !!
[2022-12-27] [15:40:10:411] User clicks on the Snack Bar cross button !!
[2022-12-27] [15:40:13:215] Connecting to gmail...
[2022-12-27] [15:40:16:360] Connected to - imaps://diningedgetest%40gmail.com@imap.gmail.com
[2022-12-27] [15:40:17:281] Subject is :-New order : test automation (loc10)
[2022-12-27] [15:40:17:281] Connecting to gmail...
[2022-12-27] [15:40:20:011] Connected to - imaps://diningedgetest%40gmail.com@imap.gmail.com
[2022-12-27] [15:40:20:951] Subject is :-New order : test automation (loc10)
[2022-12-27] [15:40:20:962] Connecting to gmail...
[2022-12-27] [15:40:23:647] Connected to - imaps://diningedgetest%40gmail.com@imap.gmail.com
[2022-12-27] [15:40:24:473] Subject is :-New order : test automation (loc10)
[2022-12-27] [15:40:26:261] orderId #: 299
[2022-12-27] [15:40:26:261] Order Date : 12/27/2022
[2022-12-27] [15:40:26:268] Resturant Name : test automation
[2022-12-27] [15:40:26:268] Total Order Amount : $38.40
[2022-12-27] [15:40:27:178] New order : test automation (loc10) :: email deleted successfully !!
[2022-12-27] [15:40:27:185] Connecting to gmail...
[2022-12-27] [15:40:29:367] Connected to - imaps://diningedgetest%40gmail.com@imap.gmail.com
[2022-12-27] [15:40:30:161] Moved email in successfully Done!!]]>
  </system-out>
</testsuite> <!-- com.diningedge.Regression.SendOGTest -->
