<?xml version="1.0" encoding="UTF-8"?>
<!-- Generated by org.testng.reporters.JUnitReportReporter -->
<testsuite hostname="Automation_Love" failures="0" tests="1" name="com.diningedge.Regression.E2E_Flow" time="292.431" errors="0" timestamp="2023-04-29T12:23:59 IST" skipped="0">
  <testcase classname="com.diningedge.Regression.E2E_Flow" name="Test01_BasicFlowLogin" time="292.431"/>
  <system-out>
    <![CDATA[[2023-04-29] [12:21:29:835] User enters Name = testauto123
[2023-04-29] [12:21:29:991] User enters Password =12345678
[2023-04-29] [12:21:30:077] User clicks on the Login Button !!!
[2023-04-29] [12:21:36:729] Assertion Passed: DiningEdge is present on the HomePage
[2023-04-29] [12:21:36:803] Assertion Passed: Dashboard is present on the HomePage
[2023-04-29] [12:21:37:372] User clicks on Order Edge Button !!
[2023-04-29] [12:21:37:542] User clicks on select Location dropDown !!
[2023-04-29] [12:21:37:663] User clicks on select Location loc10 from dropDown !!
[2023-04-29] [12:21:38:198] User clicks on the setting Icon button !!
[2023-04-29] [12:21:41:499] User enters Cheney search bar !!
[2023-04-29] [12:21:41:732] User clicks on the Cheney List item !!
[2023-04-29] [12:21:43:948] User clicks on the EDI Settings Setting item !!
[2023-04-29] [12:21:44:049] User Select on the Send Order Setting options !!
[2023-04-29] [12:21:44:294] User clicks the select Type DropDown
[2023-04-29] [12:21:44:537] User clicks the Email DropDown
[2023-04-29] [12:21:45:280] User enter the following email ::diningedgetest@gmail.com
[2023-04-29] [12:21:45:519] User clicks on the Save button !!
[2023-04-29] [12:21:49:734] User clicks on the Snack Bar cross button !!
[2023-04-29] [12:21:50:087] User clicks on Order Edge Button !!
[2023-04-29] [12:21:55:688] User clicks on the add Product Button !!
[2023-04-29] [12:21:55:767] Assertion Passed: Create product is present on the popup
[2023-04-29] [12:21:55:850] Assertion Passed: Create product is present on the popup
[2023-04-29] [12:21:56:542] User enters the value Automation_US_Food_1 in Name
[2023-04-29] [12:21:56:583] Assertion Passed: Create product is present on the popup
[2023-04-29] [12:21:56:735] User enters the value 2 in Size
[2023-04-29] [12:21:56:924] User enters the value Unit * Dropdown !!
[2023-04-29] [12:22:00:132] User selects the value MG From the Dropdown !!
[2023-04-29] [12:22:00:622] User enters the value Primary Category * Dropdown !!
[2023-04-29] [12:22:03:863] User selects the value Cheney From the Dropdown !!
[2023-04-29] [12:22:04:342] User enters the value Storage Dropdown !!
[2023-04-29] [12:22:07:584] User selects the value Soft From the Dropdown !!
[2023-04-29] [12:22:07:675] Assertion Passed: Create product is present on the popup
[2023-04-29] [12:22:07:854] User enters the value 1 in Position
[2023-04-29] [12:22:11:118] User click on the Save button
[2023-04-29] [12:22:17:106] User clicks on the Snack Bar cross button !!
[2023-04-29] [12:22:17:458] User clicks on the Open Manage Comparabls Button !!
[2023-04-29] [12:22:22:358] User adds comparabls !!
[2023-04-29] [12:22:25:592] User click on the Save and Close button
[2023-04-29] [12:22:32:336] User clicks on the cross icon
[2023-04-29] [12:22:39:302] User clicks on Order Edge Button !!
[2023-04-29] [12:22:41:039] User added number of units = 2
[2023-04-29] [12:22:43:424] User clicks on the Add Cart Button !!
[2023-04-29] [12:22:45:937] User clicks on the Checkout Button !!
[2023-04-29] [12:22:48:385] User clicks on the Submit All Button !!
[2023-04-29] [12:22:51:057] User clicks on the Snack Bar cross button !!
[2023-04-29] [12:22:53:100] Connecting to gmail...
[2023-04-29] [12:22:55:192] Connected to - imaps://diningedgetest%40gmail.com@imap.gmail.com
[2023-04-29] [12:23:05:633] Connecting to gmail...
[2023-04-29] [12:23:07:459] Connected to - imaps://diningedgetest%40gmail.com@imap.gmail.com
[2023-04-29] [12:23:17:802] Connecting to gmail...
[2023-04-29] [12:23:19:655] Connected to - imaps://diningedgetest%40gmail.com@imap.gmail.com
[2023-04-29] [12:23:30:005] Connecting to gmail...
[2023-04-29] [12:23:32:161] Connected to - imaps://diningedgetest%40gmail.com@imap.gmail.com
[2023-04-29] [12:23:32:977] Subject is :-New order : DiningEdgeAutomation (loc10)
[2023-04-29] [12:23:32:979] Connecting to gmail...
[2023-04-29] [12:23:35:332] Connected to - imaps://diningedgetest%40gmail.com@imap.gmail.com
[2023-04-29] [12:23:35:948] Subject is :-New order : DiningEdgeAutomation (loc10)
[2023-04-29] [12:23:35:951] Connecting to gmail...
[2023-04-29] [12:23:37:998] Connected to - imaps://diningedgetest%40gmail.com@imap.gmail.com
[2023-04-29] [12:23:38:644] Subject is :-New order : DiningEdgeAutomation (loc10)
[2023-04-29] [12:23:39:793] orderId #: 656
[2023-04-29] [12:23:39:795] Order Date : 04/29/2023
[2023-04-29] [12:23:39:799] Resturant Name : DiningEdgeAutomation
[2023-04-29] [12:23:39:801] Total Order Amount : $2.00
[2023-04-29] [12:23:40:246] New order : DiningEdgeAutomation (loc10) :: email deleted successfully !!
[2023-04-29] [12:23:40:251] Connecting to gmail...
[2023-04-29] [12:23:42:295] Connected to - imaps://diningedgetest%40gmail.com@imap.gmail.com
[2023-04-29] [12:23:42:886] Moved email in successfully Done!!]]>
  </system-out>
</testsuite> <!-- com.diningedge.Regression.E2E_Flow -->
