<?xml version="1.0" encoding="UTF-8"?>
<!-- Generated by org.testng.reporters.JUnitReportReporter -->
<testsuite hostname="Automation_Love" failures="0" tests="1" name="com.diningedge.Regression.SendOGTest" time="81.727" errors="0" timestamp="2023-01-22T01:59:14 IST" skipped="0">
  <testcase classname="com.diningedge.Regression.SendOGTest" name="sendOrderGuideFromOrderEdge" time="81.727"/>
  <system-out>
    <![CDATA[[2023-01-22] [01:58:20:394] User enters Name = testauto
[2023-01-22] [01:58:20:547] User enters Password =123456
[2023-01-22] [01:58:20:647] User clicks on the Login Button !!!
[2023-01-22] [01:58:25:733] Assertion Passed: DiningEdge is present on the HomePage
[2023-01-22] [01:58:25:817] Assertion Passed: Dashboard is present on the HomePage
[2023-01-22] [01:58:26:433] User clicks on Order Edge Button !!
[2023-01-22] [01:58:26:610] User clicks on select Location dropDown !!
[2023-01-22] [01:58:26:758] User clicks on select Location loc10 from dropDown !!
[2023-01-22] [01:58:27:051] User clicks on Order Edge Button !!
[2023-01-22] [01:58:29:113] User added number of units = 2
[2023-01-22] [01:58:33:349] User clicks on the Add Cart Button !!
[2023-01-22] [01:58:35:633] User clicks on the Checkout Button !!
[2023-01-22] [01:58:37:713] User clicks on the Submit All Button !!
[2023-01-22] [01:58:40:447] User clicks on the Snack Bar cross button !!
[2023-01-22] [01:58:41:794] Connecting to gmail...
[2023-01-22] [01:58:44:200] Connected to - imaps://diningedgetest%40gmail.com@imap.gmail.com
[2023-01-22] [01:58:54:745] Connecting to gmail...
[2023-01-22] [01:58:57:303] Connected to - imaps://diningedgetest%40gmail.com@imap.gmail.com
[2023-01-22] [01:58:58:340] Subject is :-New order : test automation (loc10)
[2023-01-22] [01:58:58:341] Connecting to gmail...
[2023-01-22] [01:59:01:714] Connected to - imaps://diningedgetest%40gmail.com@imap.gmail.com
[2023-01-22] [01:59:02:619] Subject is :-New order : test automation (loc10)
[2023-01-22] [01:59:02:622] Connecting to gmail...
[2023-01-22] [01:59:05:598] Connected to - imaps://diningedgetest%40gmail.com@imap.gmail.com
[2023-01-22] [01:59:06:626] Subject is :-New order : test automation (loc10)
[2023-01-22] [01:59:08:385] orderId #: 343
[2023-01-22] [01:59:08:387] Order Date : 01/21/2023
[2023-01-22] [01:59:08:390] Resturant Name : test automation
[2023-01-22] [01:59:08:391] Total Order Amount : $24.00
[2023-01-22] [01:59:09:181] New order : test automation (loc10) :: email deleted successfully !!
[2023-01-22] [01:59:09:183] Connecting to gmail...
[2023-01-22] [01:59:11:950] Connected to - imaps://diningedgetest%40gmail.com@imap.gmail.com
[2023-01-22] [01:59:12:969] Moved email in successfully Done!!]]>
  </system-out>
</testsuite> <!-- com.diningedge.Regression.SendOGTest -->
