<?xml version="1.0" encoding="UTF-8"?>
<!-- Generated by org.testng.reporters.JUnitReportReporter -->
<testsuite hostname="Automation_Love" failures="0" tests="1" name="com.diningedge.Regression.ValidatePurchaseHistory" time="212.848" errors="0" timestamp="2023-07-17T15:24:16 IST" skipped="0">
  <testcase classname="com.diningedge.Regression.ValidatePurchaseHistory" name="sendOrderFromOG" time="212.848"/>
  <system-out>
    <![CDATA[[2023-07-17] [15:22:25:258] User enters Name = testauto123
[2023-07-17] [15:22:25:421] User enters Password =12345678
[2023-07-17] [15:22:25:528] User clicks on the Login Button !!!
[2023-07-17] [15:22:33:505] Assertion Passed: DiningEdge is present on the HomePage
[2023-07-17] [15:22:33:565] Assertion Passed: Dashboard is present on the HomePage
[2023-07-17] [15:22:34:229] User clicks on Order from OG Button !!
[2023-07-17] [15:22:34:421] User clicks on the Search Icon on Product List Page
[2023-07-17] [15:22:34:631] User enters the PFG Milk To be searched
[2023-07-17] [15:22:37:209] User clicks on the Update pack pancil button !!
[2023-07-17] [15:22:37:537] USer enters the value 2 for Pack
[2023-07-17] [15:22:37:837] USer enters the value 2 for Size
[2023-07-17] [15:22:41:040] User click on the Save button
[2023-07-17] [15:22:43:134] User clicks on the Snack Bar cross button !!
[2023-07-17] [15:22:43:230] User clicks on the Update price pancil button !!
[2023-07-17] [15:22:43:606] USer enters the value 2 for Price
[2023-07-17] [15:22:46:886] User click on the Save button
[2023-07-17] [15:22:46:929] User clicks on the Update price pancil button !!
[2023-07-17] [15:22:48:058] User clicks on the Snack Bar cross button !!
[2023-07-17] [15:22:48:347] USer enters the value 2 for PFG Milk
[2023-07-17] [15:22:50:794] User clicks on the Add Cart Button !!
[2023-07-17] [15:22:53:081] User clicks on the Checkout Button !!
[2023-07-17] [15:22:54:774] User clicks on the Submit All Button !!
[2023-07-17] [15:22:57:506] User clicks on the Snack Bar cross button !!
[2023-07-17] [15:22:59:279] Connecting to gmail...
[2023-07-17] [15:23:01:329] Connected to - imaps://diningedgetest%40gmail.com@imap.gmail.com
[2023-07-17] [15:23:21:750] Connecting to gmail...
[2023-07-17] [15:23:23:787] Connected to - imaps://diningedgetest%40gmail.com@imap.gmail.com
[2023-07-17] [15:23:24:484] Subject is :-New order : DiningEdgeAutomation (loc10)
[2023-07-17] [15:23:24:487] Connecting to gmail...
[2023-07-17] [15:23:26:828] Connected to - imaps://diningedgetest%40gmail.com@imap.gmail.com
[2023-07-17] [15:23:27:652] Subject is :-New order : DiningEdgeAutomation (loc10)
[2023-07-17] [15:23:27:654] Connecting to gmail...
[2023-07-17] [15:23:29:695] Connected to - imaps://diningedgetest%40gmail.com@imap.gmail.com
[2023-07-17] [15:23:30:520] Subject is :-New order : DiningEdgeAutomation (loc10)
[2023-07-17] [15:23:31:756] orderId #: 6
[2023-07-17] [15:23:31:758] Order Date : 07/17/2023
[2023-07-17] [15:23:31:760] Resturant Name : DiningEdgeAutomation
[2023-07-17] [15:23:31:761] Total Order Amount : $4.00
[2023-07-17] [15:23:32:256] New order : DiningEdgeAutomation (loc10) :: email deleted successfully !!
[2023-07-17] [15:23:32:258] Connecting to gmail...
[2023-07-17] [15:23:34:302] Connected to - imaps://diningedgetest%40gmail.com@imap.gmail.com
[2023-07-17] [15:23:35:123] Moved email in successfully Done!!
[2023-07-17] [15:23:36:218] User clicks on Purchases Button !!
[2023-07-17] [15:23:37:851] User clicks on the PO Number = 6
[2023-07-17] [15:23:40:251] User enters the invoice number Invoice4627
[2023-07-17] [15:23:43:493] User selects the current date
[2023-07-17] [15:23:49:737] User click on the OK button
[2023-07-17] [15:23:54:858] User clicks on the Snack Bar cross button !!
[2023-07-17] [15:24:01:708] User click on the Approve button
[2023-07-17] [15:24:02:036] User selects the Manage Items From the list
[2023-07-17] [15:24:03:146] User selects the Products List From the list
[2023-07-17] [15:24:04:767] User clicks on the Search Icon on Product List Page
[2023-07-17] [15:24:04:940] User enters the Milk To be searched
[2023-07-17] [15:24:05:554] User select the Milk
[2023-07-17] [15:24:11:820] User clicks on the History Btn]]>
  </system-out>
</testsuite> <!-- com.diningedge.Regression.ValidatePurchaseHistory -->
