<?xml version="1.0" encoding="UTF-8"?>
<!-- Generated by org.testng.reporters.JUnitReportReporter -->
<testsuite hostname="Automation_Love" failures="0" tests="1" name="com.diningedge.Regression.ServerStatus" time="11.705" errors="0" timestamp="2023-04-18T20:42:53 IST" skipped="0">
  <testcase classname="com.diningedge.Regression.ServerStatus" name="validateService" time="11.705"/>
  <system-out/>
</testsuite> <!-- com.diningedge.Regression.ServerStatus -->
