<?xml version="1.0" encoding="UTF-8"?>
<!-- Generated by org.testng.reporters.JUnitReportReporter -->
<testsuite hostname="Automation_Love" failures="0" tests="1" name="com.diningedge.Regression.OrderEdgeProductFlow" time="39.292" errors="0" timestamp="2023-02-05T23:01:11 IST" skipped="0">
  <testcase classname="com.diningedge.Regression.OrderEdgeProductFlow" name="Test01_BasicFlowLogin" time="39.292"/>
  <system-out>
    <![CDATA[[2023-02-05] [23:00:43:098] User enters Name = testauto
[2023-02-05] [23:00:43:194] User enters Password =123456
[2023-02-05] [23:00:43:260] User clicks on the Login Button !!!
[2023-02-05] [23:00:47:024] Assertion Passed: DiningEdge is present on the HomePage
[2023-02-05] [23:00:47:068] Assertion Passed: Dashboard is present on the HomePage
[2023-02-05] [23:00:47:458] User clicks on Order Edge Button !!
[2023-02-05] [23:00:47:558] User clicks on select Location dropDown !!
[2023-02-05] [23:00:47:644] User clicks on select Location loc10 from dropDown !!
[2023-02-05] [23:00:50:508] User clicks on the add Product Button !!
[2023-02-05] [23:00:50:567] Assertion Passed: Create product is present on the popup
[2023-02-05] [23:00:50:608] Assertion Passed: Create product is present on the popup
[2023-02-05] [23:00:51:241] User enters the value Automation Product 93 in Name
[2023-02-05] [23:00:51:329] Assertion Passed: Create product is present on the popup
[2023-02-05] [23:00:51:482] User enters the value 44 in Size
[2023-02-05] [23:00:51:600] User enters the value Unit * Dropdown !!
[2023-02-05] [23:00:51:734] User selects the value G From the Dropdown !!
[2023-02-05] [23:00:52:199] User enters the value Primary Category * Dropdown !!
[2023-02-05] [23:00:52:314] User selects the value GFS From the Dropdown !!
[2023-02-05] [23:00:52:767] User enters the value Storage Dropdown !!
[2023-02-05] [23:00:52:882] User selects the value Liquid From the Dropdown !!
[2023-02-05] [23:00:53:258] User click on the Save button
[2023-02-05] [23:00:56:897] User clicks on the Snack Bar cross button !!
[2023-02-05] [23:00:57:198] User clicks on the Open Manage Comparabls Button !!
[2023-02-05] [23:01:02:027] User adds comparabls !!
[2023-02-05] [23:01:03:321] User click on the Save and Close button
[2023-02-05] [23:01:05:373] User clicks on the cross icon]]>
  </system-out>
</testsuite> <!-- com.diningedge.Regression.OrderEdgeProductFlow -->
