<?xml version="1.0" encoding="UTF-8"?>
<!-- Generated by org.testng.reporters.JUnitReportReporter -->
<testsuite hostname="Automation_Love" failures="0" tests="1" name="com.diningedge.Regression.E2E_Flow" time="121.136" errors="0" timestamp="2023-02-21T13:46:28 IST" skipped="0">
  <testcase classname="com.diningedge.Regression.E2E_Flow" name="Test01_BasicFlowLogin" time="121.136"/>
  <system-out>
    <![CDATA[[2023-02-21] [13:44:49:512] User enters Name = testauto
[2023-02-21] [13:44:49:623] User enters Password =123456
[2023-02-21] [13:44:49:690] User clicks on the Login Button !!!
[2023-02-21] [13:44:52:979] Assertion Passed: DiningEdge is present on the HomePage
[2023-02-21] [13:44:53:024] Assertion Passed: Dashboard is present on the HomePage
[2023-02-21] [13:44:53:405] User clicks on Order Edge Button !!
[2023-02-21] [13:44:53:499] User clicks on select Location dropDown !!
[2023-02-21] [13:44:53:586] User clicks on select Location loc10 from dropDown !!
[2023-02-21] [13:44:56:211] User clicks on the add Product Button !!
[2023-02-21] [13:44:56:263] Assertion Passed: Create product is present on the popup
[2023-02-21] [13:44:56:299] Assertion Passed: Create product is present on the popup
[2023-02-21] [13:44:56:828] User enters the value Automation_Sysco_1 in Name
[2023-02-21] [13:44:56:908] Assertion Passed: Create product is present on the popup
[2023-02-21] [13:44:57:024] User enters the value 5 in Size
[2023-02-21] [13:44:57:136] User enters the value Unit * Dropdown !!
[2023-02-21] [13:45:00:280] User selects the value LB From the Dropdown !!
[2023-02-21] [13:45:00:714] User enters the value Primary Category * Dropdown !!
[2023-02-21] [13:45:03:863] User selects the value test From the Dropdown !!
[2023-02-21] [13:45:04:260] User enters the value Storage Dropdown !!
[2023-02-21] [13:45:07:408] User selects the value Solid From the Dropdown !!
[2023-02-21] [13:45:07:776] User click on the Save button
[2023-02-21] [13:45:11:821] User clicks on the Snack Bar cross button !!
[2023-02-21] [13:45:12:085] User clicks on the Open Manage Comparabls Button !!
[2023-02-21] [13:45:17:063] User adds comparabls !!
[2023-02-21] [13:45:18:113] User click on the Save and Close button
[2023-02-21] [13:45:20:254] User clicks on the cross icon
[2023-02-21] [13:45:25:448] User clicks on Order Edge Button !!
[2023-02-21] [13:45:27:131] User added number of units = 5
[2023-02-21] [13:45:31:332] User clicks on the Add Cart Button !!
[2023-02-21] [13:45:33:533] User clicks on the Checkout Button !!
[2023-02-21] [13:45:34:977] User clicks on the Submit All Button !!
[2023-02-21] [13:45:37:466] User clicks on the Snack Bar cross button !!
[2023-02-21] [13:45:38:223] Connecting to gmail...
[2023-02-21] [13:45:40:891] Connected to - imaps://diningedgetest%40gmail.com@imap.gmail.com
[2023-02-21] [13:45:51:339] Connecting to gmail...
[2023-02-21] [13:45:53:809] Connected to - imaps://diningedgetest%40gmail.com@imap.gmail.com
[2023-02-21] [13:46:04:213] Connecting to gmail...
[2023-02-21] [13:46:06:754] Connected to - imaps://diningedgetest%40gmail.com@imap.gmail.com
[2023-02-21] [13:46:07:576] Subject is :-New order : test automation (loc10)
[2023-02-21] [13:46:07:577] Connecting to gmail...
[2023-02-21] [13:46:09:588] Connected to - imaps://diningedgetest%40gmail.com@imap.gmail.com
[2023-02-21] [13:46:10:336] Subject is :-New order : test automation (loc10)
[2023-02-21] [13:46:10:339] Connecting to gmail...
[2023-02-21] [13:46:12:165] Connected to - imaps://diningedgetest%40gmail.com@imap.gmail.com
[2023-02-21] [13:46:12:962] Subject is :-New order : test automation (loc10)
[2023-02-21] [13:46:14:484] orderId #: 635
[2023-02-21] [13:46:14:485] Order Date : 02/21/2023
[2023-02-21] [13:46:14:486] Resturant Name : test automation
[2023-02-21] [13:46:14:487] Total Order Amount : $5.50
[2023-02-21] [13:46:15:165] New order : test automation (loc10) :: email deleted successfully !!
[2023-02-21] [13:46:15:166] Connecting to gmail...
[2023-02-21] [13:46:17:598] Connected to - imaps://diningedgetest%40gmail.com@imap.gmail.com
[2023-02-21] [13:46:18:338] Moved email in successfully Done!!]]>
  </system-out>
</testsuite> <!-- com.diningedge.Regression.E2E_Flow -->
