<?xml version="1.0" encoding="UTF-8"?>
<!-- Generated by org.testng.reporters.JUnitReportReporter -->
<testsuite hostname="Automation_Love" failures="0" tests="1" name="com.diningedge.DiningEdgeAdmin.CreateCompanyTest" time="41.271" errors="0" timestamp="2023-06-11T02:02:58 IST" skipped="0">
  <testcase classname="com.diningedge.DiningEdgeAdmin.CreateCompanyTest" name="loginInToAdminPage" time="41.271"/>
  <system-out>
    <![CDATA[[2023-06-11] [02:02:29:289] User enters Name = vandy
[2023-06-11] [02:02:29:342] User enters Password = NC$33433$
[2023-06-11] [02:02:33:716] User clicks on the Login Button !!!
[2023-06-11] [02:02:34:390] User clicks on the Add Companies Button!!
[2023-06-11] [02:02:34:505] USer enters the Company Name = Automation Testing Comapny3190
[2023-06-11] [02:02:34:571] User select Home office and Order unengaged items allowed check boxes !!
[2023-06-11] [02:02:35:915] User clicks on save continue Button !!
[2023-06-11] [02:02:35:997] User clicks on companies Button !!
[2023-06-11] [02:02:40:059] User clicks on Locations Button !!
[2023-06-11] [02:02:40:651] User clicks on Add Locations Button !!
[2023-06-11] [02:02:40:760] USer enters the Location Name = Automation Street1411
[2023-06-11] [02:02:41:028] User selects the Company = Automation Testing Comapny3190
[2023-06-11] [02:02:41:094] User select clicks on the base location checkbox !!
[2023-06-11] [02:02:42:948] User clicks on save continue Button !!
[2023-06-11] [02:02:44:956] User clicks on the title 
[2023-06-11] [02:02:45:021] User clicks on Products
[2023-06-11] [02:02:45:897] User clicks on ProductList
[2023-06-11] [02:02:47:143] User clicks on add product button
[2023-06-11] [02:02:47:236] User enters the product name = Automation Sysco
[2023-06-11] [02:02:49:802] User clicks on Add Users Button !!
[2023-06-11] [02:02:50:062] User selects the Company = Automation Testing Comapny3190
[2023-06-11] [02:02:50:624] User clicks on save continue Button !!
[2023-06-11] [02:02:51:972] User clicks on the title 
[2023-06-11] [02:02:52:081] User enter the Automation Testing Company
[2023-06-11] [02:02:53:563] User clicks on the search button !!
[2023-06-11] [02:02:58:626] User clicks on the USer Icon company !!]]>
  </system-out>
</testsuite> <!-- com.diningedge.DiningEdgeAdmin.CreateCompanyTest -->
