<?xml version="1.0" encoding="UTF-8"?>
<!-- Generated by org.testng.reporters.JUnitReportReporter -->
<testsuite hostname="Automation_Love" failures="0" tests="1" name="com.diningedge.Regression.SendOGTest" time="74.979" errors="0" timestamp="2023-02-07T12:53:43 IST" skipped="0">
  <testcase classname="com.diningedge.Regression.SendOGTest" name="sendOrderGuideFromOrderEdge" time="74.979"/>
  <system-out>
    <![CDATA[[2023-02-07] [12:52:54:028] User enters Name = testauto
[2023-02-07] [12:52:54:123] User enters Password =123456
[2023-02-07] [12:52:54:189] User clicks on the Login Button !!!
[2023-02-07] [12:52:57:687] Assertion Passed: DiningEdge is present on the HomePage
[2023-02-07] [12:52:57:745] Assertion Passed: Dashboard is present on the HomePage
[2023-02-07] [12:52:58:108] User clicks on Order Edge Button !!
[2023-02-07] [12:52:58:210] User clicks on select Location dropDown !!
[2023-02-07] [12:52:58:289] User clicks on select Location loc10 from dropDown !!
[2023-02-07] [12:52:58:569] User clicks on Order Edge Button !!
[2023-02-07] [12:53:00:553] User added number of units = 2
[2023-02-07] [12:53:04:101] User clicks on the Add Cart Button !!
[2023-02-07] [12:53:06:275] User clicks on the Checkout Button !!
[2023-02-07] [12:53:07:461] User clicks on the Submit All Button !!
[2023-02-07] [12:53:09:765] User clicks on the Snack Bar cross button !!
[2023-02-07] [12:53:10:535] Connecting to gmail...
[2023-02-07] [12:53:12:774] Connected to - imaps://diningedgetest%40gmail.com@imap.gmail.com
[2023-02-07] [12:53:23:207] Connecting to gmail...
[2023-02-07] [12:53:25:076] Connected to - imaps://diningedgetest%40gmail.com@imap.gmail.com
[2023-02-07] [12:53:25:886] Subject is :-New order : test automation (loc10)
[2023-02-07] [12:53:25:888] Connecting to gmail...
[2023-02-07] [12:53:28:360] Connected to - imaps://diningedgetest%40gmail.com@imap.gmail.com
[2023-02-07] [12:53:29:114] Subject is :-New order : test automation (loc10)
[2023-02-07] [12:53:29:115] Connecting to gmail...
[2023-02-07] [12:53:32:496] Connected to - imaps://diningedgetest%40gmail.com@imap.gmail.com
[2023-02-07] [12:53:33:311] Subject is :-New order : test automation (loc10)
[2023-02-07] [12:53:34:915] orderId #: 415
[2023-02-07] [12:53:34:916] Order Date : 02/07/2023
[2023-02-07] [12:53:34:917] Resturant Name : test automation
[2023-02-07] [12:53:34:918] Total Order Amount : $2.00
[2023-02-07] [12:53:35:625] New order : test automation (loc10) :: email deleted successfully !!
[2023-02-07] [12:53:35:627] Connecting to gmail...
[2023-02-07] [12:53:38:178] Connected to - imaps://diningedgetest%40gmail.com@imap.gmail.com
[2023-02-07] [12:53:38:954] Moved email in successfully Done!!]]>
  </system-out>
</testsuite> <!-- com.diningedge.Regression.SendOGTest -->
