<?xml version="1.0" encoding="UTF-8"?>
<!-- Generated by org.testng.reporters.JUnitReportReporter -->
<testsuite hostname="Automation_Love" failures="0" tests="1" name="com.diningedge.Regression.CreateCompany_E2E" time="74.198" errors="0" timestamp="2023-03-21T12:12:00 IST" skipped="0">
  <testcase classname="com.diningedge.Regression.CreateCompany_E2E" name="loginInToAdminPage" time="74.198"/>
  <system-out>
    <![CDATA[[2023-03-21] [12:10:51:360] User enters Name = vandy
[2023-03-21] [12:10:51:439] User enters Password = NC$33433$
[2023-03-21] [12:11:01:219] User clicks on the Login Button !!!
[2023-03-21] [12:11:01:956] User clicks on the Add Companies Button!!
[2023-03-21] [12:11:02:158] USer enters the Company Name = Automation Testing Comapny9441
[2023-03-21] [12:11:02:252] User select Home office and Order unengaged items allowed check boxes !!
[2023-03-21] [12:11:03:844] User clicks on save continue Button !!
[2023-03-21] [12:11:03:959] User clicks on companies Button !!
[2023-03-21] [12:11:06:822] User clicks on Locations Button !!
[2023-03-21] [12:11:07:592] User clicks on Add Locations Button !!
[2023-03-21] [12:11:07:776] USer enters the Location Name = Automation Street1792
[2023-03-21] [12:11:08:163] User selects the Company = Automation Testing Comapny9441
[2023-03-21] [12:11:08:260] User select clicks on the base location checkbox !!
[2023-03-21] [12:11:10:325] User clicks on save continue Button !!
[2023-03-21] [12:11:13:250] User clicks on the title 
[2023-03-21] [12:11:13:346] User clicks on Products
[2023-03-21] [12:11:14:382] User clicks on ProductList
[2023-03-21] [12:11:16:035] User clicks on add product button
[2023-03-21] [12:11:16:181] User enters the product name = Automation US_Food
[2023-03-21] [12:11:21:421] User clicks on Add Users Button !!
[2023-03-21] [12:11:21:809] User selects the Company = Automation Testing Comapny9441
[2023-03-21] [12:11:22:582] User clicks on save continue Button !!
[2023-03-21] [12:11:24:126] User clicks on the title 
[2023-03-21] [12:11:24:284] User enter the Automation Testing Company
[2023-03-21] [12:11:26:560] User clicks on the search button !!
[2023-03-21] [12:11:59:723] User clicks on the USer Icon company !!]]>
  </system-out>
</testsuite> <!-- com.diningedge.Regression.CreateCompany_E2E -->
