<?xml version="1.0" encoding="UTF-8"?>
<!-- Generated by org.testng.reporters.JUnitReportReporter -->
<testsuite hostname="Automation_Love" failures="0" tests="1" name="com.diningedge.Regression.E2E_Flow" time="102.201" errors="0" timestamp="2023-02-17T21:58:30 IST" skipped="0">
  <testcase classname="com.diningedge.Regression.E2E_Flow" name="Test01_BasicFlowLogin" time="102.201"/>
  <system-out>
    <![CDATA[[2023-02-17] [21:56:47:373] User enters Name = testauto
[2023-02-17] [21:56:47:464] User enters Password =123456
[2023-02-17] [21:56:47:527] User clicks on the Login Button !!!
[2023-02-17] [21:56:51:001] Assertion Passed: DiningEdge is present on the HomePage
[2023-02-17] [21:56:51:046] Assertion Passed: Dashboard is present on the HomePage
[2023-02-17] [21:56:51:413] User clicks on Order Edge Button !!
[2023-02-17] [21:56:51:508] User clicks on select Location dropDown !!
[2023-02-17] [21:56:51:601] User clicks on select Location loc10 from dropDown !!
[2023-02-17] [21:56:54:565] User clicks on the add Product Button !!
[2023-02-17] [21:56:54:619] Assertion Passed: Create product is present on the popup
[2023-02-17] [21:56:54:655] Assertion Passed: Create product is present on the popup
[2023-02-17] [21:56:55:125] User enters the value Automation_PFG_1 in Name
[2023-02-17] [21:56:55:171] Assertion Passed: Create product is present on the popup
[2023-02-17] [21:56:55:285] User enters the value 2 in Size
[2023-02-17] [21:56:55:434] User enters the value Unit * Dropdown !!
[2023-02-17] [21:56:58:581] User selects the value G From the Dropdown !!
[2023-02-17] [21:56:59:029] User enters the value Primary Category * Dropdown !!
[2023-02-17] [21:57:02:143] User selects the value PFG From the Dropdown !!
[2023-02-17] [21:57:02:558] User enters the value Storage Dropdown !!
[2023-02-17] [21:57:05:684] User selects the value Bread From the Dropdown !!
[2023-02-17] [21:57:06:041] User click on the Save button
[2023-02-17] [21:57:11:465] User clicks on the Snack Bar cross button !!
[2023-02-17] [21:57:11:681] User clicks on the Open Manage Comparabls Button !!
[2023-02-17] [21:57:16:771] User adds comparabls !!
[2023-02-17] [21:57:17:999] User click on the Save and Close button
[2023-02-17] [21:57:20:046] User clicks on the cross icon
[2023-02-17] [21:57:22:173] User clicks on Order Edge Button !!
[2023-02-17] [21:57:23:876] User added number of units = 2
[2023-02-17] [21:57:27:887] User clicks on the Add Cart Button !!
[2023-02-17] [21:57:30:061] User clicks on the Checkout Button !!
[2023-02-17] [21:57:31:468] User clicks on the Submit All Button !!
[2023-02-17] [21:57:34:577] User clicks on the Snack Bar cross button !!
[2023-02-17] [21:57:36:231] Connecting to gmail...]]>
  </system-out>
</testsuite> <!-- com.diningedge.Regression.E2E_Flow -->
