<?xml version="1.0" encoding="UTF-8"?>
<!-- Generated by org.testng.reporters.JUnitReportReporter -->
<testsuite hostname="LAPTOP-SF32JU0L" failures="0" tests="1" name="com.diningedge.Regression.DiningEdgeLoginTest" time="58.706" errors="0" timestamp="2022-12-04T01:08:42 IST" skipped="0">
  <testcase classname="com.diningedge.Regression.DiningEdgeLoginTest" name="sendOrderGuideFromOrderEdge" time="58.706"/>
  <system-out>
    <![CDATA[[2022-12-04] [01:07:57:510] User enters Name= manhattan
[2022-12-04] [01:07:57:624] User enters Password =123456
[2022-12-04] [01:07:57:697] User clicks on the Login Button !!!
[2022-12-04] [01:08:01:377] Assertion Passed: DiningEdge is present on the HomePage
[2022-12-04] [01:08:01:430] Assertion Passed: Dashboard is present on the HomePage
[2022-12-04] [01:08:01:856] User clicks on Order Edge Button !!
[2022-12-04] [01:08:02:168] User clicks on the Setting Button !!!
[2022-12-04] [01:08:03:660] User enters Cheney search bar !!
[2022-12-04] [01:08:03:967] User clicks on the Cheney List item !!
[2022-12-04] [01:08:05:181] User clicks on the EDI Settings Setting item !!
[2022-12-04] [01:08:05:315] User clicks the select Type DropDown
[2022-12-04] [01:08:05:464] User clicks the Email DropDown
[2022-12-04] [01:08:05:882] User remove the email :: diningedgetest@gmail.com
[2022-12-04] [01:08:06:209] User enter the following email ::diningedgetest@gmail.com
[2022-12-04] [01:08:06:391] User clicks on the Save button !!
[2022-12-04] [01:08:10:247] User clicks on the Snack Bar cross button !!
[2022-12-04] [01:08:10:584] User clicks on Order Edge Button !!
[2022-12-04] [01:08:20:551] User added number of units = 2
[2022-12-04] [01:08:24:904] User clicks on the Add Cart Button !!
[2022-12-04] [01:08:27:173] User clicks on the Checkout Button !!
[2022-12-04] [01:08:28:390] User clicks on the Submit All Button !!
[2022-12-04] [01:08:30:709] User clicks on the Snack Bar cross button !!
[2022-12-04] [01:08:35:943] Connecting to gmail...
[2022-12-04] [01:08:38:309] Connected to - imaps://diningedgetest%40gmail.com@imap.gmail.com
[2022-12-04] [01:08:39:174] Subject is :-New order : Manhattan Deli (Manhattan Deli)
[2022-12-04] [01:08:40:971] orderId #: 557
[2022-12-04] [01:08:40:971] Order Date : 12/03/2022
[2022-12-04] [01:08:40:972] Resturant Name : Manhattan Deli
[2022-12-04] [01:08:41:629] New order : Manhattan Deli (Manhattan Deli) :: email deleted successfully !!]]>
  </system-out>
</testsuite> <!-- com.diningedge.Regression.DiningEdgeLoginTest -->
