<?xml version="1.0" encoding="UTF-8"?>
<!-- Generated by org.testng.reporters.JUnitReportReporter -->
<testsuite hostname="Automation_Love" failures="0" tests="1" name="InventoryRegression.CreateAndValidateInventory" time="197.845" errors="0" timestamp="2023-04-30T22:34:01 IST" skipped="0">
  <testcase classname="InventoryRegression.CreateAndValidateInventory" name="Test01_BasicFlowLogin" time="197.845"/>
  <system-out>
    <![CDATA[[2023-04-30] [22:33:38:495] User enters Name = testauto123
[2023-04-30] [22:33:38:601] User enters Password =12345678
[2023-04-30] [22:33:38:665] User clicks on the Login Button !!!
[2023-04-30] [22:33:45:468] Assertion Passed: DiningEdge is present on the HomePage
[2023-04-30] [22:33:45:528] Assertion Passed: Dashboard is present on the HomePage
[2023-04-30] [22:33:45:973] User clicks on Order Edge Button !!
[2023-04-30] [22:33:46:106] User clicks on select Location dropDown !!
[2023-04-30] [22:33:46:225] User clicks on select Location loc10 from dropDown !!
[2023-04-30] [22:33:49:684] User clicks on the Inventory button !!
[2023-04-30] [22:33:50:394] User clicks on the Create invetory Button !!
[2023-04-30] [22:33:52:865] User selects the :: Grid Order
[2023-04-30] [22:33:57:175] User click on the Complete button
[2023-04-30] [22:33:58:006] User clicks on the Complete Button !!
[2023-04-30] [22:34:00:952] User clicks on the eye button !!]]>
  </system-out>
</testsuite> <!-- InventoryRegression.CreateAndValidateInventory -->
