<?xml version="1.0" encoding="UTF-8"?>
<!-- Generated by org.testng.reporters.JUnitReportReporter -->
<testsuite hostname="Automation_Love" failures="0" tests="1" name="com.diningedge.Regression.SendOGTest" time="231.679" errors="0" timestamp="2023-04-08T19:42:58 IST" skipped="0">
  <testcase classname="com.diningedge.Regression.SendOGTest" name="sendOrderGuideFromOrderEdge" time="231.679"/>
  <system-out>
    <![CDATA[[2023-04-08] [19:40:00:576] User enters Name = testauto123
[2023-04-08] [19:40:00:718] User enters Password =12345678
[2023-04-08] [19:40:00:812] User clicks on the Login Button !!!
[2023-04-08] [19:40:10:265] Assertion Passed: DiningEdge is present on the HomePage
[2023-04-08] [19:40:10:325] Assertion Passed: Dashboard is present on the HomePage
[2023-04-08] [19:40:10:566] User clicks on the setting Icon button !!
[2023-04-08] [19:40:13:768] User enters PFG search bar !!
[2023-04-08] [19:40:14:008] User clicks on the PFG List item !!
[2023-04-08] [19:40:16:197] User clicks on the EDI Settings Setting item !!
[2023-04-08] [19:40:16:319] User Select on the Send Order Setting options !!
[2023-04-08] [19:40:16:518] User clicks the select Type DropDown
[2023-04-08] [19:40:16:675] User clicks the Email DropDown
[2023-04-08] [19:40:17:419] User enter the following email ::diningedgetest1@gmail.com
[2023-04-08] [19:40:17:604] User clicks on the Save button !!
[2023-04-08] [19:40:21:550] User clicks on the Snack Bar cross button !!
[2023-04-08] [19:40:21:925] User clicks on Order Edge Button !!
[2023-04-08] [19:40:22:037] User clicks on select Location dropDown !!
[2023-04-08] [19:40:22:141] User clicks on select Location loc10 from dropDown !!
[2023-04-08] [19:40:22:485] User clicks on Order Edge Button !!
[2023-04-08] [19:40:24:209] User added number of units = 2
[2023-04-08] [19:40:27:175] User clicks on the Add Cart Button !!
[2023-04-08] [19:40:29:435] User clicks on the Checkout Button !!
[2023-04-08] [19:40:30:710] User clicks on the Submit All Button !!
[2023-04-08] [19:40:33:136] User clicks on the Snack Bar cross button !!
[2023-04-08] [19:40:33:908] Connecting to gmail...
[2023-04-08] [19:40:36:611] Connected to - imaps://diningedgetest%40gmail.com@imap.gmail.com
[2023-04-08] [19:40:47:051] Connecting to gmail...
[2023-04-08] [19:40:49:133] Connected to - imaps://diningedgetest%40gmail.com@imap.gmail.com
[2023-04-08] [19:40:59:531] Connecting to gmail...
[2023-04-08] [19:41:01:908] Connected to - imaps://diningedgetest%40gmail.com@imap.gmail.com
[2023-04-08] [19:41:12:317] Connecting to gmail...
[2023-04-08] [19:41:14:639] Connected to - imaps://diningedgetest%40gmail.com@imap.gmail.com
[2023-04-08] [19:41:25:031] Connecting to gmail...
[2023-04-08] [19:41:26:991] Connected to - imaps://diningedgetest%40gmail.com@imap.gmail.com
[2023-04-08] [19:41:37:622] Connecting to gmail...
[2023-04-08] [19:41:40:201] Connected to - imaps://diningedgetest%40gmail.com@imap.gmail.com
[2023-04-08] [19:41:50:622] Connecting to gmail...
[2023-04-08] [19:41:52:775] Connected to - imaps://diningedgetest%40gmail.com@imap.gmail.com
[2023-04-08] [19:42:03:121] Connecting to gmail...
[2023-04-08] [19:42:04:982] Connected to - imaps://diningedgetest%40gmail.com@imap.gmail.com
[2023-04-08] [19:42:15:418] Connecting to gmail...
[2023-04-08] [19:42:18:400] Connected to - imaps://diningedgetest%40gmail.com@imap.gmail.com
[2023-04-08] [19:42:29:027] Connecting to gmail...
[2023-04-08] [19:42:31:503] Connected to - imaps://diningedgetest%40gmail.com@imap.gmail.com
[2023-04-08] [19:42:41:918] Connecting to gmail...
[2023-04-08] [19:42:43:997] Connected to - imaps://diningedgetest%40gmail.com@imap.gmail.com
[2023-04-08] [19:42:44:408] Connecting to gmail...
[2023-04-08] [19:42:47:271] Connected to - imaps://diningedgetest%40gmail.com@imap.gmail.com
[2023-04-08] [19:42:47:687] Moved email in successfully Done!!]]>
  </system-out>
</testsuite> <!-- com.diningedge.Regression.SendOGTest -->
