<?xml version="1.0" encoding="UTF-8"?>
<!-- Generated by org.testng.reporters.JUnitReportReporter -->
<testsuite hostname="LAPTOP-SF32JU0L" failures="0" tests="1" name="com.diningedge.Regression.SendOGTest" time="103.979" errors="0" timestamp="2022-12-30T23:36:34 IST" skipped="0">
  <testcase classname="com.diningedge.Regression.SendOGTest" name="sendOrderGuideFromOrderEdge" time="103.979"/>
  <system-out>
    <![CDATA[[2022-12-30] [23:35:38:638] User enters Name = testauto
[2022-12-30] [23:35:38:754] User enters Password =123456
[2022-12-30] [23:35:38:841] User clicks on the Login Button !!!
[2022-12-30] [23:35:43:740] Assertion Passed: DiningEdge is present on the HomePage
[2022-12-30] [23:35:43:818] Assertion Passed: Dashboard is present on the HomePage
[2022-12-30] [23:35:44:323] User clicks on Order Edge Button !!
[2022-12-30] [23:35:44:445] User clicks on select Location dropDown !!
[2022-12-30] [23:35:44:570] User clicks on select Location loc10 from dropDown !!
[2022-12-30] [23:35:44:866] User clicks on Order Edge Button !!
[2022-12-30] [23:35:47:258] User added number of units = 4
[2022-12-30] [23:35:51:381] User clicks on the Add Cart Button !!
[2022-12-30] [23:35:53:597] User clicks on the Checkout Button !!
[2022-12-30] [23:35:55:106] User clicks on the Submit All Button !!
[2022-12-30] [23:35:58:065] User clicks on the Snack Bar cross button !!
[2022-12-30] [23:35:58:981] Connecting to gmail...
[2022-12-30] [23:36:03:555] Connected to - imaps://diningedgetest%40gmail.com@imap.gmail.com
[2022-12-30] [23:36:14:030] Connecting to gmail...
[2022-12-30] [23:36:17:013] Connected to - imaps://diningedgetest%40gmail.com@imap.gmail.com
[2022-12-30] [23:36:18:214] Subject is :-New order : test automation (loc10)
[2022-12-30] [23:36:18:216] Connecting to gmail...
[2022-12-30] [23:36:21:403] Connected to - imaps://diningedgetest%40gmail.com@imap.gmail.com
[2022-12-30] [23:36:22:682] Subject is :-New order : test automation (loc10)
[2022-12-30] [23:36:22:683] Connecting to gmail...
[2022-12-30] [23:36:25:562] Connected to - imaps://diningedgetest%40gmail.com@imap.gmail.com
[2022-12-30] [23:36:26:361] Subject is :-New order : test automation (loc10)
[2022-12-30] [23:36:28:125] orderId #: 311
[2022-12-30] [23:36:28:126] Order Date : 12/30/2022
[2022-12-30] [23:36:28:127] Resturant Name : test automation
[2022-12-30] [23:36:28:127] Total Order Amount : $492.00
[2022-12-30] [23:36:29:079] New order : test automation (loc10) :: email deleted successfully !!
[2022-12-30] [23:36:29:081] Connecting to gmail...
[2022-12-30] [23:36:31:793] Connected to - imaps://diningedgetest%40gmail.com@imap.gmail.com
[2022-12-30] [23:36:32:738] Moved email in successfully Done!!]]>
  </system-out>
</testsuite> <!-- com.diningedge.Regression.SendOGTest -->
