<?xml version="1.0" encoding="UTF-8"?>
<!-- Generated by org.testng.reporters.JUnitReportReporter -->
<testsuite hostname="Automation_Love" failures="0" tests="1" name="com.diningedge.Regression.OrderEdgeProductFlow" time="58.555" errors="0" timestamp="2023-02-13T10:40:59 IST" skipped="0">
  <testcase classname="com.diningedge.Regression.OrderEdgeProductFlow" name="Test01_BasicFlowLogin" time="58.555"/>
  <system-out>
    <![CDATA[[2023-02-13] [10:40:22:117] User enters Name = testauto
[2023-02-13] [10:40:22:233] User enters Password =123456
[2023-02-13] [10:40:22:300] User clicks on the Login Button !!!
[2023-02-13] [10:40:25:966] Assertion Passed: DiningEdge is present on the HomePage
[2023-02-13] [10:40:26:018] Assertion Passed: Dashboard is present on the HomePage
[2023-02-13] [10:40:26:416] User clicks on Order Edge Button !!
[2023-02-13] [10:40:26:523] User clicks on select Location dropDown !!
[2023-02-13] [10:40:26:632] User clicks on select Location loc10 from dropDown !!
[2023-02-13] [10:40:29:329] User clicks on the add Product Button !!
[2023-02-13] [10:40:29:383] Assertion Passed: Create product is present on the popup
[2023-02-13] [10:40:29:422] Assertion Passed: Create product is present on the popup
[2023-02-13] [10:40:30:033] User enters the value Automation Product 71 in Name
[2023-02-13] [10:40:30:111] Assertion Passed: Create product is present on the popup
[2023-02-13] [10:40:30:269] User enters the value 38 in Size
[2023-02-13] [10:40:30:389] User enters the value Unit * Dropdown !!
[2023-02-13] [10:40:33:562] User selects the value DOZ From the Dropdown !!
[2023-02-13] [10:40:34:005] User enters the value Primary Category * Dropdown !!
[2023-02-13] [10:40:37:147] User selects the value PFG From the Dropdown !!
[2023-02-13] [10:40:37:577] User enters the value Storage Dropdown !!
[2023-02-13] [10:40:40:724] User selects the value Solid From the Dropdown !!
[2023-02-13] [10:40:41:098] User click on the Save button
[2023-02-13] [10:40:45:472] User clicks on the Snack Bar cross button !!
[2023-02-13] [10:40:45:707] User clicks on the Open Manage Comparabls Button !!
[2023-02-13] [10:40:50:734] User adds comparabls !!
[2023-02-13] [10:40:51:815] User click on the Save and Close button
[2023-02-13] [10:40:53:755] User clicks on the cross icon]]>
  </system-out>
</testsuite> <!-- com.diningedge.Regression.OrderEdgeProductFlow -->
