<?xml version="1.0" encoding="UTF-8"?>
<!-- Generated by org.testng.reporters.JUnitReportReporter -->
<testsuite hostname="Automation_Love" failures="0" tests="1" name="com.diningedge.DiningEdgeAdmin.CreateCompanyTest" time="56.041" errors="0" timestamp="2023-02-28T21:31:05 IST" skipped="0">
  <testcase classname="com.diningedge.DiningEdgeAdmin.CreateCompanyTest" name="loginInToAdminPage" time="56.041"/>
  <system-out>
    <![CDATA[[2023-02-28] [21:30:13:164] User enters Name = vandy
[2023-02-28] [21:30:13:226] User enters Password = NC$33433$
[2023-02-28] [21:30:17:693] User clicks on the Login Button !!!
[2023-02-28] [21:30:18:383] User clicks on the Add Companies Button!!
[2023-02-28] [21:30:18:502] USer enters the Company Name = Automation Testing Comapny4118
[2023-02-28] [21:30:18:566] User select Home office and Order unengaged items allowed check boxes !!
[2023-02-28] [21:30:19:943] User clicks on save continue Button !!
[2023-02-28] [21:30:20:015] User clicks on companies Button !!
[2023-02-28] [21:30:22:045] User clicks on Locations Button !!
[2023-02-28] [21:30:23:781] User clicks on Add Locations Button !!
[2023-02-28] [21:30:23:900] USer enters the Location Name = Automation Street1295
[2023-02-28] [21:30:24:170] User selects the Company = Automation Testing Comapny4118
[2023-02-28] [21:30:24:243] User select clicks on the base location checkbox !!
[2023-02-28] [21:30:26:709] User clicks on save continue Button !!
[2023-02-28] [21:30:29:210] User clicks on the title 
[2023-02-28] [21:30:29:277] User clicks on Products
[2023-02-28] [21:30:30:891] User clicks on ProductList
[2023-02-28] [21:30:33:083] User clicks on add product button
[2023-02-28] [21:30:33:177] User enters the product name = Automation Cheney
[2023-02-28] [21:30:37:605] User clicks on Add Users Button !!
[2023-02-28] [21:30:37:868] User selects the Company = Automation Testing Comapny4118
[2023-02-28] [21:30:38:436] User clicks on save continue Button !!
[2023-02-28] [21:30:40:001] User clicks on the title 
[2023-02-28] [21:30:40:107] User enter the Automation Testing Company
[2023-02-28] [21:30:42:070] User clicks on the search button !!
[2023-02-28] [21:30:54:556] User clicks on the USer Icon company !!
[2023-02-28] [21:30:57:740] User selects the Manage Items From the list
[2023-02-28] [21:30:57:960] User selects the Products List From the list
[2023-02-28] [21:30:59:638] File Uploaded successfully
[2023-02-28] [21:31:04:750] User clicks on Upload btn]]>
  </system-out>
</testsuite> <!-- com.diningedge.DiningEdgeAdmin.CreateCompanyTest -->
