<?xml version="1.0" encoding="UTF-8"?>
<!-- Generated by org.testng.reporters.JUnitReportReporter -->
<testsuite hostname="LAPTOP-SF32JU0L" failures="0" tests="1" name="com.diningedge.Regression.SettingsPageTest" time="43.962" errors="0" timestamp="2022-12-15T02:42:16 IST" skipped="0">
  <testcase classname="com.diningedge.Regression.SettingsPageTest" name="verify_EDISettings_Feature" time="43.962"/>
  <system-out>
    <![CDATA[[2022-12-15] [02:42:08:160] User enters Name= testauto
[2022-12-15] [02:42:08:338] User enters Password =123456
[2022-12-15] [02:42:08:441] User clicks on the Login Button !!!
[2022-12-15] [02:42:13:313] Assertion Passed: DiningEdge is present on the HomePage
[2022-12-15] [02:42:13:421] Assertion Passed: Dashboard is present on the HomePage
[2022-12-15] [02:42:14:071] User clicks on Order Edge Button !!
[2022-12-15] [02:42:14:400] User clicks on the Setting Button !!!
[2022-12-15] [02:42:15:578] User enters Cheney search bar !!
[2022-12-15] [02:42:15:901] User clicks on the Cheney List item !!]]>
  </system-out>
</testsuite> <!-- com.diningedge.Regression.SettingsPageTest -->
