<?xml version="1.0" encoding="UTF-8"?>
<!-- Generated by org.testng.reporters.JUnitReportReporter -->
<testsuite hostname="Automation_Love" failures="0" tests="1" name="com.diningedge.Regression.E2E_Flow" time="129.697" errors="0" timestamp="2023-04-17T20:29:43 IST" skipped="0">
  <testcase classname="com.diningedge.Regression.E2E_Flow" name="Test01_BasicFlowLogin" time="129.697"/>
  <system-out>
    <![CDATA[[2023-04-17] [20:27:32:342] User enters Name = testauto123
[2023-04-17] [20:27:32:485] User enters Password =12345678
[2023-04-17] [20:27:32:566] User clicks on the Login Button !!!
[2023-04-17] [20:27:36:314] Assertion Passed: DiningEdge is present on the HomePage
[2023-04-17] [20:27:36:379] Assertion Passed: Dashboard is present on the HomePage
[2023-04-17] [20:27:36:814] User clicks on Order Edge Button !!
[2023-04-17] [20:27:36:972] User clicks on select Location dropDown !!
[2023-04-17] [20:27:37:093] User clicks on select Location loc10 from dropDown !!
[2023-04-17] [20:27:37:436] User clicks on the setting Icon button !!
[2023-04-17] [20:27:40:745] User enters Cheney search bar !!
[2023-04-17] [20:27:40:943] User clicks on the Cheney List item !!
[2023-04-17] [20:27:43:208] User clicks on the EDI Settings Setting item !!
[2023-04-17] [20:27:43:325] User Select on the Send Order Setting options !!
[2023-04-17] [20:27:43:512] User clicks the select Type DropDown
[2023-04-17] [20:27:43:677] User clicks the Email DropDown
[2023-04-17] [20:27:44:439] User enter the following email ::diningedgetest@gmail.com
[2023-04-17] [20:27:44:669] User clicks on the Save button !!
[2023-04-17] [20:27:48:922] User clicks on the Snack Bar cross button !!
[2023-04-17] [20:27:49:270] User clicks on Order Edge Button !!
[2023-04-17] [20:27:54:392] User clicks on the add Product Button !!
[2023-04-17] [20:27:54:503] Assertion Passed: Create product is present on the popup
[2023-04-17] [20:27:54:558] Assertion Passed: Create product is present on the popup
[2023-04-17] [20:27:55:165] User enters the value Automation_PFG_1 in Name
[2023-04-17] [20:27:55:276] Assertion Passed: Create product is present on the popup
[2023-04-17] [20:27:55:428] User enters the value 2 in Size
[2023-04-17] [20:27:55:583] User enters the value Unit * Dropdown !!
[2023-04-17] [20:27:58:851] User selects the value ML From the Dropdown !!
[2023-04-17] [20:27:59:330] User enters the value Primary Category * Dropdown !!
[2023-04-17] [20:28:02:584] User selects the value test From the Dropdown !!
[2023-04-17] [20:28:03:061] User enters the value Storage Dropdown !!
[2023-04-17] [20:28:06:277] User selects the value Liquid From the Dropdown !!
[2023-04-17] [20:28:06:323] Assertion Passed: Create product is present on the popup
[2023-04-17] [20:28:06:472] User enters the value 1 in Position
[2023-04-17] [20:28:09:802] User click on the Save button
[2023-04-17] [20:28:15:442] User clicks on the Snack Bar cross button !!
[2023-04-17] [20:28:15:804] User clicks on the Open Manage Comparabls Button !!
[2023-04-17] [20:28:21:144] User adds comparabls !!
[2023-04-17] [20:28:24:393] User click on the Save and Close button
[2023-04-17] [20:28:29:737] User clicks on the cross icon
[2023-04-17] [20:28:35:745] User clicks on Order Edge Button !!
[2023-04-17] [20:28:37:481] User added number of units = 2
[2023-04-17] [20:28:39:948] User clicks on the Add Cart Button !!
[2023-04-17] [20:28:42:516] User clicks on the Checkout Button !!
[2023-04-17] [20:28:44:457] User clicks on the Submit All Button !!
[2023-04-17] [20:28:48:321] User clicks on the Snack Bar cross button !!
[2023-04-17] [20:28:49:214] Connecting to gmail...
[2023-04-17] [20:28:56:686] Connected to - imaps://diningedgetest%40gmail.com@imap.gmail.com
[2023-04-17] [20:28:57:610] Subject is :-Reminder: Your Google Cloud free trial is waiting
[2023-04-17] [20:29:07:620] Connecting to gmail...
[2023-04-17] [20:29:09:999] Connected to - imaps://diningedgetest%40gmail.com@imap.gmail.com
[2023-04-17] [20:29:10:668] Subject is :-Reminder: Your Google Cloud free trial is waiting
[2023-04-17] [20:29:11:227] Subject is :-New order : DiningEdgeAutomation (loc10)
[2023-04-17] [20:29:11:230] Connecting to gmail...
[2023-04-17] [20:29:13:275] Connected to - imaps://diningedgetest%40gmail.com@imap.gmail.com
[2023-04-17] [20:29:14:096] Subject is :-Reminder: Your Google Cloud free trial is waiting
[2023-04-17] [20:29:14:477] Subject is :-New order : DiningEdgeAutomation (loc10)
[2023-04-17] [20:29:14:480] Connecting to gmail...
[2023-04-17] [20:29:17:165] Connected to - imaps://diningedgetest%40gmail.com@imap.gmail.com
[2023-04-17] [20:29:17:902] Subject is :-Reminder: Your Google Cloud free trial is waiting
[2023-04-17] [20:29:18:291] Subject is :-New order : DiningEdgeAutomation (loc10)
[2023-04-17] [20:29:19:635] orderId #: 387
[2023-04-17] [20:29:19:639] Order Date : 04/17/2023
[2023-04-17] [20:29:19:644] Resturant Name : DiningEdgeAutomation
[2023-04-17] [20:29:19:644] Total Order Amount : $2.00
[2023-04-17] [20:29:20:137] New order : DiningEdgeAutomation (loc10) :: email deleted successfully !!
[2023-04-17] [20:29:20:142] Connecting to gmail...
[2023-04-17] [20:29:22:491] Connected to - imaps://diningedgetest%40gmail.com@imap.gmail.com
[2023-04-17] [20:29:23:311] Subject is :-Reminder: Your Google Cloud free trial is waiting
[2023-04-17] [20:29:23:666] Moved email in successfully Done!!]]>
  </system-out>
</testsuite> <!-- com.diningedge.Regression.E2E_Flow -->
