<?xml version="1.0" encoding="UTF-8"?>
<!-- Generated by org.testng.reporters.JUnitReportReporter -->
<testsuite hostname="Automation_Love" failures="0" tests="1" name="com.diningedge.Regression.SendOGTest" time="166.318" errors="0" timestamp="2023-07-17T14:49:27 IST" skipped="0">
  <testcase classname="com.diningedge.Regression.SendOGTest" name="sendOrderGuideFromOrderEdge" time="166.318"/>
  <system-out>
    <![CDATA[[2023-07-17] [14:48:15:993] User enters Name = testauto123
[2023-07-17] [14:48:16:133] User enters Password =12345678
[2023-07-17] [14:48:16:228] User clicks on the Login Button !!!
[2023-07-17] [14:48:22:458] Assertion Passed: DiningEdge is present on the HomePage
[2023-07-17] [14:48:22:551] Assertion Passed: Dashboard is present on the HomePage
[2023-07-17] [14:48:22:791] User clicks on the setting Icon button !!
[2023-07-17] [14:48:26:011] User enters US Foods search bar !!
[2023-07-17] [14:48:26:229] User clicks on the US Foods List item !!
[2023-07-17] [14:48:28:508] User clicks on the EDI Settings Setting item !!
[2023-07-17] [14:48:28:622] User Select on the Send Order Setting options !!
[2023-07-17] [14:48:28:853] User clicks the select Type DropDown
[2023-07-17] [14:48:29:037] User clicks the Email DropDown
[2023-07-17] [14:48:29:764] User enter the following email ::diningedgetest@gmail.com
[2023-07-17] [14:48:29:976] User clicks on the Save button !!
[2023-07-17] [14:48:35:359] User clicks on the Snack Bar cross button !!
[2023-07-17] [14:48:35:790] User clicks on Order Edge Button !!
[2023-07-17] [14:48:35:914] User clicks on select Location dropDown !!
[2023-07-17] [14:48:36:040] User clicks on select Location loc10 from dropDown !!
[2023-07-17] [14:48:36:315] User clicks on Order Edge Button !!
[2023-07-17] [14:48:38:413] User added number of units = 1
[2023-07-17] [14:48:40:832] User clicks on the Add Cart Button !!
[2023-07-17] [14:48:43:040] User clicks on the Checkout Button !!
[2023-07-17] [14:48:44:519] User clicks on the Submit All Button !!
[2023-07-17] [14:48:47:651] User clicks on the Snack Bar cross button !!
[2023-07-17] [14:48:48:525] Connecting to gmail...
[2023-07-17] [14:48:50:860] Connected to - imaps://diningedgetest%40gmail.com@imap.gmail.com
[2023-07-17] [14:49:11:271] Connecting to gmail...
[2023-07-17] [14:49:14:200] Connected to - imaps://diningedgetest%40gmail.com@imap.gmail.com
[2023-07-17] [14:49:14:880] Subject is :-New order : DiningEdgeAutomation (loc10)
[2023-07-17] [14:49:14:883] Connecting to gmail...
[2023-07-17] [14:49:17:173] Connected to - imaps://diningedgetest%40gmail.com@imap.gmail.com
[2023-07-17] [14:49:17:925] Subject is :-New order : DiningEdgeAutomation (loc10)
[2023-07-17] [14:49:17:931] Connecting to gmail...
[2023-07-17] [14:49:20:961] Connected to - imaps://diningedgetest%40gmail.com@imap.gmail.com
[2023-07-17] [14:49:21:680] Subject is :-New order : DiningEdgeAutomation (loc10)
[2023-07-17] [14:49:23:142] orderId #: 3
[2023-07-17] [14:49:23:145] Order Date : 07/17/2023
[2023-07-17] [14:49:23:147] Resturant Name : DiningEdgeAutomation
[2023-07-17] [14:49:23:148] Total Order Amount : $2.00
[2023-07-17] [14:49:23:612] New order : DiningEdgeAutomation (loc10) :: email deleted successfully !!
[2023-07-17] [14:49:23:614] Connecting to gmail...
[2023-07-17] [14:49:25:988] Connected to - imaps://diningedgetest%40gmail.com@imap.gmail.com
[2023-07-17] [14:49:26:795] Moved email in successfully Done!!]]>
  </system-out>
</testsuite> <!-- com.diningedge.Regression.SendOGTest -->
