<?xml version="1.0" encoding="UTF-8"?>
<!-- Generated by org.testng.reporters.JUnitReportReporter -->
<testsuite hostname="Automation_Love" failures="0" tests="1" name="com.diningedge.Regression.SendOGTest" time="125.049" errors="0" timestamp="2023-02-20T17:15:22 IST" skipped="0">
  <testcase classname="com.diningedge.Regression.SendOGTest" name="sendOrderGuideFromOrderEdge" time="125.049"/>
  <system-out>
    <![CDATA[[2023-02-20] [17:14:25:007] User enters Name = testauto
[2023-02-20] [17:14:25:148] User enters Password =123456
[2023-02-20] [17:14:25:239] User clicks on the Login Button !!!
[2023-02-20] [17:14:30:017] Assertion Passed: DiningEdge is present on the HomePage
[2023-02-20] [17:14:30:132] Assertion Passed: Dashboard is present on the HomePage
[2023-02-20] [17:14:30:683] User clicks on Order Edge Button !!
[2023-02-20] [17:14:30:852] User clicks on select Location dropDown !!
[2023-02-20] [17:14:30:976] User clicks on select Location loc10 from dropDown !!
[2023-02-20] [17:14:31:302] User clicks on Order Edge Button !!
[2023-02-20] [17:14:33:600] User added number of units = 1
[2023-02-20] [17:14:36:697] User clicks on the Add Cart Button !!
[2023-02-20] [17:14:38:912] User clicks on the Checkout Button !!
[2023-02-20] [17:14:40:539] User clicks on the Submit All Button !!
[2023-02-20] [17:14:43:785] User clicks on the Snack Bar cross button !!
[2023-02-20] [17:14:44:757] Connecting to gmail...
[2023-02-20] [17:14:47:889] Connected to - imaps://diningedgetest%40gmail.com@imap.gmail.com
[2023-02-20] [17:14:58:436] Connecting to gmail...
[2023-02-20] [17:15:01:199] Connected to - imaps://diningedgetest%40gmail.com@imap.gmail.com
[2023-02-20] [17:15:02:116] Subject is :-New order : test automation (loc10)
[2023-02-20] [17:15:02:118] Connecting to gmail...
[2023-02-20] [17:15:04:682] Connected to - imaps://diningedgetest%40gmail.com@imap.gmail.com
[2023-02-20] [17:15:05:589] Subject is :-New order : test automation (loc10)
[2023-02-20] [17:15:05:594] Connecting to gmail...
[2023-02-20] [17:15:07:853] Connected to - imaps://diningedgetest%40gmail.com@imap.gmail.com
[2023-02-20] [17:15:08:768] Subject is :-New order : test automation (loc10)
[2023-02-20] [17:15:10:591] orderId #: 621
[2023-02-20] [17:15:10:593] Order Date : 02/20/2023
[2023-02-20] [17:15:10:597] Resturant Name : test automation
[2023-02-20] [17:15:10:599] Total Order Amount : $1.00
[2023-02-20] [17:15:11:746] New order : test automation (loc10) :: email deleted successfully !!
[2023-02-20] [17:15:11:749] Connecting to gmail...
[2023-02-20] [17:15:14:410] Connected to - imaps://diningedgetest%40gmail.com@imap.gmail.com
[2023-02-20] [17:15:15:230] Moved email in successfully Done!!]]>
  </system-out>
</testsuite> <!-- com.diningedge.Regression.SendOGTest -->
