<?xml version="1.0" encoding="UTF-8"?>
<!-- Generated by org.testng.reporters.JUnitReportReporter -->
<testsuite hostname="LAPTOP-SF32JU0L" failures="0" tests="1" name="com.diningedge.DiningEdgeAdmin.CreateCompanyTest" time="35.087" errors="0" timestamp="2023-01-16T21:51:02 IST" skipped="0">
  <testcase classname="com.diningedge.DiningEdgeAdmin.CreateCompanyTest" name="loginInToAdminPage" time="35.087"/>
  <system-out>
    <![CDATA[[2023-01-16] [21:50:25:964] User enters Name = ocrtestonly
[2023-01-16] [21:50:26:043] User enters Password = 123456
[2023-01-16] [21:50:49:817] User clicks on the Login Button !!!
[2023-01-16] [21:50:51:589] User clicks on the Add Companies Button!!
[2023-01-16] [21:50:51:743] USer enters the Company Name = Automation Testing Company
[2023-01-16] [21:50:51:825] User select Home office and Order unengaged items allowed check boxes !!
[2023-01-16] [21:50:54:505] User clicks on save continue Button !!
[2023-01-16] [21:50:54:588] User clicks on companies Button !!]]>
  </system-out>
</testsuite> <!-- com.diningedge.DiningEdgeAdmin.CreateCompanyTest -->
