<?xml version="1.0" encoding="UTF-8"?>
<!-- Generated by org.testng.reporters.JUnitReportReporter -->
<testsuite hostname="Automation_Love" failures="0" tests="1" name="com.diningedge.Regression.SendOGTest" time="73.783" errors="0" timestamp="2023-02-14T13:35:23 IST" skipped="0">
  <testcase classname="com.diningedge.Regression.SendOGTest" name="sendOrderGuideFromOrderEdge" time="73.783"/>
  <system-out>
    <![CDATA[[2023-02-14] [13:32:05:559] User enters Name = testauto
[2023-02-14] [13:32:05:656] User enters Password =123456
[2023-02-14] [13:32:05:728] User clicks on the Login Button !!!
[2023-02-14] [13:32:09:997] Assertion Passed: DiningEdge is present on the HomePage
[2023-02-14] [13:32:10:037] Assertion Passed: Dashboard is present on the HomePage
[2023-02-14] [13:32:10:409] User clicks on Order Edge Button !!
[2023-02-14] [13:32:10:518] User clicks on select Location dropDown !!
[2023-02-14] [13:32:10:598] User clicks on select Location loc10 from dropDown !!
[2023-02-14] [13:32:10:876] User clicks on Order Edge Button !!
[2023-02-14] [13:32:13:396] User added number of units = 2
[2023-02-14] [13:32:16:997] User clicks on the Add Cart Button !!
[2023-02-14] [13:32:19:171] User clicks on the Checkout Button !!
[2023-02-14] [13:32:20:531] User clicks on the Submit All Button !!
[2023-02-14] [13:32:23:184] User clicks on the Snack Bar cross button !!
[2023-02-14] [13:32:24:158] Connecting to gmail...
[2023-02-14] [13:32:26:912] Connected to - imaps://diningedgetest%40gmail.com@imap.gmail.com
[2023-02-14] [13:32:37:365] Connecting to gmail...
[2023-02-14] [13:32:39:821] Connected to - imaps://diningedgetest%40gmail.com@imap.gmail.com
[2023-02-14] [13:32:40:650] Subject is :-New order : test automation (loc10)
[2023-02-14] [13:32:40:653] Connecting to gmail...
[2023-02-14] [13:32:43:139] Connected to - imaps://diningedgetest%40gmail.com@imap.gmail.com
[2023-02-14] [13:32:43:927] Subject is :-New order : test automation (loc10)
[2023-02-14] [13:32:43:929] Connecting to gmail...
[2023-02-14] [13:32:46:403] Connected to - imaps://diningedgetest%40gmail.com@imap.gmail.com
[2023-02-14] [13:32:47:188] Subject is :-New order : test automation (loc10)
[2023-02-14] [13:32:48:742] orderId #: 584
[2023-02-14] [13:32:48:745] Order Date : 02/14/2023
[2023-02-14] [13:32:48:748] Resturant Name : test automation
[2023-02-14] [13:32:48:749] Total Order Amount : $4.00
[2023-02-14] [13:32:49:725] New order : test automation (loc10) :: email deleted successfully !!
[2023-02-14] [13:32:49:728] Connecting to gmail...
[2023-02-14] [13:32:52:178] Connected to - imaps://diningedgetest%40gmail.com@imap.gmail.com
[2023-02-14] [13:32:52:958] Moved email in successfully Done!!]]>
  </system-out>
</testsuite> <!-- com.diningedge.Regression.SendOGTest -->
