<?xml version="1.0" encoding="UTF-8"?>
<!-- Generated by org.testng.reporters.JUnitReportReporter -->
<testsuite hostname="Automation_Love" failures="1" tests="1" name="com.diningedge.Regression.SendOGTest" time="64.471" errors="0" timestamp="2023-07-02T17:10:16 IST" skipped="0">
  <testcase classname="com.diningedge.Regression.SendOGTest" name="sendOrderGuideFromOrderEdge" time="64.471">
    <failure message="Assertion Failed :: As Order Number is not correct !! expected [2] but found [1]" type="java.lang.AssertionError">
      <![CDATA[java.lang.AssertionError: Assertion Failed :: As Order Number is not correct !! expected [2] but found [1]
at org.testng.Assert.fail(Assert.java:99)
at org.testng.Assert.failNotEquals(Assert.java:1037)
at org.testng.Assert.assertEqualsImpl(Assert.java:140)
at org.testng.Assert.assertEquals(Assert.java:122)
at org.testng.Assert.assertEquals(Assert.java:629)
at com.diningedge.Regression.SendOGTest.verifyOrderFromEmail(SendOGTest.java:186)
at com.diningedge.Regression.SendOGTest.sendOrderGuideFromOrderEdge(SendOGTest.java:111)
at java.base/jdk.internal.reflect.NativeMethodAccessorImpl.invoke0(Native Method)
at java.base/jdk.internal.reflect.NativeMethodAccessorImpl.invoke(NativeMethodAccessorImpl.java:77)
at java.base/jdk.internal.reflect.DelegatingMethodAccessorImpl.invoke(DelegatingMethodAccessorImpl.java:43)
at java.base/java.lang.reflect.Method.invoke(Method.java:568)
at org.testng.internal.MethodInvocationHelper.invokeMethod(MethodInvocationHelper.java:133)
at org.testng.internal.TestInvoker.invokeMethod(TestInvoker.java:598)
at org.testng.internal.TestInvoker.invokeTestMethod(TestInvoker.java:173)
at org.testng.internal.MethodRunner.runInSequence(MethodRunner.java:46)
at org.testng.internal.TestInvoker$MethodInvocationAgent.invoke(TestInvoker.java:824)
at org.testng.internal.TestInvoker.invokeTestMethods(TestInvoker.java:146)
at org.testng.internal.TestMethodWorker.invokeTestMethods(TestMethodWorker.java:146)
at org.testng.internal.TestMethodWorker.run(TestMethodWorker.java:128)
at java.base/java.util.ArrayList.forEach(ArrayList.java:1511)
at org.testng.TestRunner.privateRun(TestRunner.java:794)
at org.testng.TestRunner.run(TestRunner.java:596)
at org.testng.SuiteRunner.runTest(SuiteRunner.java:377)
at org.testng.SuiteRunner.runSequentially(SuiteRunner.java:371)
at org.testng.SuiteRunner.privateRun(SuiteRunner.java:332)
at org.testng.SuiteRunner.run(SuiteRunner.java:276)
at org.testng.SuiteRunnerWorker.runSuite(SuiteRunnerWorker.java:53)
at org.testng.SuiteRunnerWorker.run(SuiteRunnerWorker.java:96)
at org.testng.TestNG.runSuitesSequentially(TestNG.java:1212)
at org.testng.TestNG.runSuitesLocally(TestNG.java:1134)
at org.testng.TestNG.runSuites(TestNG.java:1063)
at org.testng.TestNG.run(TestNG.java:1031)
at org.testng.remote.AbstractRemoteTestNG.run(AbstractRemoteTestNG.java:115)
at org.testng.remote.RemoteTestNG.initAndRun(RemoteTestNG.java:251)
at org.testng.remote.RemoteTestNG.main(RemoteTestNG.java:77)
]]>
    </failure>
  </testcase> <!-- sendOrderGuideFromOrderEdge -->
  <system-out>
    <![CDATA[[2023-07-02] [17:09:20:810] User enters Name = testauto123
[2023-07-02] [17:09:20:910] User enters Password =12345678
[2023-07-02] [17:09:20:980] User clicks on the Login Button !!!
[2023-07-02] [17:09:24:797] Assertion Passed: DiningEdge is present on the HomePage
[2023-07-02] [17:09:24:844] Assertion Passed: Dashboard is present on the HomePage
[2023-07-02] [17:09:25:047] User clicks on the setting Icon button !!
[2023-07-02] [17:09:28:258] User enters US Foods search bar !!
[2023-07-02] [17:09:28:438] User clicks on the US Foods List item !!
[2023-07-02] [17:09:30:632] User clicks on the EDI Settings Setting item !!
[2023-07-02] [17:09:30:732] User Select on the Send Order Setting options !!
[2023-07-02] [17:09:30:895] User clicks the select Type DropDown
[2023-07-02] [17:09:31:053] User clicks the Email DropDown
[2023-07-02] [17:09:31:660] User enter the following email ::diningedgetest@gmail.com
[2023-07-02] [17:09:31:811] User clicks on the Save button !!
[2023-07-02] [17:09:35:350] User clicks on the Snack Bar cross button !!
[2023-07-02] [17:09:35:711] User clicks on Order Edge Button !!
[2023-07-02] [17:09:35:821] User clicks on select Location dropDown !!
[2023-07-02] [17:09:35:922] User clicks on select Location loc10 from dropDown !!
[2023-07-02] [17:09:36:210] User clicks on Order Edge Button !!
[2023-07-02] [17:09:39:454] User added number of units = 2
[2023-07-02] [17:09:41:829] User clicks on the Add Cart Button !!
[2023-07-02] [17:09:44:077] User clicks on the Checkout Button !!
[2023-07-02] [17:09:45:572] User clicks on the Submit All Button !!
[2023-07-02] [17:09:48:145] User clicks on the Snack Bar cross button !!
[2023-07-02] [17:09:48:874] Connecting to gmail...
[2023-07-02] [17:09:51:888] Connected to - imaps://diningedgetest%40gmail.com@imap.gmail.com
[2023-07-02] [17:09:53:497] Subject is :-New order : DiningEdgeAutomation (loc10)
[2023-07-02] [17:09:53:497] Connecting to gmail...
[2023-07-02] [17:09:56:367] Connected to - imaps://diningedgetest%40gmail.com@imap.gmail.com
[2023-07-02] [17:09:57:496] Subject is :-New order : DiningEdgeAutomation (loc10)
[2023-07-02] [17:09:57:969] Subject is :-New order : DiningEdgeAutomation (loc10)
[2023-07-02] [17:09:57:969] Connecting to gmail...
[2023-07-02] [17:10:01:013] Connected to - imaps://diningedgetest%40gmail.com@imap.gmail.com
[2023-07-02] [17:10:01:960] Subject is :-New order : DiningEdgeAutomation (loc10)
[2023-07-02] [17:10:02:604] Subject is :-New order : DiningEdgeAutomation (loc10)
[2023-07-02] [17:10:04:823] orderId #: 1
[2023-07-02] [17:10:04:823] Order Date : 07/02/2023
[2023-07-02] [17:10:04:826] Resturant Name : DiningEdgeAutomation
[2023-07-02] [17:10:04:826] Total Order Amount : $5.00
[2023-07-02] [17:10:05:786] New order : DiningEdgeAutomation (loc10) :: email deleted successfully !!
[2023-07-02] [17:10:05:802] Connecting to gmail...
[2023-07-02] [17:10:10:609] Connected to - imaps://diningedgetest%40gmail.com@imap.gmail.com
[2023-07-02] [17:10:11:735] Subject is :-New order : DiningEdgeAutomation (loc10)
[2023-07-02] [17:10:12:590] Moved email in successfully Done!!]]>
  </system-out>
</testsuite> <!-- com.diningedge.Regression.SendOGTest -->
