<?xml version="1.0" encoding="UTF-8"?>
<!-- Generated by org.testng.reporters.JUnitReportReporter -->
<testsuite hostname="Automation_Love" failures="0" tests="1" name="com.diningedge.Regression.SendOrderFromOG" time="81.908" errors="0" timestamp="2023-01-31T22:50:00 IST" skipped="0">
  <testcase classname="com.diningedge.Regression.SendOrderFromOG" name="sendOrderFromOG" time="81.908"/>
  <system-out>
    <![CDATA[[2023-01-31] [22:48:50:902] User enters Name = testauto
[2023-01-31] [22:48:51:038] User enters Password =123456
[2023-01-31] [22:48:51:119] User clicks on the Login Button !!!
[2023-01-31] [22:48:55:334] Assertion Passed: DiningEdge is present on the HomePage
[2023-01-31] [22:48:55:394] Assertion Passed: Dashboard is present on the HomePage
[2023-01-31] [22:48:56:222] User clicks on Order from OG Button !!
[2023-01-31] [22:48:56:418] User clicks on the Search Icon on Product List Page
[2023-01-31] [22:48:56:638] User enters the Cheney Testing To be searched
[2023-01-31] [22:49:03:809] User click on the Save button
[2023-01-31] [22:49:06:311] User clicks on the Snack Bar cross button !!
[2023-01-31] [22:49:06:819] User click on the Save button
[2023-01-31] [22:49:08:167] User clicks on the Snack Bar cross button !!
[2023-01-31] [22:49:12:971] User clicks on the Add Cart Button !!
[2023-01-31] [22:49:15:181] User clicks on the Checkout Button !!
[2023-01-31] [22:49:16:681] User clicks on the Submit All Button !!
[2023-01-31] [22:49:20:287] User clicks on the Snack Bar cross button !!
[2023-01-31] [22:49:21:309] Connecting to gmail...
[2023-01-31] [22:49:25:024] Connected to - imaps://diningedgetest%40gmail.com@imap.gmail.com
[2023-01-31] [22:49:35:583] Connecting to gmail...
[2023-01-31] [22:49:39:200] Connected to - imaps://diningedgetest%40gmail.com@imap.gmail.com
[2023-01-31] [22:49:40:130] Subject is :-New order : test automation (loc10)
[2023-01-31] [22:49:40:134] Connecting to gmail...
[2023-01-31] [22:49:43:724] Connected to - imaps://diningedgetest%40gmail.com@imap.gmail.com
[2023-01-31] [22:49:44:695] Subject is :-New order : test automation (loc10)
[2023-01-31] [22:49:44:697] Connecting to gmail...
[2023-01-31] [22:49:47:250] Connected to - imaps://diningedgetest%40gmail.com@imap.gmail.com
[2023-01-31] [22:49:48:204] Subject is :-New order : test automation (loc10)
[2023-01-31] [22:49:50:125] orderId #: 377
[2023-01-31] [22:49:50:125] Order Date : 01/31/2023
[2023-01-31] [22:49:50:126] Resturant Name : test automation
[2023-01-31] [22:49:50:126] Total Order Amount : $4.00
[2023-01-31] [22:49:50:865] New order : test automation (loc10) :: email deleted successfully !!
[2023-01-31] [22:49:50:873] Connecting to gmail...
[2023-01-31] [22:49:53:120] Connected to - imaps://diningedgetest%40gmail.com@imap.gmail.com
[2023-01-31] [22:49:54:422] Moved email in successfully Done!!]]>
  </system-out>
</testsuite> <!-- com.diningedge.Regression.SendOrderFromOG -->
