<?xml version="1.0" encoding="UTF-8"?>
<!-- Generated by org.testng.reporters.JUnitReportReporter -->
<testsuite hostname="Automation_Love" failures="0" tests="1" name="com.diningedge.Regression.SendOrderFromOG" time="82.287" errors="0" timestamp="2023-02-13T10:37:02 IST" skipped="0">
  <testcase classname="com.diningedge.Regression.SendOrderFromOG" name="sendOrderFromOG" time="82.287"/>
  <system-out>
    <![CDATA[[2023-02-13] [10:36:08:633] User enters Name = testauto
[2023-02-13] [10:36:08:737] User enters Password =123456
[2023-02-13] [10:36:08:804] User clicks on the Login Button !!!
[2023-02-13] [10:36:12:474] Assertion Passed: DiningEdge is present on the HomePage
[2023-02-13] [10:36:12:521] Assertion Passed: Dashboard is present on the HomePage
[2023-02-13] [10:36:13:099] User clicks on Order from OG Button !!
[2023-02-13] [10:36:13:249] User clicks on the Search Icon on Product List Page
[2023-02-13] [10:36:13:395] User enters the PFG Testing To be searched
[2023-02-13] [10:36:16:150] User click on the Save button
[2023-02-13] [10:36:17:621] User clicks on the Snack Bar cross button !!
[2023-02-13] [10:36:17:962] User click on the Save button
[2023-02-13] [10:36:18:819] User clicks on the Snack Bar cross button !!
[2023-02-13] [10:36:23:041] User clicks on the Add Cart Button !!
[2023-02-13] [10:36:25:206] User clicks on the Checkout Button !!
[2023-02-13] [10:36:26:850] User clicks on the Submit All Button !!
[2023-02-13] [10:36:29:190] User clicks on the Snack Bar cross button !!
[2023-02-13] [10:36:29:951] Connecting to gmail...
[2023-02-13] [10:36:32:646] Connected to - imaps://diningedgetest%40gmail.com@imap.gmail.com
[2023-02-13] [10:36:43:090] Connecting to gmail...
[2023-02-13] [10:36:45:590] Connected to - imaps://diningedgetest%40gmail.com@imap.gmail.com
[2023-02-13] [10:36:46:433] Subject is :-New order : test automation (loc10)
[2023-02-13] [10:36:46:435] Connecting to gmail...
[2023-02-13] [10:36:48:912] Connected to - imaps://diningedgetest%40gmail.com@imap.gmail.com
[2023-02-13] [10:36:49:699] Subject is :-New order : test automation (loc10)
[2023-02-13] [10:36:49:702] Connecting to gmail...
[2023-02-13] [10:36:51:803] Connected to - imaps://diningedgetest%40gmail.com@imap.gmail.com
[2023-02-13] [10:36:52:630] Subject is :-New order : test automation (loc10)
[2023-02-13] [10:36:54:211] orderId #: 540
[2023-02-13] [10:36:54:212] Order Date : 02/13/2023
[2023-02-13] [10:36:54:215] Resturant Name : test automation
[2023-02-13] [10:36:54:216] Total Order Amount : $1.00
[2023-02-13] [10:36:54:912] New order : test automation (loc10) :: email deleted successfully !!
[2023-02-13] [10:36:54:914] Connecting to gmail...
[2023-02-13] [10:36:57:362] Connected to - imaps://diningedgetest%40gmail.com@imap.gmail.com
[2023-02-13] [10:36:58:160] Moved email in successfully Done!!]]>
  </system-out>
</testsuite> <!-- com.diningedge.Regression.SendOrderFromOG -->
