<?xml version="1.0" encoding="UTF-8"?>
<!-- Generated by org.testng.reporters.JUnitReportReporter -->
<testsuite hostname="Automation_Love" failures="0" tests="1" name="com.diningedge.Regression.OrderEdgeProductFlow" time="63.185" errors="0" timestamp="2023-02-07T12:41:50 IST" skipped="0">
  <testcase classname="com.diningedge.Regression.OrderEdgeProductFlow" name="Test01_BasicFlowLogin" time="63.185"/>
  <system-out>
    <![CDATA[[2023-02-07] [12:41:11:292] User enters Name = testauto
[2023-02-07] [12:41:11:437] User enters Password =123456
[2023-02-07] [12:41:11:525] User clicks on the Login Button !!!
[2023-02-07] [12:41:15:556] Assertion Passed: DiningEdge is present on the HomePage
[2023-02-07] [12:41:15:618] Assertion Passed: Dashboard is present on the HomePage
[2023-02-07] [12:41:16:142] User clicks on Order Edge Button !!
[2023-02-07] [12:41:16:304] User clicks on select Location dropDown !!
[2023-02-07] [12:41:16:431] User clicks on select Location loc10 from dropDown !!
[2023-02-07] [12:41:19:095] User clicks on the add Product Button !!
[2023-02-07] [12:41:19:167] Assertion Passed: Create product is present on the popup
[2023-02-07] [12:41:19:220] Assertion Passed: Create product is present on the popup
[2023-02-07] [12:41:20:104] User enters the value Automation Product 51 in Name
[2023-02-07] [12:41:20:226] Assertion Passed: Create product is present on the popup
[2023-02-07] [12:41:20:408] User enters the value 19 in Size
[2023-02-07] [12:41:20:556] User enters the value Unit * Dropdown !!
[2023-02-07] [12:41:23:830] User selects the value MG From the Dropdown !!
[2023-02-07] [12:41:24:302] User enters the value Primary Category * Dropdown !!
[2023-02-07] [12:41:27:582] User selects the value test From the Dropdown !!
[2023-02-07] [12:41:28:004] User enters the value Storage Dropdown !!
[2023-02-07] [12:41:31:177] User selects the value Liquid From the Dropdown !!
[2023-02-07] [12:41:31:585] User click on the Save button
[2023-02-07] [12:41:35:872] User clicks on the Snack Bar cross button !!
[2023-02-07] [12:41:36:172] User clicks on the Open Manage Comparabls Button !!
[2023-02-07] [12:41:41:078] User adds comparabls !!
[2023-02-07] [12:41:42:365] User click on the Save and Close button
[2023-02-07] [12:41:44:673] User clicks on the cross icon]]>
  </system-out>
</testsuite> <!-- com.diningedge.Regression.OrderEdgeProductFlow -->
