<?xml version="1.0" encoding="UTF-8"?>
<!-- Generated by org.testng.reporters.JUnitReportReporter -->
<testsuite hostname="Automation_Love" failures="0" tests="1" name="com.diningedge.Regression.UploadProductList" time="49.329" errors="0" timestamp="2023-04-24T14:55:37 IST" skipped="0">
  <testcase classname="com.diningedge.Regression.UploadProductList" name="Test01_BasicFlowLogin" time="49.329"/>
  <system-out>
    <![CDATA[[2023-04-24] [14:55:22:245] User enters Name = testauto123
[2023-04-24] [14:55:22:357] User enters Password =12345678
[2023-04-24] [14:55:22:430] User clicks on the Login Button !!!
[2023-04-24] [14:55:26:636] Assertion Passed: DiningEdge is present on the HomePage
[2023-04-24] [14:55:26:682] Assertion Passed: Dashboard is present on the HomePage
[2023-04-24] [14:55:27:072] User clicks on Order Edge Button !!
[2023-04-24] [14:55:27:172] User clicks on select Location dropDown !!
[2023-04-24] [14:55:27:260] User clicks on select Location loc10 from dropDown !!
[2023-04-24] [14:55:27:604] User selects the Manage Items From the list
[2023-04-24] [14:55:27:759] User selects the Products List From the list
[2023-04-24] [14:55:30:914] User clicks on the export Button !!]]>
  </system-out>
</testsuite> <!-- com.diningedge.Regression.UploadProductList -->
