<?xml version="1.0" encoding="UTF-8"?>
<!-- Generated by org.testng.reporters.JUnitReportReporter -->
<testsuite hostname="Automation_Love" failures="0" tests="1" name="com.diningedge.Regression.OrderEdgeProductFlow" time="59.966" errors="0" timestamp="2023-01-31T23:17:50 IST" skipped="0">
  <testcase classname="com.diningedge.Regression.OrderEdgeProductFlow" name="Test01_BasicFlowLogin" time="59.966"/>
  <system-out>
    <![CDATA[[2023-01-31] [23:17:41:271] User enters Name = testauto
[2023-01-31] [23:17:41:369] User enters Password =123456
[2023-01-31] [23:17:41:431] User clicks on the Login Button !!!
[2023-01-31] [23:17:45:379] Assertion Passed: DiningEdge is present on the HomePage
[2023-01-31] [23:17:45:424] Assertion Passed: Dashboard is present on the HomePage
[2023-01-31] [23:17:45:783] User clicks on Order Edge Button !!
[2023-01-31] [23:17:45:881] User clicks on select Location dropDown !!
[2023-01-31] [23:17:45:962] User clicks on select Location loc10 from dropDown !!
[2023-01-31] [23:17:48:674] User clicks on the add Product Button !!
[2023-01-31] [23:17:48:731] Assertion Passed: Create product is present on the popup
[2023-01-31] [23:17:48:764] Assertion Passed: Create product is present on the popup
[2023-01-31] [23:17:49:076] User enters the value product1 in Name
[2023-01-31] [23:17:49:124] Assertion Passed: Create product is present on the popup
[2023-01-31] [23:17:49:258] User enters the value 12 in Size
[2023-01-31] [23:17:49:381] User enters the value Unit * Dropdown !!
[2023-01-31] [23:17:49:516] User selects the value LB From the Dropdown !!
[2023-01-31] [23:17:49:978] User enters the value Primary Category * Dropdown !!
[2023-01-31] [23:17:50:094] User selects the value PFG From the Dropdown !!
[2023-01-31] [23:17:50:459] User enters the value Storage Dropdown !!
[2023-01-31] [23:17:50:575] User selects the value Solid From the Dropdown !!]]>
  </system-out>
</testsuite> <!-- com.diningedge.Regression.OrderEdgeProductFlow -->
