<?xml version="1.0" encoding="UTF-8"?>
<!-- Generated by org.testng.reporters.JUnitReportReporter -->
<testsuite hostname="Automation_Love" failures="0" tests="1" name="com.diningedge.Regression.E2E_Flow" time="183.661" errors="0" timestamp="2023-04-08T20:27:17 IST" skipped="0">
  <testcase classname="com.diningedge.Regression.E2E_Flow" name="Test01_BasicFlowLogin" time="183.661"/>
  <system-out>
    <![CDATA[[2023-04-08] [20:25:14:131] User enters Name = testauto123
[2023-04-08] [20:25:14:259] User enters Password =12345678
[2023-04-08] [20:25:14:330] User clicks on the Login Button !!!
[2023-04-08] [20:25:19:069] Assertion Passed: DiningEdge is present on the HomePage
[2023-04-08] [20:25:19:117] Assertion Passed: Dashboard is present on the HomePage
[2023-04-08] [20:25:19:486] User clicks on Order Edge Button !!
[2023-04-08] [20:25:19:585] User clicks on select Location dropDown !!
[2023-04-08] [20:25:19:670] User clicks on select Location loc10 from dropDown !!
[2023-04-08] [20:25:20:062] User clicks on the setting Icon button !!
[2023-04-08] [20:25:23:238] User enters US Foods search bar !!
[2023-04-08] [20:25:23:408] User clicks on the US Foods List item !!
[2023-04-08] [20:25:25:552] User clicks on the EDI Settings Setting item !!
[2023-04-08] [20:25:25:691] User Select on the Send Order Setting options !!
[2023-04-08] [20:25:25:838] User clicks the select Type DropDown
[2023-04-08] [20:25:25:953] User clicks the Email DropDown
[2023-04-08] [20:25:26:599] User enter the following email ::diningedgetest@gmail.com
[2023-04-08] [20:25:26:747] User clicks on the Save button !!
[2023-04-08] [20:25:29:790] User clicks on the Snack Bar cross button !!
[2023-04-08] [20:25:30:118] User clicks on Order Edge Button !!
[2023-04-08] [20:25:31:859] User clicks on the add Product Button !!
[2023-04-08] [20:25:31:910] Assertion Passed: Create product is present on the popup
[2023-04-08] [20:25:31:944] Assertion Passed: Create product is present on the popup
[2023-04-08] [20:25:32:459] User enters the value Automation_Sysco_1 in Name
[2023-04-08] [20:25:32:506] Assertion Passed: Create product is present on the popup
[2023-04-08] [20:25:32:628] User enters the value 2 in Size
[2023-04-08] [20:25:32:746] User enters the value Unit * Dropdown !!
[2023-04-08] [20:25:35:898] User selects the value LB From the Dropdown !!
[2023-04-08] [20:25:36:328] User enters the value Primary Category * Dropdown !!
[2023-04-08] [20:25:39:469] User selects the value PFG From the Dropdown !!
[2023-04-08] [20:25:39:877] User enters the value Storage Dropdown !!
[2023-04-08] [20:25:43:033] User selects the value Bread From the Dropdown !!
[2023-04-08] [20:25:46:144] User click on the Save button
[2023-04-08] [20:25:49:747] User clicks on the Snack Bar cross button !!
[2023-04-08] [20:25:49:942] User clicks on the Open Manage Comparabls Button !!
[2023-04-08] [20:25:54:374] User adds comparabls !!
[2023-04-08] [20:25:57:494] User click on the Save and Close button
[2023-04-08] [20:26:23:730] User clicks on the cross icon
[2023-04-08] [20:26:28:909] User clicks on Order Edge Button !!
[2023-04-08] [20:26:30:573] User added number of units = 2
[2023-04-08] [20:26:33:430] User clicks on the Add Cart Button !!
[2023-04-08] [20:26:35:627] User clicks on the Checkout Button !!
[2023-04-08] [20:26:36:837] User clicks on the Submit All Button !!
[2023-04-08] [20:26:40:113] User clicks on the Snack Bar cross button !!
[2023-04-08] [20:26:40:286] Connecting to gmail...
[2023-04-08] [20:26:42:729] Connected to - imaps://diningedgetest%40gmail.com@imap.gmail.com
[2023-04-08] [20:26:53:136] Connecting to gmail...
[2023-04-08] [20:26:55:116] Connected to - imaps://diningedgetest%40gmail.com@imap.gmail.com
[2023-04-08] [20:26:55:803] Subject is :-New order : DiningEdgeAutomation (loc10)
[2023-04-08] [20:26:55:806] Connecting to gmail...
[2023-04-08] [20:26:57:610] Connected to - imaps://diningedgetest%40gmail.com@imap.gmail.com
[2023-04-08] [20:26:58:244] Subject is :-New order : DiningEdgeAutomation (loc10)
[2023-04-08] [20:26:58:247] Connecting to gmail...
[2023-04-08] [20:27:00:216] Connected to - imaps://diningedgetest%40gmail.com@imap.gmail.com
[2023-04-08] [20:27:01:078] Subject is :-New order : DiningEdgeAutomation (loc10)
[2023-04-08] [20:27:02:340] orderId #: 309
[2023-04-08] [20:27:02:343] Order Date : 04/08/2023
[2023-04-08] [20:27:02:346] Resturant Name : DiningEdgeAutomation
[2023-04-08] [20:27:02:347] Total Order Amount : $2.00
[2023-04-08] [20:27:02:803] New order : DiningEdgeAutomation (loc10) :: email deleted successfully !!
[2023-04-08] [20:27:02:806] Connecting to gmail...
[2023-04-08] [20:27:04:652] Connected to - imaps://diningedgetest%40gmail.com@imap.gmail.com
[2023-04-08] [20:27:05:328] Moved email in successfully Done!!]]>
  </system-out>
</testsuite> <!-- com.diningedge.Regression.E2E_Flow -->
