<?xml version="1.0" encoding="UTF-8"?>
<!-- Generated by org.testng.reporters.JUnitReportReporter -->
<testsuite hostname="Automation_Love" failures="0" tests="1" name="com.diningedge.Regression.PendingOrder" time="168.582" errors="0" timestamp="2023-04-29T12:39:15 IST" skipped="0">
  <testcase classname="com.diningedge.Regression.PendingOrder" name="pendingOrderSendOG" time="168.582"/>
  <system-out>
    <![CDATA[[2023-04-29] [12:38:40:002] User enters Name = testauto123
[2023-04-29] [12:38:40:141] User enters Password =12345678
[2023-04-29] [12:38:40:240] User clicks on the Login Button !!!
[2023-04-29] [12:38:49:111] Assertion Passed: DiningEdge is present on the HomePage
[2023-04-29] [12:38:49:173] Assertion Passed: Dashboard is present on the HomePage
[2023-04-29] [12:38:49:608] User clicks on Order Edge Button !!
[2023-04-29] [12:38:55:810] User added number of units = 2
[2023-04-29] [12:39:00:278] User clicks on the Add Cart Button !!
[2023-04-29] [12:39:02:500] User clicks on the Checkout Button !!
[2023-04-29] [12:39:04:364] User clicks on the Continue Shoping Button !!
[2023-04-29] [12:39:10:665] User clicks on Pending Orders Button !!
[2023-04-29] [12:39:11:632] Click on the pending order !!
[2023-04-29] [12:39:14:890] User click on the Go to Cart button]]>
  </system-out>
</testsuite> <!-- com.diningedge.Regression.PendingOrder -->
