<?xml version="1.0" encoding="UTF-8"?>
<!-- Generated by org.testng.reporters.JUnitReportReporter -->
<testsuite hostname="LAPTOP-SF32JU0L" failures="0" tests="3" name="com.diningedge.Regression.DiningEdgeLoginTest" time="14.352" errors="0" timestamp="2022-11-30T01:47:11 IST" skipped="0">
  <testcase classname="com.diningedge.Regression.DiningEdgeLoginTest" name="Test002_VerifyDashboardPage" time="3.885"/>
  <system-out>
    <![CDATA[[2022-11-30] [01:47:00:357] Assertion Passed: DiningEdge is present on the HomePage
[2022-11-30] [01:47:00:411] Assertion Passed: Dashboard is present on the HomePage]]>
  </system-out>
  <testcase classname="com.diningedge.Regression.DiningEdgeLoginTest" name="Test001_VerifyLoginPage" time="0.400"/>
  <system-out>
    <![CDATA[[2022-11-30] [01:46:56:342] User enters Name= manhattan
[2022-11-30] [01:46:56:447] User enters Password =123456
[2022-11-30] [01:46:56:521] User clicks on the Login Button !!!]]>
  </system-out>
  <testcase classname="com.diningedge.Regression.DiningEdgeLoginTest" name="Test003_VerifyOrdersGuidePage" time="10.067"/>
  <system-out>
    <![CDATA[[2022-11-30] [01:47:00:801] User clicks on select Order Edge Button !!
[2022-11-30] [01:47:00:859] Assertion Passed: Order Edge is present on the HomePage
[2022-11-30] [01:47:10:474] User clicks on the Next Page Button !!]]>
  </system-out>
</testsuite> <!-- com.diningedge.Regression.DiningEdgeLoginTest -->
