<?xml version="1.0" encoding="UTF-8"?>
<!-- Generated by org.testng.reporters.JUnitReportReporter -->
<testsuite hostname="LAPTOP-SF32JU0L" failures="0" tests="1" name="com.diningedge.Regression.SendOGTest" time="89.314" errors="0" timestamp="2022-12-25T13:04:10 IST" skipped="0">
  <testcase classname="com.diningedge.Regression.SendOGTest" name="sendOrderGuideFromOrderEdge" time="89.314"/>
  <system-out>
    <![CDATA[[2022-12-25] [13:03:20:884] User enters Name = testauto
[2022-12-25] [13:03:21:011] User enters Password =123456
[2022-12-25] [13:03:21:104] User clicks on the Login Button !!!
[2022-12-25] [13:03:25:875] Assertion Passed: DiningEdge is present on the HomePage
[2022-12-25] [13:03:25:934] Assertion Passed: Dashboard is present on the HomePage
[2022-12-25] [13:03:26:382] User clicks on Order Edge Button !!
[2022-12-25] [13:03:26:502] User clicks on select Location dropDown !!
[2022-12-25] [13:03:26:600] User clicks on select Location loc10 from dropDown !!
[2022-12-25] [13:03:26:886] User clicks on Order Edge Button !!
[2022-12-25] [13:03:28:868] User added number of units = 23
[2022-12-25] [13:03:33:198] User clicks on the Add Cart Button !!
[2022-12-25] [13:03:35:388] User clicks on the Checkout Button !!
[2022-12-25] [13:03:36:909] User clicks on the Submit All Button !!
[2022-12-25] [13:03:39:574] User clicks on the Snack Bar cross button !!
[2022-12-25] [13:03:41:061] Connecting to gmail...
[2022-12-25] [13:03:43:923] Connected to - imaps://diningedgetest%40gmail.com@imap.gmail.com
[2022-12-25] [13:03:54:356] Connecting to gmail...
[2022-12-25] [13:03:56:217] Connected to - imaps://diningedgetest%40gmail.com@imap.gmail.com
[2022-12-25] [13:03:57:064] Subject is :-New order : test automation (loc10)
[2022-12-25] [13:03:57:065] Connecting to gmail...
[2022-12-25] [13:03:59:684] Connected to - imaps://diningedgetest%40gmail.com@imap.gmail.com
[2022-12-25] [13:04:00:485] Subject is :-New order : test automation (loc10)
[2022-12-25] [13:04:00:488] Connecting to gmail...
[2022-12-25] [13:04:03:017] Connected to - imaps://diningedgetest%40gmail.com@imap.gmail.com
[2022-12-25] [13:04:03:776] Subject is :-New order : test automation (loc10)
[2022-12-25] [13:04:05:345] orderId #: 285
[2022-12-25] [13:04:05:347] Order Date : 12/25/2022
[2022-12-25] [13:04:05:349] Resturant Name : test automation
[2022-12-25] [13:04:05:349] Total Order Amount : $2,829.00
[2022-12-25] [13:04:06:089] New order : test automation (loc10) :: email deleted successfully !!
[2022-12-25] [13:04:06:090] Connecting to gmail...
[2022-12-25] [13:04:08:580] Connected to - imaps://diningedgetest%40gmail.com@imap.gmail.com
[2022-12-25] [13:04:09:319] Moved email in successfully Done!!]]>
  </system-out>
</testsuite> <!-- com.diningedge.Regression.SendOGTest -->
