<?xml version="1.0" encoding="UTF-8"?>
<!-- Generated by org.testng.reporters.JUnitReportReporter -->
<testsuite hostname="Automation_Love" failures="0" tests="1" name="com.diningedge.Regression.OrderEdgeProductFlow" time="29.388" errors="0" timestamp="2023-02-01T23:11:42 IST" skipped="0">
  <testcase classname="com.diningedge.Regression.OrderEdgeProductFlow" name="Test01_BasicFlowLogin" time="29.388"/>
  <system-out>
    <![CDATA[[2023-02-01] [23:11:19:757] User enters Name = testauto
[2023-02-01] [23:11:19:889] User enters Password =123456
[2023-02-01] [23:11:19:965] User clicks on the Login Button !!!
[2023-02-01] [23:11:23:762] Assertion Passed: DiningEdge is present on the HomePage
[2023-02-01] [23:11:23:835] Assertion Passed: Dashboard is present on the HomePage
[2023-02-01] [23:11:24:366] User clicks on Order Edge Button !!
[2023-02-01] [23:11:24:505] User clicks on select Location dropDown !!
[2023-02-01] [23:11:24:623] User clicks on select Location loc10 from dropDown !!
[2023-02-01] [23:11:27:647] User clicks on the add Product Button !!
[2023-02-01] [23:11:27:722] Assertion Passed: Create product is present on the popup
[2023-02-01] [23:11:27:775] Assertion Passed: Create product is present on the popup
[2023-02-01] [23:11:28:252] User enters the value product 74 in Name
[2023-02-01] [23:11:28:339] Assertion Passed: Create product is present on the popup
[2023-02-01] [23:11:28:538] User enters the value 65 in Size
[2023-02-01] [23:11:28:714] User enters the value Unit * Dropdown !!
[2023-02-01] [23:11:28:902] User selects the value CUP From the Dropdown !!
[2023-02-01] [23:11:29:442] User enters the value Primary Category * Dropdown !!
[2023-02-01] [23:11:29:599] User selects the value Cheney From the Dropdown !!
[2023-02-01] [23:11:30:052] User enters the value Storage Dropdown !!
[2023-02-01] [23:11:30:196] User selects the value Bread From the Dropdown !!
[2023-02-01] [23:11:30:652] User click on the Save button
[2023-02-01] [23:11:34:706] User clicks on the Snack Bar cross button !!]]>
  </system-out>
</testsuite> <!-- com.diningedge.Regression.OrderEdgeProductFlow -->
