<?xml version="1.0" encoding="UTF-8"?>
<!-- Generated by org.testng.reporters.JUnitReportReporter -->
<testsuite hostname="Automation_Love" failures="0" tests="1" name="com.diningedge.DiningEdgeAdmin.CreateCompanyTest" time="524.955" errors="1" timestamp="2023-03-10T21:52:18 IST" skipped="0">
  <testcase classname="com.diningedge.DiningEdgeAdmin.CreateCompanyTest" name="loginInToAdminPage" time="524.955">
    <error message="no such element: Unable to locate element: {&quot;method&quot;:&quot;xpath&quot;,&quot;selector&quot;:&quot;//div[@id=&#039;root&#039;]//h3[contains(text(),&#039;Automation_US Foods&#039;)]/../..//parent::div/../../../..//parent::div//div[@id=&#039;grid-header&#039;]//p[text()=&#039;US Foods&#039;]/../../../../following::div//div//div//p[contains(.,&#039;US Foods_Testing&#039;)]/../../..//input[@type=&#039;text&#039;]&quot;}
  (Session info: chrome=110.0.5481.180)
For documentation on this error, please visit: https://selenium.dev/exceptions/#no_such_element
Build info: version: &#039;4.7.2&#039;, revision: &#039;4d4020c3b7&#039;
System info: os.name: &#039;Windows 11&#039;, os.arch: &#039;amd64&#039;, os.version: &#039;10.0&#039;, java.version: &#039;17.0.5&#039;
Driver info: org.openqa.selenium.chrome.ChromeDriver
Command: [ee109c63951b6c89324bbed707185108, findElement {using=xpath, value=//div[@id=&#039;root&#039;]//h3[contains(text(),&#039;Automation_US Foods&#039;)]/../..//parent::div/../../../..//parent::div//div[@id=&#039;grid-header&#039;]//p[text()=&#039;US Foods&#039;]/../../../../following::div//div//div//p[contains(.,&#039;US Foods_Testing&#039;)]/../../..//input[@type=&#039;text&#039;]}]
Capabilities {acceptInsecureCerts: false, browserName: chrome, browserVersion: 110.0.5481.180, chrome: {chromedriverVersion: 110.0.5481.77 (65ed616c6e8e..., userDataDir: C:\Users\JYOTIS~1\AppData\L...}, goog:chromeOptions: {debuggerAddress: localhost:49790}, networkConnectionEnabled: false, pageLoadStrategy: normal, platformName: WINDOWS, proxy: Proxy(), se:cdp: ws://localhost:49790/devtoo..., se:cdpVersion: 110.0.5481.180, setWindowRect: true, strictFileInteractability: false, timeouts: {implicit: 0, pageLoad: 300000, script: 30000}, unhandledPromptBehavior: dismiss and notify, webauthn:extension:credBlob: true, webauthn:extension:largeBlob: true, webauthn:virtualAuthenticators: true}
Session ID: ee109c63951b6c89324bbed707185108" type="org.openqa.selenium.NoSuchElementException">
      <![CDATA[org.openqa.selenium.NoSuchElementException: no such element: Unable to locate element: {"method":"xpath","selector":"//div[@id='root']//h3[contains(text(),'Automation_US Foods')]/../..//parent::div/../../../..//parent::div//div[@id='grid-header']//p[text()='US Foods']/../../../../following::div//div//div//p[contains(.,'US Foods_Testing')]/../../..//input[@type='text']"}
  (Session info: chrome=110.0.5481.180)
For documentation on this error, please visit: https://selenium.dev/exceptions/#no_such_element
Build info: version: '4.7.2', revision: '4d4020c3b7'
System info: os.name: 'Windows 11', os.arch: 'amd64', os.version: '10.0', java.version: '17.0.5'
Driver info: org.openqa.selenium.chrome.ChromeDriver
Command: [ee109c63951b6c89324bbed707185108, findElement {using=xpath, value=//div[@id='root']//h3[contains(text(),'Automation_US Foods')]/../..//parent::div/../../../..//parent::div//div[@id='grid-header']//p[text()='US Foods']/../../../../following::div//div//div//p[contains(.,'US Foods_Testing')]/../../..//input[@type='text']}]
Capabilities {acceptInsecureCerts: false, browserName: chrome, browserVersion: 110.0.5481.180, chrome: {chromedriverVersion: 110.0.5481.77 (65ed616c6e8e..., userDataDir: C:\Users\JYOTIS~1\AppData\L...}, goog:chromeOptions: {debuggerAddress: localhost:49790}, networkConnectionEnabled: false, pageLoadStrategy: normal, platformName: WINDOWS, proxy: Proxy(), se:cdp: ws://localhost:49790/devtoo..., se:cdpVersion: 110.0.5481.180, setWindowRect: true, strictFileInteractability: false, timeouts: {implicit: 0, pageLoad: 300000, script: 30000}, unhandledPromptBehavior: dismiss and notify, webauthn:extension:credBlob: true, webauthn:extension:largeBlob: true, webauthn:virtualAuthenticators: true}
Session ID: ee109c63951b6c89324bbed707185108
at java.base/jdk.internal.reflect.NativeConstructorAccessorImpl.newInstance0(Native Method)
at java.base/jdk.internal.reflect.NativeConstructorAccessorImpl.newInstance(NativeConstructorAccessorImpl.java:77)
at java.base/jdk.internal.reflect.DelegatingConstructorAccessorImpl.newInstance(DelegatingConstructorAccessorImpl.java:45)
at java.base/java.lang.reflect.Constructor.newInstanceWithCaller(Constructor.java:499)
at java.base/java.lang.reflect.Constructor.newInstance(Constructor.java:480)
at org.openqa.selenium.remote.codec.w3c.W3CHttpResponseCodec.createException(W3CHttpResponseCodec.java:200)
at org.openqa.selenium.remote.codec.w3c.W3CHttpResponseCodec.decode(W3CHttpResponseCodec.java:133)
at org.openqa.selenium.remote.codec.w3c.W3CHttpResponseCodec.decode(W3CHttpResponseCodec.java:53)
at org.openqa.selenium.remote.HttpCommandExecutor.execute(HttpCommandExecutor.java:184)
at org.openqa.selenium.remote.service.DriverCommandExecutor.invokeExecute(DriverCommandExecutor.java:167)
at org.openqa.selenium.remote.service.DriverCommandExecutor.execute(DriverCommandExecutor.java:142)
at org.openqa.selenium.remote.RemoteWebDriver.execute(RemoteWebDriver.java:535)
at org.openqa.selenium.remote.ElementLocation$ElementFinder$2.findElement(ElementLocation.java:162)
at org.openqa.selenium.remote.ElementLocation.findElement(ElementLocation.java:60)
at org.openqa.selenium.remote.RemoteWebDriver.findElement(RemoteWebDriver.java:351)
at org.openqa.selenium.remote.RemoteWebDriver.findElement(RemoteWebDriver.java:343)
at com.diningedge.PageActions.DiningEdge.OrderEdgePage.enterUnits(OrderEdgePage.java:104)
at com.diningedge.DiningEdgeAdmin.CreateCompanyTest.addUnitsAndSendOG(CreateCompanyTest.java:184)
at com.diningedge.DiningEdgeAdmin.CreateCompanyTest.loginInToAdminPage(CreateCompanyTest.java:81)
at java.base/jdk.internal.reflect.NativeMethodAccessorImpl.invoke0(Native Method)
at java.base/jdk.internal.reflect.NativeMethodAccessorImpl.invoke(NativeMethodAccessorImpl.java:77)
at java.base/jdk.internal.reflect.DelegatingMethodAccessorImpl.invoke(DelegatingMethodAccessorImpl.java:43)
at java.base/java.lang.reflect.Method.invoke(Method.java:568)
at org.testng.internal.MethodInvocationHelper.invokeMethod(MethodInvocationHelper.java:133)
at org.testng.internal.TestInvoker.invokeMethod(TestInvoker.java:598)
at org.testng.internal.TestInvoker.invokeTestMethod(TestInvoker.java:173)
at org.testng.internal.MethodRunner.runInSequence(MethodRunner.java:46)
at org.testng.internal.TestInvoker$MethodInvocationAgent.invoke(TestInvoker.java:824)
at org.testng.internal.TestInvoker.invokeTestMethods(TestInvoker.java:146)
at org.testng.internal.TestMethodWorker.invokeTestMethods(TestMethodWorker.java:146)
at org.testng.internal.TestMethodWorker.run(TestMethodWorker.java:128)
at java.base/java.util.ArrayList.forEach(ArrayList.java:1511)
at org.testng.TestRunner.privateRun(TestRunner.java:794)
at org.testng.TestRunner.run(TestRunner.java:596)
at org.testng.SuiteRunner.runTest(SuiteRunner.java:377)
at org.testng.SuiteRunner.runSequentially(SuiteRunner.java:371)
at org.testng.SuiteRunner.privateRun(SuiteRunner.java:332)
at org.testng.SuiteRunner.run(SuiteRunner.java:276)
at org.testng.SuiteRunnerWorker.runSuite(SuiteRunnerWorker.java:53)
at org.testng.SuiteRunnerWorker.run(SuiteRunnerWorker.java:96)
at org.testng.TestNG.runSuitesSequentially(TestNG.java:1212)
at org.testng.TestNG.runSuitesLocally(TestNG.java:1134)
at org.testng.TestNG.runSuites(TestNG.java:1063)
at org.testng.TestNG.run(TestNG.java:1031)
at org.testng.remote.AbstractRemoteTestNG.run(AbstractRemoteTestNG.java:115)
at org.testng.remote.RemoteTestNG.initAndRun(RemoteTestNG.java:251)
at org.testng.remote.RemoteTestNG.main(RemoteTestNG.java:77)
]]>
    </error>
  </testcase> <!-- loginInToAdminPage -->
  <system-out>
    <![CDATA[[2023-03-10] [21:43:38:599] User enters Name = vandy
[2023-03-10] [21:43:38:691] User enters Password = NC$33433$
[2023-03-10] [21:43:45:076] User clicks on the Login Button !!!
[2023-03-10] [21:43:45:920] User clicks on the Add Companies Button!!
[2023-03-10] [21:43:46:071] USer enters the Company Name = Automation Testing Comapny4068
[2023-03-10] [21:43:46:148] User select Home office and Order unengaged items allowed check boxes !!
[2023-03-10] [21:43:48:010] User clicks on save continue Button !!
[2023-03-10] [21:43:48:101] User clicks on companies Button !!
[2023-03-10] [21:43:52:034] User clicks on Locations Button !!
[2023-03-10] [21:43:52:757] User clicks on Add Locations Button !!
[2023-03-10] [21:43:52:901] USer enters the Location Name = Automation Street999
[2023-03-10] [21:43:53:201] User selects the Company = Automation Testing Comapny4068
[2023-03-10] [21:43:53:290] User select clicks on the base location checkbox !!
[2023-03-10] [21:43:55:423] User clicks on save continue Button !!
[2023-03-10] [21:43:58:282] User clicks on the title 
[2023-03-10] [21:43:58:351] User clicks on Products
[2023-03-10] [21:43:59:508] User clicks on ProductList
[2023-03-10] [21:44:01:583] User clicks on add product button
[2023-03-10] [21:44:01:679] User enters the product name = Automation Sysco
[2023-03-10] [21:44:07:571] User clicks on Add Users Button !!
[2023-03-10] [21:44:07:866] User selects the Company = Automation Testing Comapny4068
[2023-03-10] [21:44:08:546] User clicks on save continue Button !!
[2023-03-10] [21:44:09:829] User clicks on the title 
[2023-03-10] [21:44:09:927] User enter the Automation Testing Company
[2023-03-10] [21:44:12:033] User clicks on the search button !!
[2023-03-10] [21:44:50:993] User clicks on the USer Icon company !!
[2023-03-10] [21:44:54:000] User selects the Manage Items From the list
[2023-03-10] [21:44:54:219] User selects the Products List From the list
[2023-03-10] [21:44:56:296] User clicks on the Add Product icon
[2023-03-10] [21:44:56:352] Assertion Passed: Create product is present on the popup
[2023-03-10] [21:44:56:408] Assertion Passed: Create product is present on the popup
[2023-03-10] [21:44:57:247] User enters the value Automation_Cheney in Name
[2023-03-10] [21:44:57:454] Assertion Passed: Create product is present on the popup
[2023-03-10] [21:44:57:588] User enters the value 1 in Size
[2023-03-10] [21:44:57:726] User enters the value Unit * Dropdown !!
[2023-03-10] [21:45:00:891] User selects the value G From the Dropdown !!
[2023-03-10] [21:45:01:364] User enters the value Primary Category * Dropdown !!
[2023-03-10] [21:45:01:548] User enters the category PFG_1
[2023-03-10] [21:45:01:729] User enters the value Storage Dropdown !!
[2023-03-10] [21:45:01:923] User enters the Storage Freeze_1
[2023-03-10] [21:45:05:101] User click on the Save button
[2023-03-10] [21:45:08:643] User clicks on the Snack Bar cross button !!
[2023-03-10] [21:45:08:897] User clicks on the Add Product icon
[2023-03-10] [21:45:08:944] Assertion Passed: Create product is present on the popup
[2023-03-10] [21:45:08:981] Assertion Passed: Create product is present on the popup
[2023-03-10] [21:45:09:527] User enters the value Automation_US Foods in Name
[2023-03-10] [21:45:09:562] Assertion Passed: Create product is present on the popup
[2023-03-10] [21:45:09:700] User enters the value 1 in Size
[2023-03-10] [21:45:09:833] User enters the value Unit * Dropdown !!
[2023-03-10] [21:45:13:015] User selects the value DOZ From the Dropdown !!
[2023-03-10] [21:45:13:477] User enters the value Primary Category * Dropdown !!
[2023-03-10] [21:45:13:665] User enters the category Cheney_2
[2023-03-10] [21:45:13:824] User enters the value Storage Dropdown !!
[2023-03-10] [21:45:13:989] User enters the Storage Bread_2
[2023-03-10] [21:45:17:203] User click on the Save button
[2023-03-10] [21:45:20:597] User clicks on the Snack Bar cross button !!
[2023-03-10] [21:45:20:845] User clicks on the Add Product icon
[2023-03-10] [21:45:20:893] Assertion Passed: Create product is present on the popup
[2023-03-10] [21:45:20:937] Assertion Passed: Create product is present on the popup
[2023-03-10] [21:45:21:420] User enters the value Automation_Sysco in Name
[2023-03-10] [21:45:21:466] Assertion Passed: Create product is present on the popup
[2023-03-10] [21:45:21:594] User enters the value 1 in Size
[2023-03-10] [21:45:21:714] User enters the value Unit * Dropdown !!
[2023-03-10] [21:45:24:844] User selects the value ML From the Dropdown !!
[2023-03-10] [21:45:25:339] User enters the value Primary Category * Dropdown !!
[2023-03-10] [21:45:25:505] User enters the category test_3
[2023-03-10] [21:45:25:661] User enters the value Storage Dropdown !!
[2023-03-10] [21:45:25:841] User enters the Storage Freeze_3
[2023-03-10] [21:45:29:019] User click on the Save button
[2023-03-10] [21:45:32:259] User clicks on the Snack Bar cross button !!
[2023-03-10] [21:45:32:516] User clicks on the Add Product icon
[2023-03-10] [21:45:32:561] Assertion Passed: Create product is present on the popup
[2023-03-10] [21:45:32:600] Assertion Passed: Create product is present on the popup
[2023-03-10] [21:45:33:051] User enters the value Automation_PFG in Name
[2023-03-10] [21:45:33:097] Assertion Passed: Create product is present on the popup
[2023-03-10] [21:45:33:214] User enters the value 1 in Size
[2023-03-10] [21:45:33:336] User enters the value Unit * Dropdown !!
[2023-03-10] [21:45:36:500] User selects the value MG From the Dropdown !!
[2023-03-10] [21:45:36:969] User enters the value Primary Category * Dropdown !!
[2023-03-10] [21:45:37:126] User enters the category PFG_4
[2023-03-10] [21:45:37:311] User enters the value Storage Dropdown !!
[2023-03-10] [21:45:37:500] User enters the Storage Liquid_4
[2023-03-10] [21:45:40:678] User click on the Save button
[2023-03-10] [21:45:43:582] User clicks on the Snack Bar cross button !!
[2023-03-10] [21:45:43:834] User clicks on the Add Product icon
[2023-03-10] [21:45:43:880] Assertion Passed: Create product is present on the popup
[2023-03-10] [21:45:43:918] Assertion Passed: Create product is present on the popup
[2023-03-10] [21:45:44:492] User enters the value Automation_Europan in Name
[2023-03-10] [21:45:44:550] Assertion Passed: Create product is present on the popup
[2023-03-10] [21:45:44:672] User enters the value 1 in Size
[2023-03-10] [21:45:44:792] User enters the value Unit * Dropdown !!
[2023-03-10] [21:45:47:938] User selects the value DOZ From the Dropdown !!
[2023-03-10] [21:45:48:417] User enters the value Primary Category * Dropdown !!
[2023-03-10] [21:45:48:602] User enters the category Cheney_5
[2023-03-10] [21:45:48:800] User enters the value Storage Dropdown !!
[2023-03-10] [21:45:48:985] User enters the Storage Bread_5
[2023-03-10] [21:45:52:187] User click on the Save button
[2023-03-10] [21:45:55:185] User clicks on the Snack Bar cross button !!
[2023-03-10] [21:45:55:448] User clicks on the Add Product icon
[2023-03-10] [21:45:55:494] Assertion Passed: Create product is present on the popup
[2023-03-10] [21:45:55:529] Assertion Passed: Create product is present on the popup
[2023-03-10] [21:45:56:204] User enters the value Automation_Micro Roots in Name
[2023-03-10] [21:45:56:278] Assertion Passed: Create product is present on the popup
[2023-03-10] [21:45:56:425] User enters the value 1 in Size
[2023-03-10] [21:45:56:583] User enters the value Unit * Dropdown !!
[2023-03-10] [21:45:59:737] User selects the value KG From the Dropdown !!
[2023-03-10] [21:46:00:247] User enters the value Primary Category * Dropdown !!
[2023-03-10] [21:46:00:415] User enters the category Sysco_6
[2023-03-10] [21:46:00:573] User enters the value Storage Dropdown !!
[2023-03-10] [21:46:00:738] User enters the Storage Bread_6
[2023-03-10] [21:46:03:924] User click on the Save button
[2023-03-10] [21:46:07:431] User clicks on the Snack Bar cross button !!
[2023-03-10] [21:46:07:608] User clicks on the setting Icon button !!
[2023-03-10] [21:46:09:168] User clicks on the add Vendor button !!
[2023-03-10] [21:46:09:284] User clicks on the setting Icon button !!
[2023-03-10] [21:46:09:572] User eneter and select the vendorName = Cheney
[2023-03-10] [21:46:09:706] User clicks on the Save button !!
[2023-03-10] [21:46:12:964] User enters Cheney search bar !!
[2023-03-10] [21:46:13:155] User clicks on the Cheney List item !!
[2023-03-10] [21:46:15:331] User clicks on the EDI Settings Setting item !!
[2023-03-10] [21:46:15:428] User Select on the Send Order Setting options !!
[2023-03-10] [21:46:15:546] User Clicks on Active checkobx !!
[2023-03-10] [21:46:15:681] User clicks the select Type DropDown
[2023-03-10] [21:46:15:842] User clicks the Email DropDown
[2023-03-10] [21:46:16:147] User enter the following email ::diningedgetest@gmail.com
[2023-03-10] [21:46:16:332] User clicks on the Save button !!
[2023-03-10] [21:46:19:889] User clicks on the Snack Bar cross button !!
[2023-03-10] [21:46:20:016] User clicks on the add Vendor button !!
[2023-03-10] [21:46:20:128] User clicks on the setting Icon button !!
[2023-03-10] [21:46:20:395] User eneter and select the vendorName = US Foods
[2023-03-10] [21:46:20:558] User clicks on the Save button !!
[2023-03-10] [21:46:23:751] User enters US Foods search bar !!
[2023-03-10] [21:46:25:716] User clicks on the US Foods List item !!
[2023-03-10] [21:46:27:874] User clicks on the EDI Settings Setting item !!
[2023-03-10] [21:46:27:965] User Select on the Send Order Setting options !!
[2023-03-10] [21:46:28:076] User Clicks on Active checkobx !!
[2023-03-10] [21:46:28:199] User clicks the select Type DropDown
[2023-03-10] [21:46:28:353] User clicks the Email DropDown
[2023-03-10] [21:46:28:613] User enter the following email ::diningedgetest@gmail.com
[2023-03-10] [21:46:28:782] User clicks on the Save button !!
[2023-03-10] [21:46:32:959] User clicks on the Snack Bar cross button !!
[2023-03-10] [21:46:33:072] User clicks on the add Vendor button !!
[2023-03-10] [21:46:33:200] User clicks on the setting Icon button !!
[2023-03-10] [21:46:33:462] User eneter and select the vendorName = Sysco
[2023-03-10] [21:46:33:600] User clicks on the Save button !!
[2023-03-10] [21:46:36:778] User enters Sysco search bar !!
[2023-03-10] [21:46:38:711] User clicks on the Sysco List item !!
[2023-03-10] [21:46:40:881] User clicks on the EDI Settings Setting item !!
[2023-03-10] [21:46:40:970] User Select on the Send Order Setting options !!
[2023-03-10] [21:46:41:082] User Clicks on Active checkobx !!
[2023-03-10] [21:46:41:210] User clicks the select Type DropDown
[2023-03-10] [21:46:41:363] User clicks the Email DropDown
[2023-03-10] [21:46:41:633] User enter the following email ::diningedgetest@gmail.com
[2023-03-10] [21:46:41:814] User clicks on the Save button !!
[2023-03-10] [21:46:45:479] User clicks on the Snack Bar cross button !!
[2023-03-10] [21:46:45:604] User clicks on the add Vendor button !!
[2023-03-10] [21:46:45:721] User clicks on the setting Icon button !!
[2023-03-10] [21:46:46:084] User eneter and select the vendorName = PFG
[2023-03-10] [21:46:46:217] User clicks on the Save button !!
[2023-03-10] [21:46:49:408] User enters PFG search bar !!
[2023-03-10] [21:46:51:378] User clicks on the PFG List item !!
[2023-03-10] [21:46:53:530] User clicks on the EDI Settings Setting item !!
[2023-03-10] [21:46:53:616] User Select on the Send Order Setting options !!
[2023-03-10] [21:46:53:730] User Clicks on Active checkobx !!
[2023-03-10] [21:46:53:859] User clicks the select Type DropDown
[2023-03-10] [21:46:54:008] User clicks the Email DropDown
[2023-03-10] [21:46:54:290] User enter the following email ::diningedgetest@gmail.com
[2023-03-10] [21:46:54:472] User clicks on the Save button !!
[2023-03-10] [21:46:58:644] User clicks on the Snack Bar cross button !!
[2023-03-10] [21:46:58:762] User clicks on the add Vendor button !!
[2023-03-10] [21:46:58:873] User clicks on the setting Icon button !!
[2023-03-10] [21:47:00:733] User eneter and select the vendorName = Europan
[2023-03-10] [21:47:00:873] User clicks on the Save button !!
[2023-03-10] [21:47:04:053] User enters Europan search bar !!
[2023-03-10] [21:47:05:967] User clicks on the Europan List item !!
[2023-03-10] [21:47:08:126] User clicks on the EDI Settings Setting item !!
[2023-03-10] [21:47:08:219] User Select on the Send Order Setting options !!
[2023-03-10] [21:47:08:334] User Clicks on Active checkobx !!
[2023-03-10] [21:47:08:466] User clicks the select Type DropDown
[2023-03-10] [21:47:08:609] User clicks the Email DropDown
[2023-03-10] [21:47:08:884] User enter the following email ::diningedgetest@gmail.com
[2023-03-10] [21:47:09:052] User clicks on the Save button !!
[2023-03-10] [21:47:12:796] User clicks on the Snack Bar cross button !!
[2023-03-10] [21:47:12:916] User clicks on the add Vendor button !!
[2023-03-10] [21:47:13:029] User clicks on the setting Icon button !!
[2023-03-10] [21:47:14:934] User eneter and select the vendorName = Micro Roots
[2023-03-10] [21:47:15:076] User clicks on the Save button !!
[2023-03-10] [21:47:18:311] User enters Micro Roots search bar !!
[2023-03-10] [21:47:20:252] User clicks on the Micro Roots List item !!
[2023-03-10] [21:47:22:406] User clicks on the EDI Settings Setting item !!
[2023-03-10] [21:47:22:502] User Select on the Send Order Setting options !!
[2023-03-10] [21:47:22:609] User Clicks on Active checkobx !!
[2023-03-10] [21:47:22:741] User clicks the select Type DropDown
[2023-03-10] [21:47:22:897] User clicks the Email DropDown
[2023-03-10] [21:47:23:184] User enter the following email ::diningedgetest@gmail.com
[2023-03-10] [21:47:23:346] User clicks on the Save button !!
[2023-03-10] [21:47:26:948] User clicks on the Snack Bar cross button !!
[2023-03-10] [21:47:30:073] User click on the Save button
[2023-03-10] [21:47:36:683] User clicks on Order from OG Button !!
[2023-03-10] [21:47:36:891] User clicks on the new vedor item button !!
[2023-03-10] [21:47:37:359] User enters the name of vendor = Cheney_Testing
[2023-03-10] [21:47:38:425] User enters the vendorId = 001
[2023-03-10] [21:47:38:796] User enters the other details = 1
[2023-03-10] [21:47:38:888] User clicks on the Unit * dropDown
[2023-03-10] [21:47:42:033] User select the unit Type :: MG
[2023-03-10] [21:47:48:114] User clicks on the Vendor dropDown
[2023-03-10] [21:47:51:254] User select the vendor :: Cheney
[2023-03-10] [21:47:54:465] User click on the Save button
[2023-03-10] [21:47:55:913] User clicks on the Snack Bar cross button !!
[2023-03-10] [21:47:59:150] User clicks on Order from OG Button !!
[2023-03-10] [21:47:59:434] User clicks on the new vedor item button !!
[2023-03-10] [21:47:59:932] User enters the name of vendor = US Foods_Testing
[2023-03-10] [21:48:00:111] User enters the vendorId = 002
[2023-03-10] [21:48:00:887] User enters the other details = 1
[2023-03-10] [21:48:01:014] User clicks on the Unit * dropDown
[2023-03-10] [21:48:04:167] User select the unit Type :: MG
[2023-03-10] [21:48:10:217] User clicks on the Vendor dropDown
[2023-03-10] [21:48:13:329] User select the vendor :: US Foods
[2023-03-10] [21:48:16:563] User click on the Save button
[2023-03-10] [21:48:17:986] User clicks on the Snack Bar cross button !!
[2023-03-10] [21:48:21:206] User clicks on Order from OG Button !!
[2023-03-10] [21:48:21:478] User clicks on the new vedor item button !!
[2023-03-10] [21:48:21:942] User enters the name of vendor = Sysco_Testing
[2023-03-10] [21:48:22:118] User enters the vendorId = 003
[2023-03-10] [21:48:22:627] User enters the other details = 1
[2023-03-10] [21:48:22:713] User clicks on the Unit * dropDown
[2023-03-10] [21:48:25:864] User select the unit Type :: LB
[2023-03-10] [21:48:31:931] User clicks on the Vendor dropDown
[2023-03-10] [21:48:35:072] User select the vendor :: Sysco
[2023-03-10] [21:48:38:292] User click on the Save button
[2023-03-10] [21:48:39:685] User clicks on the Snack Bar cross button !!
[2023-03-10] [21:48:42:903] User clicks on Order from OG Button !!
[2023-03-10] [21:48:43:158] User clicks on the new vedor item button !!
[2023-03-10] [21:48:43:531] User enters the name of vendor = PFG_Testing
[2023-03-10] [21:48:43:721] User enters the vendorId = 004
[2023-03-10] [21:48:44:106] User enters the other details = 1
[2023-03-10] [21:48:44:195] User clicks on the Unit * dropDown
[2023-03-10] [21:48:47:366] User select the unit Type :: KG
[2023-03-10] [21:48:53:429] User clicks on the Vendor dropDown
[2023-03-10] [21:48:56:565] User select the vendor :: PFG
[2023-03-10] [21:48:59:751] User click on the Save button
[2023-03-10] [21:49:01:133] User clicks on the Snack Bar cross button !!
[2023-03-10] [21:49:04:367] User clicks on Order from OG Button !!
[2023-03-10] [21:49:04:654] User clicks on the new vedor item button !!
[2023-03-10] [21:49:05:180] User enters the name of vendor = Europan_Testing
[2023-03-10] [21:49:05:359] User enters the vendorId = 005
[2023-03-10] [21:49:05:895] User enters the other details = 1
[2023-03-10] [21:49:05:979] User clicks on the Unit * dropDown
[2023-03-10] [21:49:09:108] User select the unit Type :: DOZ
[2023-03-10] [21:49:15:178] User clicks on the Vendor dropDown
[2023-03-10] [21:49:18:315] User select the vendor :: Europan
[2023-03-10] [21:49:21:625] User click on the Save button
[2023-03-10] [21:49:22:963] User clicks on the Snack Bar cross button !!
[2023-03-10] [21:49:26:181] User clicks on Order from OG Button !!
[2023-03-10] [21:49:26:480] User clicks on the new vedor item button !!
[2023-03-10] [21:49:27:171] User enters the name of vendor = Micro Roots_Testing
[2023-03-10] [21:49:27:457] User enters the vendorId = 006
[2023-03-10] [21:49:27:991] User enters the other details = 1
[2023-03-10] [21:49:28:084] User clicks on the Unit * dropDown
[2023-03-10] [21:49:31:212] User select the unit Type :: ML
[2023-03-10] [21:49:37:273] User clicks on the Vendor dropDown
[2023-03-10] [21:49:40:400] User select the vendor :: Micro Roots
[2023-03-10] [21:49:43:609] User click on the Save button
[2023-03-10] [21:49:45:284] User clicks on the Snack Bar cross button !!
[2023-03-10] [21:49:48:708] User clicks on Order Edge Button !!
[2023-03-10] [21:49:50:836] User clicks on the Open Manage Comparabls Button !!
[2023-03-10] [21:49:55:548] User adds comparabls !!
[2023-03-10] [21:49:57:309] User clicks on the SaveAndClose button !!
[2023-03-10] [21:50:03:163] User clicks on the cross icon
[2023-03-10] [21:50:06:381] User clicks on the Open Manage Comparabls Button !!
[2023-03-10] [21:50:11:012] User adds comparabls !!
[2023-03-10] [21:50:12:223] User clicks on the SaveAndClose button !!
[2023-03-10] [21:50:18:315] User clicks on the cross icon
[2023-03-10] [21:50:21:537] User clicks on the Open Manage Comparabls Button !!
[2023-03-10] [21:50:26:126] User adds comparabls !!
[2023-03-10] [21:50:27:409] User clicks on the SaveAndClose button !!
[2023-03-10] [21:50:33:124] User clicks on the cross icon
[2023-03-10] [21:50:36:475] User clicks on the Open Manage Comparabls Button !!
[2023-03-10] [21:50:41:157] User adds comparabls !!
[2023-03-10] [21:50:42:287] User clicks on the SaveAndClose button !!
[2023-03-10] [21:50:47:487] User clicks on the cross icon
[2023-03-10] [21:50:50:780] User clicks on the Open Manage Comparabls Button !!
[2023-03-10] [21:50:55:680] User adds comparabls !!
[2023-03-10] [21:50:56:908] User clicks on the SaveAndClose button !!
[2023-03-10] [21:51:03:171] User clicks on the cross icon
[2023-03-10] [21:51:06:481] User clicks on the Open Manage Comparabls Button !!
[2023-03-10] [21:51:11:166] User adds comparabls !!
[2023-03-10] [21:51:12:469] User clicks on the SaveAndClose button !!
[2023-03-10] [21:51:17:676] User clicks on the cross icon
[2023-03-10] [21:51:20:827] User clicks on Order Edge Button !!
[2023-03-10] [21:51:22:505] User added number of units = 1
[2023-03-10] [21:51:26:186] User clicks on the Add Cart Button !!
[2023-03-10] [21:51:28:389] User clicks on the Checkout Button !!
[2023-03-10] [21:51:29:754] User clicks on the Submit All Button !!
[2023-03-10] [21:51:32:588] User clicks on the Snack Bar cross button !!
[2023-03-10] [21:51:33:190] Connecting to gmail...
[2023-03-10] [21:51:36:305] Connected to - imaps://diningedgetest%40gmail.com@imap.gmail.com
[2023-03-10] [21:51:46:762] Connecting to gmail...
[2023-03-10] [21:51:49:930] Connected to - imaps://diningedgetest%40gmail.com@imap.gmail.com
[2023-03-10] [21:51:50:845] Subject is :-New order : Automation Testing Comapny4068 (Automation Street999)
[2023-03-10] [21:51:50:846] Connecting to gmail...
[2023-03-10] [21:51:53:208] Connected to - imaps://diningedgetest%40gmail.com@imap.gmail.com
[2023-03-10] [21:51:54:081] Subject is :-New order : Automation Testing Comapny4068 (Automation Street999)
[2023-03-10] [21:51:54:083] Connecting to gmail...
[2023-03-10] [21:51:56:285] Connected to - imaps://diningedgetest%40gmail.com@imap.gmail.com
[2023-03-10] [21:51:57:157] Subject is :-New order : Automation Testing Comapny4068 (Automation Street999)
[2023-03-10] [21:51:58:826] orderId #: 1
[2023-03-10] [21:51:58:827] Order Date : 03/10/2023
[2023-03-10] [21:51:58:829] Resturant Name : Automation Testing Comapny4068
[2023-03-10] [21:51:58:831] Total Order Amount : $1.00
[2023-03-10] [21:51:59:568] New order : Automation Testing Comapny4068 (Automation Street999) :: email deleted successfully !!
[2023-03-10] [21:51:59:570] Connecting to gmail...
[2023-03-10] [21:52:02:394] Connected to - imaps://diningedgetest%40gmail.com@imap.gmail.com
[2023-03-10] [21:52:03:266] Moved email in successfully Done!!]]>
  </system-out>
</testsuite> <!-- com.diningedge.DiningEdgeAdmin.CreateCompanyTest -->
