<?xml version="1.0" encoding="UTF-8"?>
<!-- Generated by org.testng.reporters.JUnitReportReporter -->
<testsuite hostname="Automation_Love" failures="0" tests="1" name="com.diningedge.Regression.SendOrderFromOG" time="208.321" errors="0" timestamp="2023-07-17T15:19:56 IST" skipped="0">
  <testcase classname="com.diningedge.Regression.SendOrderFromOG" name="sendOrderFromOG" time="208.321"/>
  <system-out>
    <![CDATA[[2023-07-17] [15:18:39:062] User enters Name = testauto123
[2023-07-17] [15:18:39:266] User enters Password =12345678
[2023-07-17] [15:18:39:383] User clicks on the Login Button !!!
[2023-07-17] [15:18:48:613] Assertion Passed: DiningEdge is present on the HomePage
[2023-07-17] [15:18:48:693] Assertion Passed: Dashboard is present on the HomePage
[2023-07-17] [15:18:49:531] User clicks on Order from OG Button !!
[2023-07-17] [15:18:49:826] User clicks on the Search Icon on Product List Page
[2023-07-17] [15:18:50:041] User enters the Milk Cheney To be searched
[2023-07-17] [15:18:52:655] User clicks on the Update pack pancil button !!
[2023-07-17] [15:18:52:991] USer enters the value 2 for Pack
[2023-07-17] [15:18:53:295] USer enters the value 2 for Size
[2023-07-17] [15:18:56:541] User click on the Save button
[2023-07-17] [15:18:58:753] User clicks on the Snack Bar cross button !!
[2023-07-17] [15:18:58:866] User clicks on the Update price pancil button !!
[2023-07-17] [15:18:59:222] USer enters the value 2 for Price
[2023-07-17] [15:19:02:391] User click on the Save button
[2023-07-17] [15:19:02:425] User clicks on the Update price pancil button !!
[2023-07-17] [15:19:03:601] User clicks on the Snack Bar cross button !!
[2023-07-17] [15:19:03:869] USer enters the value 2 for Milk Cheney
[2023-07-17] [15:19:06:290] User clicks on the Add Cart Button !!
[2023-07-17] [15:19:08:512] User clicks on the Checkout Button !!
[2023-07-17] [15:19:10:525] User clicks on the Submit All Button !!
[2023-07-17] [15:19:13:422] User clicks on the Snack Bar cross button !!
[2023-07-17] [15:19:14:054] Connecting to gmail...
[2023-07-17] [15:19:16:563] Connected to - imaps://diningedgetest%40gmail.com@imap.gmail.com
[2023-07-17] [15:19:36:980] Connecting to gmail...
[2023-07-17] [15:19:39:094] Connected to - imaps://diningedgetest%40gmail.com@imap.gmail.com
[2023-07-17] [15:19:39:913] Subject is :-New order : DiningEdgeAutomation (loc10)
[2023-07-17] [15:19:39:914] Connecting to gmail...
[2023-07-17] [15:19:42:060] Connected to - imaps://diningedgetest%40gmail.com@imap.gmail.com
[2023-07-17] [15:19:42:738] Subject is :-New order : DiningEdgeAutomation (loc10)
[2023-07-17] [15:19:42:741] Connecting to gmail...
[2023-07-17] [15:19:44:823] Connected to - imaps://diningedgetest%40gmail.com@imap.gmail.com
[2023-07-17] [15:19:45:635] Subject is :-New order : DiningEdgeAutomation (loc10)
[2023-07-17] [15:19:46:987] orderId #: 5
[2023-07-17] [15:19:46:989] Order Date : 07/17/2023
[2023-07-17] [15:19:46:992] Resturant Name : DiningEdgeAutomation
[2023-07-17] [15:19:46:993] Total Order Amount : $4.00
[2023-07-17] [15:19:47:487] New order : DiningEdgeAutomation (loc10) :: email deleted successfully !!
[2023-07-17] [15:19:47:490] Connecting to gmail...
[2023-07-17] [15:19:49:653] Connected to - imaps://diningedgetest%40gmail.com@imap.gmail.com
[2023-07-17] [15:19:50:351] Moved email in successfully Done!!]]>
  </system-out>
</testsuite> <!-- com.diningedge.Regression.SendOrderFromOG -->
