<?xml version="1.0" encoding="UTF-8"?>
<!-- Generated by org.testng.reporters.JUnitReportReporter -->
<testsuite hostname="Automation_Love" failures="0" tests="1" name="com.diningedge.DiningEdgeAdmin.CreateCompanyTest" time="28.051" errors="0" timestamp="2023-01-22T01:53:05 IST" skipped="0">
  <testcase classname="com.diningedge.DiningEdgeAdmin.CreateCompanyTest" name="loginInToAdminPage" time="28.051"/>
  <system-out>
    <![CDATA[[2023-01-22] [01:52:50:418] User enters Name = ocrtestonly
[2023-01-22] [01:52:50:511] User enters Password = 123456
[2023-01-22] [01:52:57:997] User clicks on the Login Button !!!
[2023-01-22] [01:52:58:835] User clicks on the Add Companies Button!!
[2023-01-22] [01:52:59:017] USer enters the Company Name = Automation Testing Company
[2023-01-22] [01:52:59:122] User select Home office and Order unengaged items allowed check boxes !!
[2023-01-22] [01:52:59:815] User clicks on save continue Button !!
[2023-01-22] [01:52:59:917] User clicks on companies Button !!
[2023-01-22] [01:53:02:596] User clicks on Locations Button !!
[2023-01-22] [01:53:04:025] User clicks on Add Locations Button !!
[2023-01-22] [01:53:04:220] USer enters the Location Name = Automation Street 123 by M
[2023-01-22] [01:53:04:602] User selects the Company = Automation Testing Company
[2023-01-22] [01:53:04:716] User select clicks on the base location checkbox !!
[2023-01-22] [01:53:05:457] User clicks on save continue Button !!]]>
  </system-out>
</testsuite> <!-- com.diningedge.DiningEdgeAdmin.CreateCompanyTest -->
