<?xml version="1.0" encoding="UTF-8"?>
<!-- Generated by org.testng.reporters.JUnitReportReporter -->
<testsuite hostname="Automation_Love" failures="0" tests="1" name="com.diningedge.Regression.SendOrderFromOG" time="217.280" errors="0" timestamp="2023-07-03T16:32:57 IST" skipped="0">
  <testcase classname="com.diningedge.Regression.SendOrderFromOG" name="sendOrderFromOG" time="217.280"/>
  <system-out>
    <![CDATA[[2023-07-03] [16:31:48:005] User enters Name = testauto123
[2023-07-03] [16:31:48:158] User enters Password =12345678
[2023-07-03] [16:31:48:246] User clicks on the Login Button !!!
[2023-07-03] [16:31:55:317] Assertion Passed: DiningEdge is present on the HomePage
[2023-07-03] [16:31:55:377] Assertion Passed: Dashboard is present on the HomePage
[2023-07-03] [16:31:55:995] User clicks on Order from OG Button !!
[2023-07-03] [16:31:56:207] User clicks on the Search Icon on Product List Page
[2023-07-03] [16:31:56:408] User enters the PFG Milk To be searched
[2023-07-03] [16:31:58:920] User clicks on the Update pack pancil button !!
[2023-07-03] [16:31:59:248] USer enters the value 2 for Pack
[2023-07-03] [16:31:59:561] USer enters the value 2 for Size
[2023-07-03] [16:32:02:835] User click on the Save button
[2023-07-03] [16:32:04:749] User clicks on the Snack Bar cross button !!
[2023-07-03] [16:32:04:837] User clicks on the Update price pancil button !!
[2023-07-03] [16:32:05:134] USer enters the value 2 for Price
[2023-07-03] [16:32:08:384] User click on the Save button
[2023-07-03] [16:32:08:421] User clicks on the Update price pancil button !!
[2023-07-03] [16:32:09:986] User clicks on the Snack Bar cross button !!
[2023-07-03] [16:32:10:189] USer enters the value 2 for PFG Milk
[2023-07-03] [16:32:12:619] User clicks on the Add Cart Button !!
[2023-07-03] [16:32:14:879] User clicks on the Checkout Button !!
[2023-07-03] [16:32:16:296] User clicks on the Submit All Button !!
[2023-07-03] [16:32:19:646] User clicks on the Snack Bar cross button !!
[2023-07-03] [16:32:20:475] Connecting to gmail...
[2023-07-03] [16:32:22:490] Connected to - imaps://diningedgetest%40gmail.com@imap.gmail.com
[2023-07-03] [16:32:42:896] Connecting to gmail...
[2023-07-03] [16:32:45:015] Connected to - imaps://diningedgetest%40gmail.com@imap.gmail.com
[2023-07-03] [16:32:45:752] Subject is :-New order : DiningEdgeAutomation (loc10)
[2023-07-03] [16:32:45:752] Connecting to gmail...
[2023-07-03] [16:32:47:997] Connected to - imaps://diningedgetest%40gmail.com@imap.gmail.com
[2023-07-03] [16:32:48:723] Subject is :-New order : DiningEdgeAutomation (loc10)
[2023-07-03] [16:32:48:726] Connecting to gmail...
[2023-07-03] [16:32:50:645] Connected to - imaps://diningedgetest%40gmail.com@imap.gmail.com
[2023-07-03] [16:32:51:311] Subject is :-New order : DiningEdgeAutomation (loc10)
[2023-07-03] [16:32:52:587] orderId #: 12
[2023-07-03] [16:32:52:587] Order Date : 07/03/2023
[2023-07-03] [16:32:52:587] Resturant Name : DiningEdgeAutomation
[2023-07-03] [16:32:52:587] Total Order Amount : $4.00
[2023-07-03] [16:32:53:125] New order : DiningEdgeAutomation (loc10) :: email deleted successfully !!
[2023-07-03] [16:32:53:125] Connecting to gmail...
[2023-07-03] [16:32:55:389] Connected to - imaps://diningedgetest%40gmail.com@imap.gmail.com
[2023-07-03] [16:32:56:086] Moved email in successfully Done!!]]>
  </system-out>
</testsuite> <!-- com.diningedge.Regression.SendOrderFromOG -->
