<?xml version="1.0" encoding="UTF-8"?>
<!-- Generated by org.testng.reporters.JUnitReportReporter -->
<testsuite hostname="Automation_Love" failures="0" tests="1" name="com.diningedge.Rest.RestTest" time="4.536" errors="0" timestamp="2023-04-09T10:48:31 IST" skipped="0">
  <testcase classname="com.diningedge.Rest.RestTest" name="validateGetResponse" time="4.536"/>
  <system-out/>
</testsuite> <!-- com.diningedge.Rest.RestTest -->
