<?xml version="1.0" encoding="UTF-8"?>
<!-- Generated by org.testng.reporters.JUnitReportReporter -->
<testsuite hostname="Automation_Love" failures="0" tests="1" name="com.diningedge.DiningEdgeAdmin.CreateCompanyTest" time="101.469" errors="0" timestamp="2023-01-22T22:28:06 IST" skipped="0">
  <testcase classname="com.diningedge.DiningEdgeAdmin.CreateCompanyTest" name="loginInToAdminPage" time="101.469"/>
  <system-out>
    <![CDATA[[2023-01-22] [22:27:10:938] User enters Name = ocrtestonly
[2023-01-22] [22:27:11:022] User enters Password = 123456
[2023-01-22] [22:27:24:668] User clicks on the Login Button !!!
[2023-01-22] [22:27:25:460] User clicks on the Add Companies Button!!
[2023-01-22] [22:27:25:643] USer enters the Company Name = Automation Testing Company
[2023-01-22] [22:27:25:752] User select Home office and Order unengaged items allowed check boxes !!
[2023-01-22] [22:27:27:058] User clicks on save continue Button !!
[2023-01-22] [22:27:27:162] User clicks on companies Button !!
[2023-01-22] [22:27:29:691] User clicks on Locations Button !!
[2023-01-22] [22:27:30:650] User clicks on Add Locations Button !!
[2023-01-22] [22:27:30:841] USer enters the Location Name = Automation Street 123 by M
[2023-01-22] [22:27:31:212] User selects the Company = Automation Testing Company
[2023-01-22] [22:27:31:324] User select clicks on the base location checkbox !!
[2023-01-22] [22:27:32:118] User clicks on save continue Button !!
[2023-01-22] [22:27:43:079] User clicks on Add Users Button !!
[2023-01-22] [22:27:43:426] User selects the Company = Automation Testing Company
[2023-01-22] [22:27:44:164] User clicks on save continue Button !!
[2023-01-22] [22:27:45:639] User clicks on the title 
[2023-01-22] [22:27:45:780] User enter the Automation Testing Company
[2023-01-22] [22:27:47:726] User clicks on the search button !!
[2023-01-22] [22:28:05:649] User clicks on the USer Icon company !!]]>
  </system-out>
</testsuite> <!-- com.diningedge.DiningEdgeAdmin.CreateCompanyTest -->
