<?xml version="1.0" encoding="UTF-8"?>
<!-- Generated by org.testng.reporters.JUnitReportReporter -->
<testsuite hostname="Automation_Love" failures="0" tests="1" name="com.diningedge.Regression.SendOGTest" time="72.467" errors="0" timestamp="2023-01-31T22:46:31 IST" skipped="0">
  <testcase classname="com.diningedge.Regression.SendOGTest" name="sendOrderGuideFromOrderEdge" time="72.467"/>
  <system-out>
    <![CDATA[[2023-01-31] [22:45:40:633] User enters Name = testauto
[2023-01-31] [22:45:40:745] User enters Password =123456
[2023-01-31] [22:45:40:812] User clicks on the Login Button !!!
[2023-01-31] [22:45:44:817] Assertion Passed: DiningEdge is present on the HomePage
[2023-01-31] [22:45:44:862] Assertion Passed: Dashboard is present on the HomePage
[2023-01-31] [22:45:45:229] User clicks on Order Edge Button !!
[2023-01-31] [22:45:45:325] User clicks on select Location dropDown !!
[2023-01-31] [22:45:45:429] User clicks on select Location loc10 from dropDown !!
[2023-01-31] [22:45:45:716] User clicks on Order Edge Button !!
[2023-01-31] [22:45:48:603] User added number of units = 1
[2023-01-31] [22:45:55:013] User clicks on the Add Cart Button !!
[2023-01-31] [22:45:57:183] User clicks on the Checkout Button !!
[2023-01-31] [22:45:59:120] User clicks on the Submit All Button !!
[2023-01-31] [22:46:02:706] User clicks on the Snack Bar cross button !!
[2023-01-31] [22:46:07:879] Connecting to gmail...
[2023-01-31] [22:46:11:551] Connected to - imaps://diningedgetest%40gmail.com@imap.gmail.com
[2023-01-31] [22:46:12:544] Subject is :-New order : test automation (loc10)
[2023-01-31] [22:46:12:551] Connecting to gmail...
[2023-01-31] [22:46:15:648] Connected to - imaps://diningedgetest%40gmail.com@imap.gmail.com
[2023-01-31] [22:46:16:608] Subject is :-New order : test automation (loc10)
[2023-01-31] [22:46:16:608] Connecting to gmail...
[2023-01-31] [22:46:19:930] Connected to - imaps://diningedgetest%40gmail.com@imap.gmail.com]]>
  </system-out>
</testsuite> <!-- com.diningedge.Regression.SendOGTest -->
